{"/Users/Trav/Projects/resume-static-aws/src/calculator/index.js": {"path":"/Users/Trav/Projects/resume-static-aws/src/calculator/index.js","statementMap":{"0":{"start":{"line":11,"column":22},"end":{"line":11,"column":75}},"1":{"start":{"line":13,"column":0},"end":{"line":36,"column":5}},"2":{"start":{"line":14,"column":2},"end":{"line":36,"column":5}},"3":{"start":{"line":15,"column":17},"end":{"line":15,"column":28}},"4":{"start":{"line":16,"column":23},"end":{"line":16,"column":39}},"5":{"start":{"line":18,"column":18},"end":{"line":18,"column":50}},"6":{"start":{"line":19,"column":21},"end":{"line":19,"column":56}},"7":{"start":{"line":20,"column":18},"end":{"line":20,"column":56}},"8":{"start":{"line":22,"column":20},"end":{"line":22,"column":56}},"9":{"start":{"line":23,"column":20},"end":{"line":23,"column":46}},"10":{"start":{"line":24,"column":20},"end":{"line":24,"column":46}},"11":{"start":{"line":25,"column":21},"end":{"line":25,"column":66}},"12":{"start":{"line":28,"column":4},"end":{"line":30,"column":58}},"13":{"start":{"line":30,"column":21},"end":{"line":30,"column":56}},"14":{"start":{"line":33,"column":4},"end":{"line":35,"column":6}},"15":{"start":{"line":34,"column":6},"end":{"line":34,"column":70}}},"fnMap":{"0":{"name":"(anonymous_0)","decl":{"start":{"line":14,"column":48},"end":{"line":14,"column":49}},"loc":{"start":{"line":14,"column":54},"end":{"line":36,"column":3}},"line":14},"1":{"name":"(anonymous_1)","decl":{"start":{"line":30,"column":15},"end":{"line":30,"column":16}},"loc":{"start":{"line":30,"column":21},"end":{"line":30,"column":56}},"line":30},"2":{"name":"(anonymous_2)","decl":{"start":{"line":33,"column":26},"end":{"line":33,"column":27}},"loc":{"start":{"line":34,"column":6},"end":{"line":34,"column":70}},"line":34}},"branchMap":{"0":{"loc":{"start":{"line":13,"column":0},"end":{"line":36,"column":5}},"type":"if","locations":[{"start":{"line":13,"column":0},"end":{"line":36,"column":5}},{"start":{"line":13,"column":0},"end":{"line":36,"column":5}}],"line":13}},"s":{"0":1,"1":1,"2":1,"3":2,"4":2,"5":2,"6":2,"7":2,"8":2,"9":2,"10":2,"11":2,"12":2,"13":58,"14":2,"15":6},"f":{"0":2,"1":58,"2":6},"b":{"0":[1,0]},"_coverageSchema":"332fd63041d2c1bcb487cc26dd0d5f7d97098a6c","hash":"2cd2ad8bbf8cb068ad9dfe62af8a466bba368c88"}
,"/Users/Trav/Projects/resume-static-aws/src/calculator/index.pug": {"path":"/Users/Trav/Projects/resume-static-aws/src/calculator/index.pug","statementMap":{"0":{"start":{"line":1,"column":0},"end":{"line":1,"column":4022}}},"fnMap":{},"branchMap":{},"s":{"0":1},"f":{},"b":{},"_coverageSchema":"332fd63041d2c1bcb487cc26dd0d5f7d97098a6c","hash":"8d3720c7399090b9a716f568ddb9698c9fb843b8"}
,"/Users/Trav/Projects/resume-static-aws/src/calculator/Handlers/ButtonHandlers.js": {"path":"/Users/Trav/Projects/resume-static-aws/src/calculator/Handlers/ButtonHandlers.js","statementMap":{"0":{"start":{"line":4,"column":23},"end":{"line":6,"column":59}},"1":{"start":{"line":4,"column":72},"end":{"line":6,"column":59}},"2":{"start":{"line":6,"column":5},"end":{"line":6,"column":59}},"3":{"start":{"line":8,"column":28},"end":{"line":9,"column":46}},"4":{"start":{"line":8,"column":54},"end":{"line":9,"column":46}},"5":{"start":{"line":9,"column":2},"end":{"line":9,"column":46}},"6":{"start":{"line":11,"column":21},"end":{"line":16,"column":1}},"7":{"start":{"line":11,"column":65},"end":{"line":16,"column":1}},"8":{"start":{"line":14,"column":2},"end":{"line":14,"column":44}},"9":{"start":{"line":15,"column":2},"end":{"line":15,"column":30}},"10":{"start":{"line":18,"column":24},"end":{"line":54,"column":1}},"11":{"start":{"line":22,"column":5},"end":{"line":54,"column":1}},"12":{"start":{"line":23,"column":18},"end":{"line":23,"column":35}},"13":{"start":{"line":25,"column":2},"end":{"line":53,"column":3}},"14":{"start":{"line":27,"column":6},"end":{"line":32,"column":7}},"15":{"start":{"line":28,"column":8},"end":{"line":28,"column":38}},"16":{"start":{"line":30,"column":8},"end":{"line":30,"column":30}},"17":{"start":{"line":31,"column":8},"end":{"line":31,"column":32}},"18":{"start":{"line":34,"column":6},"end":{"line":34,"column":12}},"19":{"start":{"line":37,"column":6},"end":{"line":37,"column":25}},"20":{"start":{"line":38,"column":6},"end":{"line":38,"column":16}},"21":{"start":{"line":40,"column":6},"end":{"line":40,"column":12}},"22":{"start":{"line":43,"column":6},"end":{"line":43,"column":26}},"23":{"start":{"line":44,"column":6},"end":{"line":44,"column":16}},"24":{"start":{"line":46,"column":6},"end":{"line":46,"column":12}},"25":{"start":{"line":49,"column":6},"end":{"line":49,"column":29}},"26":{"start":{"line":50,"column":6},"end":{"line":50,"column":16}},"27":{"start":{"line":52,"column":6},"end":{"line":52,"column":12}}},"fnMap":{"0":{"name":"(anonymous_0)","decl":{"start":{"line":4,"column":23},"end":{"line":4,"column":24}},"loc":{"start":{"line":4,"column":72},"end":{"line":6,"column":59}},"line":4},"1":{"name":"(anonymous_1)","decl":{"start":{"line":4,"column":72},"end":{"line":4,"column":73}},"loc":{"start":{"line":6,"column":5},"end":{"line":6,"column":59}},"line":6},"2":{"name":"(anonymous_2)","decl":{"start":{"line":8,"column":28},"end":{"line":8,"column":29}},"loc":{"start":{"line":8,"column":54},"end":{"line":9,"column":46}},"line":8},"3":{"name":"(anonymous_3)","decl":{"start":{"line":8,"column":54},"end":{"line":8,"column":55}},"loc":{"start":{"line":9,"column":2},"end":{"line":9,"column":46}},"line":9},"4":{"name":"(anonymous_4)","decl":{"start":{"line":11,"column":21},"end":{"line":11,"column":22}},"loc":{"start":{"line":11,"column":65},"end":{"line":16,"column":1}},"line":11},"5":{"name":"(anonymous_5)","decl":{"start":{"line":11,"column":65},"end":{"line":11,"column":66}},"loc":{"start":{"line":13,"column":5},"end":{"line":16,"column":1}},"line":13},"6":{"name":"(anonymous_6)","decl":{"start":{"line":18,"column":24},"end":{"line":18,"column":25}},"loc":{"start":{"line":22,"column":5},"end":{"line":54,"column":1}},"line":22},"7":{"name":"(anonymous_7)","decl":{"start":{"line":22,"column":5},"end":{"line":22,"column":6}},"loc":{"start":{"line":22,"column":26},"end":{"line":54,"column":1}},"line":22}},"branchMap":{"0":{"loc":{"start":{"line":6,"column":26},"end":{"line":6,"column":59}},"type":"binary-expr","locations":[{"start":{"line":6,"column":26},"end":{"line":6,"column":29}},{"start":{"line":6,"column":33},"end":{"line":6,"column":59}}],"line":6},"1":{"loc":{"start":{"line":25,"column":2},"end":{"line":53,"column":3}},"type":"switch","locations":[{"start":{"line":26,"column":4},"end":{"line":34,"column":12}},{"start":{"line":36,"column":4},"end":{"line":40,"column":12}},{"start":{"line":42,"column":4},"end":{"line":46,"column":12}},{"start":{"line":48,"column":4},"end":{"line":52,"column":12}}],"line":25}},"s":{"0":1,"1":2,"2":2,"3":1,"4":1,"5":1,"6":1,"7":1,"8":1,"9":1,"10":1,"11":11,"12":14,"13":14,"14":2,"15":2,"16":1,"17":1,"18":2,"19":1,"20":1,"21":1,"22":1,"23":1,"24":1,"25":10,"26":10,"27":10},"f":{"0":2,"1":2,"2":1,"3":1,"4":1,"5":1,"6":11,"7":14},"b":{"0":[2,1],"1":[2,1,1,10]},"_coverageSchema":"332fd63041d2c1bcb487cc26dd0d5f7d97098a6c","hash":"1ead35a0d8abd98e6876ed90901c2573f64f433e"}
,"/Users/Trav/Projects/resume-static-aws/src/calculator/Handlers/index.js": {"path":"/Users/Trav/Projects/resume-static-aws/src/calculator/Handlers/index.js","statementMap":{},"fnMap":{},"branchMap":{},"s":{},"f":{},"b":{},"_coverageSchema":"332fd63041d2c1bcb487cc26dd0d5f7d97098a6c","hash":"ec3d0e9d117cedaf100ddb99a04964b1fa5c0bd5"}
,"/Users/Trav/Projects/resume-static-aws/src/calculator/Models/Calculator.js": {"path":"/Users/Trav/Projects/resume-static-aws/src/calculator/Models/Calculator.js","statementMap":{"0":{"start":{"line":6,"column":18},"end":{"line":6,"column":52}},"1":{"start":{"line":7,"column":18},"end":{"line":7,"column":58}},"2":{"start":{"line":13,"column":4},"end":{"line":13,"column":25}},"3":{"start":{"line":17,"column":4},"end":{"line":17,"column":37}},"4":{"start":{"line":21,"column":16},"end":{"line":21,"column":42}},"5":{"start":{"line":22,"column":17},"end":{"line":22,"column":37}},"6":{"start":{"line":25,"column":4},"end":{"line":25,"column":61}},"7":{"start":{"line":25,"column":38},"end":{"line":25,"column":61}},"8":{"start":{"line":29,"column":4},"end":{"line":35,"column":5}},"9":{"start":{"line":30,"column":6},"end":{"line":30,"column":47}},"10":{"start":{"line":31,"column":11},"end":{"line":35,"column":5}},"11":{"start":{"line":34,"column":6},"end":{"line":34,"column":53}},"12":{"start":{"line":39,"column":4},"end":{"line":39,"column":25}},"13":{"start":{"line":43,"column":19},"end":{"line":43,"column":62}},"14":{"start":{"line":44,"column":19},"end":{"line":44,"column":70}},"15":{"start":{"line":45,"column":4},"end":{"line":45,"column":31}},"16":{"start":{"line":50,"column":17},"end":{"line":50,"column":60}},"17":{"start":{"line":54,"column":4},"end":{"line":88,"column":5}},"18":{"start":{"line":55,"column":6},"end":{"line":61,"column":7}},"19":{"start":{"line":56,"column":8},"end":{"line":56,"column":71}},"20":{"start":{"line":60,"column":8},"end":{"line":60,"column":35}},"21":{"start":{"line":63,"column":6},"end":{"line":87,"column":7}},"22":{"start":{"line":65,"column":10},"end":{"line":69,"column":11}},"23":{"start":{"line":66,"column":12},"end":{"line":66,"column":69}},"24":{"start":{"line":68,"column":12},"end":{"line":68,"column":38}},"25":{"start":{"line":71,"column":10},"end":{"line":71,"column":16}},"26":{"start":{"line":74,"column":10},"end":{"line":74,"column":40}},"27":{"start":{"line":75,"column":10},"end":{"line":75,"column":16}},"28":{"start":{"line":78,"column":10},"end":{"line":84,"column":11}},"29":{"start":{"line":79,"column":12},"end":{"line":79,"column":50}},"30":{"start":{"line":80,"column":17},"end":{"line":84,"column":11}},"31":{"start":{"line":81,"column":12},"end":{"line":81,"column":39}},"32":{"start":{"line":83,"column":12},"end":{"line":83,"column":75}},"33":{"start":{"line":86,"column":10},"end":{"line":86,"column":16}}},"fnMap":{"0":{"name":"(anonymous_0)","decl":{"start":{"line":12,"column":2},"end":{"line":12,"column":3}},"loc":{"start":{"line":12,"column":16},"end":{"line":14,"column":3}},"line":12},"1":{"name":"(anonymous_1)","decl":{"start":{"line":16,"column":2},"end":{"line":16,"column":3}},"loc":{"start":{"line":16,"column":26},"end":{"line":18,"column":3}},"line":16},"2":{"name":"(anonymous_2)","decl":{"start":{"line":20,"column":2},"end":{"line":20,"column":3}},"loc":{"start":{"line":20,"column":16},"end":{"line":36,"column":3}},"line":20},"3":{"name":"(anonymous_3)","decl":{"start":{"line":38,"column":2},"end":{"line":38,"column":3}},"loc":{"start":{"line":38,"column":17},"end":{"line":40,"column":3}},"line":38},"4":{"name":"(anonymous_4)","decl":{"start":{"line":42,"column":2},"end":{"line":42,"column":3}},"loc":{"start":{"line":42,"column":18},"end":{"line":46,"column":3}},"line":42},"5":{"name":"(anonymous_5)","decl":{"start":{"line":49,"column":2},"end":{"line":49,"column":3}},"loc":{"start":{"line":49,"column":29},"end":{"line":89,"column":3}},"line":49}},"branchMap":{"0":{"loc":{"start":{"line":25,"column":4},"end":{"line":25,"column":61}},"type":"if","locations":[{"start":{"line":25,"column":4},"end":{"line":25,"column":61}},{"start":{"line":25,"column":4},"end":{"line":25,"column":61}}],"line":25},"1":{"loc":{"start":{"line":29,"column":4},"end":{"line":35,"column":5}},"type":"if","locations":[{"start":{"line":29,"column":4},"end":{"line":35,"column":5}},{"start":{"line":29,"column":4},"end":{"line":35,"column":5}}],"line":29},"2":{"loc":{"start":{"line":29,"column":8},"end":{"line":29,"column":31}},"type":"binary-expr","locations":[{"start":{"line":29,"column":8},"end":{"line":29,"column":12}},{"start":{"line":29,"column":16},"end":{"line":29,"column":31}}],"line":29},"3":{"loc":{"start":{"line":31,"column":11},"end":{"line":35,"column":5}},"type":"if","locations":[{"start":{"line":31,"column":11},"end":{"line":35,"column":5}},{"start":{"line":31,"column":11},"end":{"line":35,"column":5}}],"line":31},"4":{"loc":{"start":{"line":31,"column":15},"end":{"line":31,"column":60}},"type":"binary-expr","locations":[{"start":{"line":31,"column":15},"end":{"line":31,"column":30}},{"start":{"line":31,"column":34},"end":{"line":31,"column":60}}],"line":31},"5":{"loc":{"start":{"line":54,"column":4},"end":{"line":88,"column":5}},"type":"if","locations":[{"start":{"line":54,"column":4},"end":{"line":88,"column":5}},{"start":{"line":54,"column":4},"end":{"line":88,"column":5}}],"line":54},"6":{"loc":{"start":{"line":54,"column":8},"end":{"line":54,"column":40}},"type":"binary-expr","locations":[{"start":{"line":54,"column":8},"end":{"line":54,"column":24}},{"start":{"line":54,"column":28},"end":{"line":54,"column":40}}],"line":54},"7":{"loc":{"start":{"line":55,"column":6},"end":{"line":61,"column":7}},"type":"if","locations":[{"start":{"line":55,"column":6},"end":{"line":61,"column":7}},{"start":{"line":55,"column":6},"end":{"line":61,"column":7}}],"line":55},"8":{"loc":{"start":{"line":55,"column":10},"end":{"line":55,"column":52}},"type":"binary-expr","locations":[{"start":{"line":55,"column":10},"end":{"line":55,"column":14}},{"start":{"line":55,"column":19},"end":{"line":55,"column":31}},{"start":{"line":55,"column":35},"end":{"line":55,"column":51}}],"line":55},"9":{"loc":{"start":{"line":63,"column":6},"end":{"line":87,"column":7}},"type":"switch","locations":[{"start":{"line":64,"column":8},"end":{"line":71,"column":16}},{"start":{"line":73,"column":8},"end":{"line":75,"column":16}},{"start":{"line":77,"column":8},"end":{"line":86,"column":16}}],"line":63},"10":{"loc":{"start":{"line":65,"column":10},"end":{"line":69,"column":11}},"type":"if","locations":[{"start":{"line":65,"column":10},"end":{"line":69,"column":11}},{"start":{"line":65,"column":10},"end":{"line":69,"column":11}}],"line":65},"11":{"loc":{"start":{"line":78,"column":10},"end":{"line":84,"column":11}},"type":"if","locations":[{"start":{"line":78,"column":10},"end":{"line":84,"column":11}},{"start":{"line":78,"column":10},"end":{"line":84,"column":11}}],"line":78},"12":{"loc":{"start":{"line":80,"column":17},"end":{"line":84,"column":11}},"type":"if","locations":[{"start":{"line":80,"column":17},"end":{"line":84,"column":11}},{"start":{"line":80,"column":17},"end":{"line":84,"column":11}}],"line":80},"13":{"loc":{"start":{"line":80,"column":21},"end":{"line":80,"column":49}},"type":"binary-expr","locations":[{"start":{"line":80,"column":21},"end":{"line":80,"column":33}},{"start":{"line":80,"column":37},"end":{"line":80,"column":49}}],"line":80},"14":{"loc":{"start":{"line":83,"column":33},"end":{"line":83,"column":73}},"type":"cond-expr","locations":[{"start":{"line":83,"column":56},"end":{"line":83,"column":66}},{"start":{"line":83,"column":69},"end":{"line":83,"column":73}}],"line":83}},"s":{"0":2,"1":2,"2":24,"3":17,"4":5,"5":5,"6":5,"7":3,"8":5,"9":3,"10":2,"11":1,"12":1,"13":10,"14":10,"15":10,"16":64,"17":64,"18":34,"19":7,"20":27,"21":30,"22":4,"23":3,"24":1,"25":4,"26":1,"27":1,"28":25,"29":3,"30":22,"31":6,"32":16,"33":25},"f":{"0":24,"1":17,"2":5,"3":1,"4":10,"5":64},"b":{"0":[3,2],"1":[3,2],"2":[5,5],"3":[1,1],"4":[2,2],"5":[34,30],"6":[64,32],"7":[7,27],"8":[34,21,20],"9":[4,1,25],"10":[3,1],"11":[3,22],"12":[6,16],"13":[22,21],"14":[4,12]},"_coverageSchema":"332fd63041d2c1bcb487cc26dd0d5f7d97098a6c","hash":"7336924d78d1fc183a3534f92fc665e93a716e22"}
,"/Users/Trav/Projects/resume-static-aws/src/calculator/Models/constants.js": {"path":"/Users/Trav/Projects/resume-static-aws/src/calculator/Models/constants.js","statementMap":{"0":{"start":{"line":1,"column":15},"end":{"line":31,"column":1}}},"fnMap":{},"branchMap":{},"s":{"0":2},"f":{},"b":{},"_coverageSchema":"332fd63041d2c1bcb487cc26dd0d5f7d97098a6c","hash":"a965c93692ea82c8f0cb0cf5dde5a8f7d103e747"}
,"/Users/Trav/Projects/resume-static-aws/src/calculator/Models/index.js": {"path":"/Users/Trav/Projects/resume-static-aws/src/calculator/Models/index.js","statementMap":{},"fnMap":{},"branchMap":{},"s":{},"f":{},"b":{},"_coverageSchema":"332fd63041d2c1bcb487cc26dd0d5f7d97098a6c","hash":"6aba515374b25550074a45790527c5d7f2eefb01"}
,"/Users/Trav/Projects/resume-static-aws/src/common/js/constants.js": {"path":"/Users/Trav/Projects/resume-static-aws/src/common/js/constants.js","statementMap":{"0":{"start":{"line":3,"column":13},"end":{"line":11,"column":1}},"1":{"start":{"line":13,"column":14},"end":{"line":26,"column":1}}},"fnMap":{},"branchMap":{},"s":{"0":19,"1":19},"f":{},"b":{},"_coverageSchema":"332fd63041d2c1bcb487cc26dd0d5f7d97098a6c","hash":"4d46a37873944f231681afae577fa92c8273accd"}
,"/Users/Trav/Projects/resume-static-aws/src/common/js/handlers.js": {"path":"/Users/Trav/Projects/resume-static-aws/src/common/js/handlers.js","statementMap":{"0":{"start":{"line":3,"column":23},"end":{"line":10,"column":1}},"1":{"start":{"line":4,"column":17},"end":{"line":4,"column":56}},"2":{"start":{"line":5,"column":17},"end":{"line":5,"column":52}},"3":{"start":{"line":7,"column":2},"end":{"line":9,"column":5}},"4":{"start":{"line":8,"column":4},"end":{"line":8,"column":39}}},"fnMap":{"0":{"name":"(anonymous_0)","decl":{"start":{"line":3,"column":23},"end":{"line":3,"column":24}},"loc":{"start":{"line":3,"column":29},"end":{"line":10,"column":1}},"line":3},"1":{"name":"(anonymous_1)","decl":{"start":{"line":7,"column":39},"end":{"line":7,"column":40}},"loc":{"start":{"line":7,"column":45},"end":{"line":9,"column":3}},"line":7}},"branchMap":{},"s":{"0":2,"1":1,"2":1,"3":1,"4":1},"f":{"0":1,"1":1},"b":{},"_coverageSchema":"332fd63041d2c1bcb487cc26dd0d5f7d97098a6c","hash":"b9dd3abf8cc2f80695cf5c31c4275644bb367a20"}
,"/Users/Trav/Projects/resume-static-aws/src/common/js/utils.js": {"path":"/Users/Trav/Projects/resume-static-aws/src/common/js/utils.js","statementMap":{"0":{"start":{"line":5,"column":23},"end":{"line":5,"column":25}},"1":{"start":{"line":6,"column":24},"end":{"line":6,"column":28}},"2":{"start":{"line":7,"column":24},"end":{"line":7,"column":28}},"3":{"start":{"line":9,"column":26},"end":{"line":10,"column":40}},"4":{"start":{"line":10,"column":2},"end":{"line":10,"column":40}},"5":{"start":{"line":12,"column":27},"end":{"line":13,"column":40}},"6":{"start":{"line":13,"column":2},"end":{"line":13,"column":40}},"7":{"start":{"line":15,"column":29},"end":{"line":16,"column":49}},"8":{"start":{"line":16,"column":3},"end":{"line":16,"column":48}},"9":{"start":{"line":18,"column":35},"end":{"line":19,"column":55}},"10":{"start":{"line":19,"column":2},"end":{"line":19,"column":55}},"11":{"start":{"line":21,"column":13},"end":{"line":21,"column":59}},"12":{"start":{"line":21,"column":30},"end":{"line":21,"column":59}},"13":{"start":{"line":22,"column":13},"end":{"line":22,"column":71}},"14":{"start":{"line":22,"column":32},"end":{"line":22,"column":71}},"15":{"start":{"line":23,"column":18},"end":{"line":23,"column":75}},"16":{"start":{"line":23,"column":25},"end":{"line":23,"column":74}},"17":{"start":{"line":25,"column":23},"end":{"line":29,"column":1}},"18":{"start":{"line":26,"column":2},"end":{"line":28,"column":3}},"19":{"start":{"line":27,"column":4},"end":{"line":27,"column":33}},"20":{"start":{"line":32,"column":16},"end":{"line":37,"column":1}},"21":{"start":{"line":33,"column":2},"end":{"line":35,"column":3}},"22":{"start":{"line":34,"column":4},"end":{"line":34,"column":20}},"23":{"start":{"line":36,"column":2},"end":{"line":36,"column":13}},"24":{"start":{"line":39,"column":24},"end":{"line":45,"column":1}},"25":{"start":{"line":40,"column":15},"end":{"line":40,"column":36}},"26":{"start":{"line":41,"column":18},"end":{"line":41,"column":58}},"27":{"start":{"line":42,"column":18},"end":{"line":42,"column":58}},"28":{"start":{"line":43,"column":23},"end":{"line":43,"column":68}},"29":{"start":{"line":44,"column":2},"end":{"line":44,"column":49}},"30":{"start":{"line":47,"column":18},"end":{"line":55,"column":1}},"31":{"start":{"line":48,"column":20},"end":{"line":48,"column":45}},"32":{"start":{"line":49,"column":14},"end":{"line":49,"column":56}},"33":{"start":{"line":49,"column":32},"end":{"line":49,"column":56}},"34":{"start":{"line":50,"column":16},"end":{"line":50,"column":66}},"35":{"start":{"line":50,"column":34},"end":{"line":50,"column":66}},"36":{"start":{"line":52,"column":2},"end":{"line":54,"column":72}},"37":{"start":{"line":54,"column":35},"end":{"line":54,"column":58}},"38":{"start":{"line":61,"column":4},"end":{"line":61,"column":19}},"39":{"start":{"line":62,"column":4},"end":{"line":62,"column":29}},"40":{"start":{"line":66,"column":21},"end":{"line":69,"column":67}},"41":{"start":{"line":67,"column":3},"end":{"line":69,"column":66}},"42":{"start":{"line":71,"column":19},"end":{"line":74,"column":35}},"43":{"start":{"line":72,"column":2},"end":{"line":74,"column":35}},"44":{"start":{"line":76,"column":21},"end":{"line":80,"column":1}},"45":{"start":{"line":77,"column":2},"end":{"line":78,"column":54}},"46":{"start":{"line":78,"column":4},"end":{"line":78,"column":54}},"47":{"start":{"line":79,"column":2},"end":{"line":79,"column":25}},"48":{"start":{"line":82,"column":20},"end":{"line":99,"column":4}},"49":{"start":{"line":83,"column":2},"end":{"line":99,"column":4}},"50":{"start":{"line":84,"column":15},"end":{"line":87,"column":10}},"51":{"start":{"line":85,"column":6},"end":{"line":85,"column":23}},"52":{"start":{"line":86,"column":6},"end":{"line":86,"column":35}},"53":{"start":{"line":89,"column":4},"end":{"line":98,"column":6}},"54":{"start":{"line":91,"column":8},"end":{"line":91,"column":25}},"55":{"start":{"line":92,"column":8},"end":{"line":92,"column":26}},"56":{"start":{"line":95,"column":8},"end":{"line":95,"column":25}},"57":{"start":{"line":96,"column":8},"end":{"line":96,"column":22}}},"fnMap":{"0":{"name":"(anonymous_0)","decl":{"start":{"line":9,"column":26},"end":{"line":9,"column":27}},"loc":{"start":{"line":10,"column":2},"end":{"line":10,"column":40}},"line":10},"1":{"name":"(anonymous_1)","decl":{"start":{"line":12,"column":27},"end":{"line":12,"column":28}},"loc":{"start":{"line":13,"column":2},"end":{"line":13,"column":40}},"line":13},"2":{"name":"(anonymous_2)","decl":{"start":{"line":15,"column":29},"end":{"line":15,"column":30}},"loc":{"start":{"line":16,"column":3},"end":{"line":16,"column":48}},"line":16},"3":{"name":"(anonymous_3)","decl":{"start":{"line":18,"column":35},"end":{"line":18,"column":36}},"loc":{"start":{"line":19,"column":2},"end":{"line":19,"column":55}},"line":19},"4":{"name":"(anonymous_4)","decl":{"start":{"line":21,"column":13},"end":{"line":21,"column":14}},"loc":{"start":{"line":21,"column":30},"end":{"line":21,"column":59}},"line":21},"5":{"name":"(anonymous_5)","decl":{"start":{"line":22,"column":13},"end":{"line":22,"column":14}},"loc":{"start":{"line":22,"column":32},"end":{"line":22,"column":71}},"line":22},"6":{"name":"(anonymous_6)","decl":{"start":{"line":23,"column":18},"end":{"line":23,"column":19}},"loc":{"start":{"line":23,"column":25},"end":{"line":23,"column":74}},"line":23},"7":{"name":"(anonymous_7)","decl":{"start":{"line":25,"column":23},"end":{"line":25,"column":24}},"loc":{"start":{"line":25,"column":44},"end":{"line":29,"column":1}},"line":25},"8":{"name":"(anonymous_8)","decl":{"start":{"line":32,"column":16},"end":{"line":32,"column":17}},"loc":{"start":{"line":32,"column":50},"end":{"line":37,"column":1}},"line":32},"9":{"name":"(anonymous_9)","decl":{"start":{"line":39,"column":24},"end":{"line":39,"column":25}},"loc":{"start":{"line":39,"column":49},"end":{"line":45,"column":1}},"line":39},"10":{"name":"(anonymous_10)","decl":{"start":{"line":47,"column":18},"end":{"line":47,"column":19}},"loc":{"start":{"line":47,"column":52},"end":{"line":55,"column":1}},"line":47},"11":{"name":"(anonymous_11)","decl":{"start":{"line":49,"column":14},"end":{"line":49,"column":15}},"loc":{"start":{"line":49,"column":32},"end":{"line":49,"column":56}},"line":49},"12":{"name":"(anonymous_12)","decl":{"start":{"line":50,"column":16},"end":{"line":50,"column":17}},"loc":{"start":{"line":50,"column":34},"end":{"line":50,"column":66}},"line":50},"13":{"name":"(anonymous_13)","decl":{"start":{"line":54,"column":30},"end":{"line":54,"column":31}},"loc":{"start":{"line":54,"column":35},"end":{"line":54,"column":58}},"line":54},"14":{"name":"(anonymous_14)","decl":{"start":{"line":60,"column":2},"end":{"line":60,"column":3}},"loc":{"start":{"line":60,"column":51},"end":{"line":63,"column":3}},"line":60},"15":{"name":"(anonymous_15)","decl":{"start":{"line":66,"column":21},"end":{"line":66,"column":22}},"loc":{"start":{"line":67,"column":3},"end":{"line":69,"column":66}},"line":67},"16":{"name":"(anonymous_16)","decl":{"start":{"line":71,"column":19},"end":{"line":71,"column":20}},"loc":{"start":{"line":72,"column":2},"end":{"line":74,"column":35}},"line":72},"17":{"name":"(anonymous_17)","decl":{"start":{"line":76,"column":21},"end":{"line":76,"column":22}},"loc":{"start":{"line":76,"column":45},"end":{"line":80,"column":1}},"line":76},"18":{"name":"(anonymous_18)","decl":{"start":{"line":82,"column":20},"end":{"line":82,"column":21}},"loc":{"start":{"line":83,"column":2},"end":{"line":99,"column":4}},"line":83},"19":{"name":"(anonymous_19)","decl":{"start":{"line":83,"column":14},"end":{"line":83,"column":15}},"loc":{"start":{"line":83,"column":35},"end":{"line":99,"column":3}},"line":83},"20":{"name":"(anonymous_20)","decl":{"start":{"line":84,"column":26},"end":{"line":84,"column":27}},"loc":{"start":{"line":84,"column":32},"end":{"line":87,"column":5}},"line":84},"21":{"name":"(anonymous_21)","decl":{"start":{"line":90,"column":6},"end":{"line":90,"column":7}},"loc":{"start":{"line":90,"column":18},"end":{"line":93,"column":7}},"line":90},"22":{"name":"(anonymous_22)","decl":{"start":{"line":94,"column":6},"end":{"line":94,"column":7}},"loc":{"start":{"line":94,"column":15},"end":{"line":97,"column":7}},"line":94}},"branchMap":{"0":{"loc":{"start":{"line":16,"column":3},"end":{"line":16,"column":48}},"type":"cond-expr","locations":[{"start":{"line":16,"column":13},"end":{"line":16,"column":44}},{"start":{"line":16,"column":47},"end":{"line":16,"column":48}}],"line":16},"1":{"loc":{"start":{"line":16,"column":13},"end":{"line":16,"column":44}},"type":"cond-expr","locations":[{"start":{"line":16,"column":39},"end":{"line":16,"column":40}},{"start":{"line":16,"column":43},"end":{"line":16,"column":44}}],"line":16},"2":{"loc":{"start":{"line":16,"column":14},"end":{"line":16,"column":31}},"type":"binary-expr","locations":[{"start":{"line":16,"column":15},"end":{"line":16,"column":21}},{"start":{"line":16,"column":26},"end":{"line":16,"column":31}}],"line":16},"3":{"loc":{"start":{"line":23,"column":25},"end":{"line":23,"column":74}},"type":"cond-expr","locations":[{"start":{"line":23,"column":52},"end":{"line":23,"column":64}},{"start":{"line":23,"column":67},"end":{"line":23,"column":74}}],"line":23},"4":{"loc":{"start":{"line":48,"column":32},"end":{"line":48,"column":44}},"type":"binary-expr","locations":[{"start":{"line":48,"column":32},"end":{"line":48,"column":38}},{"start":{"line":48,"column":42},"end":{"line":48,"column":44}}],"line":48},"5":{"loc":{"start":{"line":52,"column":9},"end":{"line":54,"column":71}},"type":"cond-expr","locations":[{"start":{"line":53,"column":6},"end":{"line":53,"column":9}},{"start":{"line":54,"column":6},"end":{"line":54,"column":71}}],"line":52},"6":{"loc":{"start":{"line":67,"column":3},"end":{"line":69,"column":66}},"type":"cond-expr","locations":[{"start":{"line":68,"column":6},"end":{"line":68,"column":16}},{"start":{"line":69,"column":6},"end":{"line":69,"column":66}}],"line":67},"7":{"loc":{"start":{"line":69,"column":6},"end":{"line":69,"column":66}},"type":"cond-expr","locations":[{"start":{"line":69,"column":18},"end":{"line":69,"column":28}},{"start":{"line":69,"column":31},"end":{"line":69,"column":66}}],"line":69},"8":{"loc":{"start":{"line":69,"column":31},"end":{"line":69,"column":66}},"type":"cond-expr","locations":[{"start":{"line":69,"column":43},"end":{"line":69,"column":53}},{"start":{"line":69,"column":56},"end":{"line":69,"column":66}}],"line":69},"9":{"loc":{"start":{"line":77,"column":2},"end":{"line":78,"column":54}},"type":"if","locations":[{"start":{"line":77,"column":2},"end":{"line":78,"column":54}},{"start":{"line":77,"column":2},"end":{"line":78,"column":54}}],"line":77},"10":{"loc":{"start":{"line":82,"column":44},"end":{"line":82,"column":72}},"type":"default-arg","locations":[{"start":{"line":82,"column":57},"end":{"line":82,"column":72}}],"line":82}},"s":{"0":19,"1":19,"2":19,"3":19,"4":47,"5":19,"6":10,"7":19,"8":44,"9":19,"10":41,"11":19,"12":5,"13":19,"14":2,"15":19,"16":56,"17":19,"18":6,"19":3,"20":19,"21":36103,"22":15391,"23":36103,"24":19,"25":12034,"26":12034,"27":12034,"28":12034,"29":12034,"30":19,"31":8,"32":8,"33":41,"34":8,"35":41,"36":8,"37":41,"38":6,"39":6,"40":19,"41":45,"42":19,"43":41,"44":19,"45":10,"46":5,"47":5,"48":19,"49":20,"50":20,"51":1,"52":1,"53":20,"54":17,"55":17,"56":2,"57":2},"f":{"0":47,"1":10,"2":44,"3":41,"4":5,"5":2,"6":56,"7":6,"8":36103,"9":12034,"10":8,"11":41,"12":41,"13":41,"14":6,"15":45,"16":41,"17":10,"18":20,"19":20,"20":1,"21":17,"22":2},"b":{"0":[3,41],"1":[2,1],"2":[3,3],"3":[1,55],"4":[8,1],"5":[1,7],"6":[1,44],"7":[1,43],"8":[1,42],"9":[5,5],"10":[0]},"_coverageSchema":"332fd63041d2c1bcb487cc26dd0d5f7d97098a6c","hash":"80958b09f3281b100b16250f2d5bd0fc3619b126"}
,"/Users/Trav/Projects/resume-static-aws/src/localweather/index.js": {"path":"/Users/Trav/Projects/resume-static-aws/src/localweather/index.js","statementMap":{"0":{"start":{"line":5,"column":0},"end":{"line":24,"column":1}},"1":{"start":{"line":6,"column":2},"end":{"line":23,"column":5}},"2":{"start":{"line":7,"column":17},"end":{"line":7,"column":28}},"3":{"start":{"line":9,"column":18},"end":{"line":9,"column":49}},"4":{"start":{"line":10,"column":18},"end":{"line":10,"column":49}},"5":{"start":{"line":11,"column":17},"end":{"line":11,"column":51}},"6":{"start":{"line":12,"column":20},"end":{"line":12,"column":54}},"7":{"start":{"line":13,"column":16},"end":{"line":13,"column":48}},"8":{"start":{"line":16,"column":4},"end":{"line":18,"column":7}},"9":{"start":{"line":17,"column":6},"end":{"line":17,"column":74}},"10":{"start":{"line":21,"column":20},"end":{"line":21,"column":77}},"11":{"start":{"line":22,"column":4},"end":{"line":22,"column":73}}},"fnMap":{"0":{"name":"(anonymous_0)","decl":{"start":{"line":6,"column":48},"end":{"line":6,"column":49}},"loc":{"start":{"line":6,"column":54},"end":{"line":23,"column":3}},"line":6},"1":{"name":"(anonymous_1)","decl":{"start":{"line":16,"column":47},"end":{"line":16,"column":48}},"loc":{"start":{"line":16,"column":55},"end":{"line":18,"column":5}},"line":16}},"branchMap":{"0":{"loc":{"start":{"line":5,"column":0},"end":{"line":24,"column":1}},"type":"if","locations":[{"start":{"line":5,"column":0},"end":{"line":24,"column":1}},{"start":{"line":5,"column":0},"end":{"line":24,"column":1}}],"line":5}},"s":{"0":2,"1":2,"2":3,"3":3,"4":3,"5":3,"6":3,"7":3,"8":3,"9":6,"10":3,"11":3},"f":{"0":3,"1":6},"b":{"0":[2,0]},"_coverageSchema":"332fd63041d2c1bcb487cc26dd0d5f7d97098a6c","hash":"88e2f2c62fae8f63e7400c3d7541f290093846fa"}
,"/Users/Trav/Projects/resume-static-aws/src/localweather/index.pug": {"path":"/Users/Trav/Projects/resume-static-aws/src/localweather/index.pug","statementMap":{"0":{"start":{"line":1,"column":0},"end":{"line":1,"column":2402}}},"fnMap":{},"branchMap":{},"s":{"0":3},"f":{},"b":{},"_coverageSchema":"332fd63041d2c1bcb487cc26dd0d5f7d97098a6c","hash":"dfbb3b1fe219460ccd90c440eeb3e95d144b9e46"}
,"/Users/Trav/Projects/resume-static-aws/src/localweather/Api/Api.js": {"path":"/Users/Trav/Projects/resume-static-aws/src/localweather/Api/Api.js","statementMap":{"0":{"start":{"line":18,"column":18},"end":{"line":25,"column":1}},"1":{"start":{"line":27,"column":18},"end":{"line":33,"column":1}},"2":{"start":{"line":28,"column":19},"end":{"line":28,"column":40}},"3":{"start":{"line":29,"column":16},"end":{"line":29,"column":40}},"4":{"start":{"line":30,"column":18},"end":{"line":30,"column":39}},"5":{"start":{"line":32,"column":2},"end":{"line":32,"column":69}},"6":{"start":{"line":35,"column":25},"end":{"line":47,"column":2}},"7":{"start":{"line":35,"column":64},"end":{"line":47,"column":1}},"8":{"start":{"line":49,"column":29},"end":{"line":59,"column":1}},"9":{"start":{"line":54,"column":27},"end":{"line":54,"column":32}},"10":{"start":{"line":55,"column":26},"end":{"line":55,"column":65}},"11":{"start":{"line":57,"column":2},"end":{"line":57,"column":51}},"12":{"start":{"line":57,"column":23},"end":{"line":57,"column":51}},"13":{"start":{"line":58,"column":2},"end":{"line":58,"column":26}},"14":{"start":{"line":61,"column":23},"end":{"line":65,"column":2}},"15":{"start":{"line":61,"column":60},"end":{"line":65,"column":1}},"16":{"start":{"line":67,"column":21},"end":{"line":83,"column":1}},"17":{"start":{"line":68,"column":44},"end":{"line":68,"column":50}},"18":{"start":{"line":69,"column":22},"end":{"line":69,"column":73}},"19":{"start":{"line":75,"column":2},"end":{"line":82,"column":8}},"20":{"start":{"line":78,"column":22},"end":{"line":82,"column":5}}},"fnMap":{"0":{"name":"(anonymous_0)","decl":{"start":{"line":27,"column":18},"end":{"line":27,"column":19}},"loc":{"start":{"line":27,"column":36},"end":{"line":33,"column":1}},"line":27},"1":{"name":"(anonymous_1)","decl":{"start":{"line":35,"column":25},"end":{"line":35,"column":26}},"loc":{"start":{"line":35,"column":64},"end":{"line":47,"column":1}},"line":35},"2":{"name":"(anonymous_2)","decl":{"start":{"line":49,"column":29},"end":{"line":49,"column":30}},"loc":{"start":{"line":53,"column":12},"end":{"line":59,"column":1}},"line":53},"3":{"name":"(anonymous_3)","decl":{"start":{"line":61,"column":23},"end":{"line":61,"column":24}},"loc":{"start":{"line":61,"column":60},"end":{"line":65,"column":1}},"line":61},"4":{"name":"(anonymous_4)","decl":{"start":{"line":67,"column":21},"end":{"line":67,"column":22}},"loc":{"start":{"line":67,"column":70},"end":{"line":83,"column":1}},"line":67},"5":{"name":"(anonymous_5)","decl":{"start":{"line":78,"column":11},"end":{"line":78,"column":12}},"loc":{"start":{"line":78,"column":22},"end":{"line":82,"column":5}},"line":78}},"branchMap":{"0":{"loc":{"start":{"line":37,"column":8},"end":{"line":37,"column":31}},"type":"binary-expr","locations":[{"start":{"line":37,"column":8},"end":{"line":37,"column":26}},{"start":{"line":37,"column":30},"end":{"line":37,"column":31}}],"line":37},"1":{"loc":{"start":{"line":38,"column":8},"end":{"line":38,"column":31}},"type":"binary-expr","locations":[{"start":{"line":38,"column":8},"end":{"line":38,"column":26}},{"start":{"line":38,"column":30},"end":{"line":38,"column":31}}],"line":38},"2":{"loc":{"start":{"line":39,"column":15},"end":{"line":39,"column":75}},"type":"binary-expr","locations":[{"start":{"line":39,"column":16},"end":{"line":39,"column":34}},{"start":{"line":39,"column":38},"end":{"line":39,"column":68}},{"start":{"line":39,"column":73},"end":{"line":39,"column":75}}],"line":39},"3":{"loc":{"start":{"line":40,"column":11},"end":{"line":40,"column":64}},"type":"binary-expr","locations":[{"start":{"line":40,"column":12},"end":{"line":40,"column":30}},{"start":{"line":40,"column":34},"end":{"line":40,"column":57}},{"start":{"line":40,"column":62},"end":{"line":40,"column":64}}],"line":40},"4":{"loc":{"start":{"line":41,"column":9},"end":{"line":41,"column":52}},"type":"binary-expr","locations":[{"start":{"line":41,"column":10},"end":{"line":41,"column":24}},{"start":{"line":41,"column":28},"end":{"line":41,"column":46}},{"start":{"line":41,"column":51},"end":{"line":41,"column":52}}],"line":41},"5":{"loc":{"start":{"line":43,"column":40},"end":{"line":43,"column":62}},"type":"binary-expr","locations":[{"start":{"line":43,"column":40},"end":{"line":43,"column":57}},{"start":{"line":43,"column":61},"end":{"line":43,"column":62}}],"line":43},"6":{"loc":{"start":{"line":44,"column":16},"end":{"line":44,"column":57}},"type":"binary-expr","locations":[{"start":{"line":44,"column":17},"end":{"line":44,"column":29}},{"start":{"line":44,"column":33},"end":{"line":44,"column":50}},{"start":{"line":44,"column":55},"end":{"line":44,"column":57}}],"line":44},"7":{"loc":{"start":{"line":55,"column":26},"end":{"line":55,"column":65}},"type":"binary-expr","locations":[{"start":{"line":55,"column":26},"end":{"line":55,"column":35}},{"start":{"line":55,"column":39},"end":{"line":55,"column":65}}],"line":55},"8":{"loc":{"start":{"line":57,"column":2},"end":{"line":57,"column":51}},"type":"if","locations":[{"start":{"line":57,"column":2},"end":{"line":57,"column":51}},{"start":{"line":57,"column":2},"end":{"line":57,"column":51}}],"line":57}},"s":{"0":2,"1":2,"2":40,"3":40,"4":40,"5":40,"6":2,"7":40,"8":2,"9":40,"10":40,"11":40,"12":34,"13":6,"14":2,"15":1,"16":2,"17":3,"18":3,"19":3,"20":2},"f":{"0":40,"1":40,"2":40,"3":1,"4":3,"5":2},"b":{"0":[40,27],"1":[40,27],"2":[40,40,1],"3":[40,40,1],"4":[40,40,7],"5":[40,1],"6":[40,40,1],"7":[40,39],"8":[34,6]},"_coverageSchema":"332fd63041d2c1bcb487cc26dd0d5f7d97098a6c","hash":"cbf364ca28e7741663d475e8d47b710c226b39a1"}
,"/Users/Trav/Projects/resume-static-aws/src/localweather/Api/index.js": {"path":"/Users/Trav/Projects/resume-static-aws/src/localweather/Api/index.js","statementMap":{},"fnMap":{},"branchMap":{},"s":{},"f":{},"b":{},"_coverageSchema":"332fd63041d2c1bcb487cc26dd0d5f7d97098a6c","hash":"7c01db4d34ce9b893fa7d88d3aca6918f64e199c"}
,"/Users/Trav/Projects/resume-static-aws/src/localweather/Assets/tile.html": {"path":"/Users/Trav/Projects/resume-static-aws/src/localweather/Assets/tile.html","statementMap":{"0":{"start":{"line":2,"column":6},"end":{"line":2,"column":203}}},"fnMap":{},"branchMap":{},"s":{"0":1},"f":{},"b":{},"_coverageSchema":"332fd63041d2c1bcb487cc26dd0d5f7d97098a6c","hash":"8983bc34f497d8fb63e31ff61b4530d7253db826"}
,"/Users/Trav/Projects/resume-static-aws/src/localweather/Handlers/Handlers.js": {"path":"/Users/Trav/Projects/resume-static-aws/src/localweather/Handlers/Handlers.js","statementMap":{"0":{"start":{"line":7,"column":21},"end":{"line":7,"column":35}},"1":{"start":{"line":9,"column":24},"end":{"line":47,"column":1}},"2":{"start":{"line":15,"column":2},"end":{"line":15,"column":24}},"3":{"start":{"line":16,"column":19},"end":{"line":16,"column":52}},"4":{"start":{"line":18,"column":2},"end":{"line":42,"column":5}},"5":{"start":{"line":19,"column":15},"end":{"line":19,"column":43}},"6":{"start":{"line":20,"column":4},"end":{"line":20,"column":50}},"7":{"start":{"line":21,"column":60},"end":{"line":21,"column":68}},"8":{"start":{"line":23,"column":16},"end":{"line":23,"column":39}},"9":{"start":{"line":24,"column":20},"end":{"line":24,"column":44}},"10":{"start":{"line":25,"column":24},"end":{"line":25,"column":56}},"11":{"start":{"line":26,"column":21},"end":{"line":26,"column":46}},"12":{"start":{"line":27,"column":24},"end":{"line":27,"column":52}},"13":{"start":{"line":29,"column":4},"end":{"line":29,"column":19}},"14":{"start":{"line":30,"column":4},"end":{"line":30,"column":30}},"15":{"start":{"line":31,"column":4},"end":{"line":31,"column":32}},"16":{"start":{"line":32,"column":4},"end":{"line":32,"column":42}},"17":{"start":{"line":34,"column":4},"end":{"line":34,"column":55}},"18":{"start":{"line":34,"column":30},"end":{"line":34,"column":55}},"19":{"start":{"line":35,"column":4},"end":{"line":35,"column":47}},"20":{"start":{"line":36,"column":4},"end":{"line":36,"column":53}},"21":{"start":{"line":38,"column":4},"end":{"line":38,"column":51}},"22":{"start":{"line":39,"column":4},"end":{"line":39,"column":66}},"23":{"start":{"line":41,"column":4},"end":{"line":41,"column":29}},"24":{"start":{"line":45,"column":2},"end":{"line":45,"column":30}},"25":{"start":{"line":46,"column":2},"end":{"line":46,"column":16}},"26":{"start":{"line":49,"column":23},"end":{"line":63,"column":1}},"27":{"start":{"line":53,"column":5},"end":{"line":63,"column":1}},"28":{"start":{"line":54,"column":2},"end":{"line":62,"column":3}},"29":{"start":{"line":55,"column":20},"end":{"line":55,"column":74}},"30":{"start":{"line":56,"column":32},"end":{"line":56,"column":39}},"31":{"start":{"line":57,"column":4},"end":{"line":57,"column":28}},"32":{"start":{"line":58,"column":4},"end":{"line":58,"column":58}},"33":{"start":{"line":60,"column":4},"end":{"line":60,"column":25}},"34":{"start":{"line":61,"column":4},"end":{"line":61,"column":18}},"35":{"start":{"line":65,"column":28},"end":{"line":74,"column":4}},"36":{"start":{"line":65,"column":71},"end":{"line":74,"column":4}},"37":{"start":{"line":68,"column":2},"end":{"line":74,"column":4}},"38":{"start":{"line":69,"column":4},"end":{"line":73,"column":6}},"39":{"start":{"line":76,"column":26},"end":{"line":79,"column":1}},"40":{"start":{"line":77,"column":46},"end":{"line":77,"column":51}},"41":{"start":{"line":78,"column":2},"end":{"line":78,"column":51}},"42":{"start":{"line":81,"column":18},"end":{"line":85,"column":19}},"43":{"start":{"line":82,"column":3},"end":{"line":85,"column":18}},"44":{"start":{"line":87,"column":18},"end":{"line":123,"column":1}},"45":{"start":{"line":91,"column":5},"end":{"line":123,"column":1}},"46":{"start":{"line":94,"column":2},"end":{"line":118,"column":3}},"47":{"start":{"line":96,"column":6},"end":{"line":96,"column":28}},"48":{"start":{"line":97,"column":6},"end":{"line":97,"column":25}},"49":{"start":{"line":98,"column":6},"end":{"line":98,"column":25}},"50":{"start":{"line":99,"column":6},"end":{"line":99,"column":12}},"51":{"start":{"line":102,"column":6},"end":{"line":102,"column":27}},"52":{"start":{"line":103,"column":6},"end":{"line":103,"column":26}},"53":{"start":{"line":104,"column":6},"end":{"line":104,"column":25}},"54":{"start":{"line":105,"column":6},"end":{"line":105,"column":12}},"55":{"start":{"line":108,"column":6},"end":{"line":108,"column":27}},"56":{"start":{"line":109,"column":6},"end":{"line":109,"column":25}},"57":{"start":{"line":110,"column":6},"end":{"line":110,"column":26}},"58":{"start":{"line":111,"column":6},"end":{"line":111,"column":12}},"59":{"start":{"line":114,"column":6},"end":{"line":114,"column":27}},"60":{"start":{"line":115,"column":6},"end":{"line":115,"column":25}},"61":{"start":{"line":116,"column":6},"end":{"line":116,"column":25}},"62":{"start":{"line":117,"column":6},"end":{"line":117,"column":12}},"63":{"start":{"line":120,"column":2},"end":{"line":120,"column":52}},"64":{"start":{"line":121,"column":2},"end":{"line":121,"column":48}},"65":{"start":{"line":122,"column":2},"end":{"line":122,"column":48}},"66":{"start":{"line":125,"column":21},"end":{"line":129,"column":1}},"67":{"start":{"line":125,"column":56},"end":{"line":129,"column":1}},"68":{"start":{"line":126,"column":2},"end":{"line":126,"column":18}},"69":{"start":{"line":128,"column":2},"end":{"line":128,"column":78}}},"fnMap":{"0":{"name":"(anonymous_0)","decl":{"start":{"line":9,"column":24},"end":{"line":9,"column":25}},"loc":{"start":{"line":14,"column":5},"end":{"line":47,"column":1}},"line":14},"1":{"name":"(anonymous_1)","decl":{"start":{"line":18,"column":20},"end":{"line":18,"column":21}},"loc":{"start":{"line":18,"column":41},"end":{"line":42,"column":3}},"line":18},"2":{"name":"(anonymous_2)","decl":{"start":{"line":49,"column":23},"end":{"line":49,"column":24}},"loc":{"start":{"line":53,"column":5},"end":{"line":63,"column":1}},"line":53},"3":{"name":"(anonymous_3)","decl":{"start":{"line":53,"column":5},"end":{"line":53,"column":6}},"loc":{"start":{"line":53,"column":35},"end":{"line":63,"column":1}},"line":53},"4":{"name":"(anonymous_4)","decl":{"start":{"line":65,"column":28},"end":{"line":65,"column":29}},"loc":{"start":{"line":65,"column":71},"end":{"line":74,"column":4}},"line":65},"5":{"name":"(anonymous_5)","decl":{"start":{"line":65,"column":71},"end":{"line":65,"column":72}},"loc":{"start":{"line":68,"column":2},"end":{"line":74,"column":4}},"line":68},"6":{"name":"(anonymous_6)","decl":{"start":{"line":68,"column":52},"end":{"line":68,"column":53}},"loc":{"start":{"line":68,"column":58},"end":{"line":74,"column":3}},"line":68},"7":{"name":"(anonymous_7)","decl":{"start":{"line":76,"column":26},"end":{"line":76,"column":27}},"loc":{"start":{"line":76,"column":44},"end":{"line":79,"column":1}},"line":76},"8":{"name":"(anonymous_8)","decl":{"start":{"line":81,"column":18},"end":{"line":81,"column":19}},"loc":{"start":{"line":82,"column":3},"end":{"line":85,"column":18}},"line":82},"9":{"name":"(anonymous_9)","decl":{"start":{"line":87,"column":18},"end":{"line":87,"column":19}},"loc":{"start":{"line":91,"column":5},"end":{"line":123,"column":1}},"line":91},"10":{"name":"(anonymous_10)","decl":{"start":{"line":91,"column":5},"end":{"line":91,"column":6}},"loc":{"start":{"line":91,"column":47},"end":{"line":123,"column":1}},"line":91},"11":{"name":"(anonymous_11)","decl":{"start":{"line":125,"column":21},"end":{"line":125,"column":22}},"loc":{"start":{"line":125,"column":56},"end":{"line":129,"column":1}},"line":125},"12":{"name":"(anonymous_12)","decl":{"start":{"line":125,"column":56},"end":{"line":125,"column":57}},"loc":{"start":{"line":125,"column":70},"end":{"line":129,"column":1}},"line":125}},"branchMap":{"0":{"loc":{"start":{"line":34,"column":4},"end":{"line":34,"column":55}},"type":"if","locations":[{"start":{"line":34,"column":4},"end":{"line":34,"column":55}},{"start":{"line":34,"column":4},"end":{"line":34,"column":55}}],"line":34},"1":{"loc":{"start":{"line":82,"column":3},"end":{"line":85,"column":18}},"type":"cond-expr","locations":[{"start":{"line":84,"column":6},"end":{"line":84,"column":15}},{"start":{"line":85,"column":6},"end":{"line":85,"column":18}}],"line":82},"2":{"loc":{"start":{"line":94,"column":2},"end":{"line":118,"column":3}},"type":"switch","locations":[{"start":{"line":95,"column":4},"end":{"line":99,"column":12}},{"start":{"line":101,"column":4},"end":{"line":105,"column":12}},{"start":{"line":107,"column":4},"end":{"line":111,"column":12}},{"start":{"line":113,"column":4},"end":{"line":117,"column":12}}],"line":94}},"s":{"0":1,"1":1,"2":3,"3":3,"4":3,"5":2,"6":2,"7":2,"8":2,"9":2,"10":2,"11":2,"12":2,"13":2,"14":2,"15":2,"16":2,"17":2,"18":2,"19":2,"20":2,"21":2,"22":2,"23":2,"24":2,"25":2,"26":1,"27":2,"28":1,"29":1,"30":1,"31":1,"32":1,"33":1,"34":1,"35":1,"36":1,"37":1,"38":1,"39":1,"40":1,"41":1,"42":1,"43":2,"44":1,"45":4,"46":4,"47":1,"48":1,"49":1,"50":1,"51":1,"52":1,"53":1,"54":1,"55":1,"56":1,"57":1,"58":1,"59":1,"60":1,"61":1,"62":1,"63":4,"64":4,"65":4,"66":1,"67":1,"68":1,"69":1},"f":{"0":3,"1":2,"2":2,"3":1,"4":1,"5":1,"6":1,"7":1,"8":2,"9":4,"10":4,"11":1,"12":1},"b":{"0":[2,0],"1":[1,1],"2":[1,1,1,1]},"_coverageSchema":"332fd63041d2c1bcb487cc26dd0d5f7d97098a6c","hash":"f257078cd7cb673543050ebed004767372ea4171"}
,"/Users/Trav/Projects/resume-static-aws/src/localweather/Handlers/index.js": {"path":"/Users/Trav/Projects/resume-static-aws/src/localweather/Handlers/index.js","statementMap":{},"fnMap":{},"branchMap":{},"s":{},"f":{},"b":{},"_coverageSchema":"332fd63041d2c1bcb487cc26dd0d5f7d97098a6c","hash":"daf32e7a7d6af4088fcac2a8b0f711b88089cc52"}
,"/Users/Trav/Projects/resume-static-aws/src/localweather/Models/constants.js": {"path":"/Users/Trav/Projects/resume-static-aws/src/localweather/Models/constants.js","statementMap":{"0":{"start":{"line":6,"column":17},"end":{"line":6,"column":66}},"1":{"start":{"line":7,"column":29},"end":{"line":12,"column":2}},"2":{"start":{"line":7,"column":60},"end":{"line":12,"column":1}}},"fnMap":{"0":{"name":"(anonymous_0)","decl":{"start":{"line":7,"column":29},"end":{"line":7,"column":30}},"loc":{"start":{"line":7,"column":60},"end":{"line":12,"column":1}},"line":7}},"branchMap":{},"s":{"0":2,"1":2,"2":3},"f":{"0":3},"b":{},"_coverageSchema":"332fd63041d2c1bcb487cc26dd0d5f7d97098a6c","hash":"be5b636d23abb199a57e50351c1c1557099a36a4"}
,"/Users/Trav/Projects/resume-static-aws/src/localweather/Models/index.js": {"path":"/Users/Trav/Projects/resume-static-aws/src/localweather/Models/index.js","statementMap":{},"fnMap":{},"branchMap":{},"s":{},"f":{},"b":{},"_coverageSchema":"332fd63041d2c1bcb487cc26dd0d5f7d97098a6c","hash":"690ec34b6825e08a848dc34bcae7c42a418ea084"}
,"/Users/Trav/Projects/resume-static-aws/src/pomodoro/index.js": {"path":"/Users/Trav/Projects/resume-static-aws/src/pomodoro/index.js","statementMap":{"0":{"start":{"line":12,"column":0},"end":{"line":86,"column":1}},"1":{"start":{"line":13,"column":20},"end":{"line":13,"column":40}},"2":{"start":{"line":14,"column":16},"end":{"line":14,"column":52}},"3":{"start":{"line":15,"column":15},"end":{"line":20,"column":3}},"4":{"start":{"line":22,"column":2},"end":{"line":85,"column":5}},"5":{"start":{"line":23,"column":26},"end":{"line":23,"column":77}},"6":{"start":{"line":24,"column":25},"end":{"line":26,"column":24}},"7":{"start":{"line":27,"column":25},"end":{"line":29,"column":24}},"8":{"start":{"line":30,"column":24},"end":{"line":32,"column":30}},"9":{"start":{"line":33,"column":24},"end":{"line":35,"column":30}},"10":{"start":{"line":36,"column":24},"end":{"line":38,"column":30}},"11":{"start":{"line":39,"column":24},"end":{"line":41,"column":30}},"12":{"start":{"line":42,"column":22},"end":{"line":44,"column":30}},"13":{"start":{"line":45,"column":22},"end":{"line":47,"column":30}},"14":{"start":{"line":48,"column":27},"end":{"line":50,"column":24}},"15":{"start":{"line":52,"column":16},"end":{"line":52,"column":38}},"16":{"start":{"line":54,"column":19},"end":{"line":63,"column":5}},"17":{"start":{"line":65,"column":18},"end":{"line":65,"column":65}},"18":{"start":{"line":66,"column":4},"end":{"line":66,"column":51}},"19":{"start":{"line":67,"column":4},"end":{"line":67,"column":50}},"20":{"start":{"line":69,"column":4},"end":{"line":72,"column":6}},"21":{"start":{"line":73,"column":4},"end":{"line":76,"column":6}},"22":{"start":{"line":77,"column":4},"end":{"line":80,"column":6}},"23":{"start":{"line":81,"column":4},"end":{"line":84,"column":6}}},"fnMap":{"0":{"name":"(anonymous_0)","decl":{"start":{"line":22,"column":48},"end":{"line":22,"column":49}},"loc":{"start":{"line":22,"column":54},"end":{"line":85,"column":3}},"line":22}},"branchMap":{"0":{"loc":{"start":{"line":12,"column":0},"end":{"line":86,"column":1}},"type":"if","locations":[{"start":{"line":12,"column":0},"end":{"line":86,"column":1}},{"start":{"line":12,"column":0},"end":{"line":86,"column":1}}],"line":12}},"s":{"0":1,"1":1,"2":1,"3":1,"4":1,"5":6,"6":6,"7":6,"8":6,"9":6,"10":6,"11":6,"12":6,"13":6,"14":6,"15":6,"16":6,"17":6,"18":6,"19":6,"20":6,"21":6,"22":6,"23":6},"f":{"0":6},"b":{"0":[1,0]},"_coverageSchema":"332fd63041d2c1bcb487cc26dd0d5f7d97098a6c","hash":"557b65d4849be202d4925489e9bc64fd1f4de834"}
,"/Users/Trav/Projects/resume-static-aws/src/pomodoro/index.pug": {"path":"/Users/Trav/Projects/resume-static-aws/src/pomodoro/index.pug","statementMap":{"0":{"start":{"line":1,"column":0},"end":{"line":1,"column":2714}}},"fnMap":{},"branchMap":{},"s":{"0":1},"f":{},"b":{},"_coverageSchema":"332fd63041d2c1bcb487cc26dd0d5f7d97098a6c","hash":"28761454a0e076f07a6cdd8d1b55c5b01c02332b"}
,"/Users/Trav/Projects/resume-static-aws/src/pomodoro/Handlers/Handlers.js": {"path":"/Users/Trav/Projects/resume-static-aws/src/pomodoro/Handlers/Handlers.js","statementMap":{"0":{"start":{"line":7,"column":16},"end":{"line":8,"column":86}},"1":{"start":{"line":7,"column":39},"end":{"line":8,"column":86}},"2":{"start":{"line":8,"column":2},"end":{"line":8,"column":86}},"3":{"start":{"line":11,"column":23},"end":{"line":21,"column":1}},"4":{"start":{"line":16,"column":5},"end":{"line":21,"column":1}},"5":{"start":{"line":17,"column":16},"end":{"line":17,"column":63}},"6":{"start":{"line":18,"column":20},"end":{"line":18,"column":42}},"7":{"start":{"line":19,"column":2},"end":{"line":19,"column":42}},"8":{"start":{"line":20,"column":2},"end":{"line":20,"column":56}},"9":{"start":{"line":24,"column":22},"end":{"line":44,"column":1}},"10":{"start":{"line":33,"column":5},"end":{"line":44,"column":1}},"11":{"start":{"line":34,"column":2},"end":{"line":34,"column":77}},"12":{"start":{"line":36,"column":2},"end":{"line":43,"column":3}},"13":{"start":{"line":37,"column":4},"end":{"line":37,"column":31}},"14":{"start":{"line":38,"column":4},"end":{"line":38,"column":27}},"15":{"start":{"line":39,"column":4},"end":{"line":39,"column":67}},"16":{"start":{"line":41,"column":4},"end":{"line":41,"column":31}},"17":{"start":{"line":42,"column":4},"end":{"line":42,"column":15}},"18":{"start":{"line":47,"column":21},"end":{"line":60,"column":1}},"19":{"start":{"line":52,"column":5},"end":{"line":60,"column":1}},"20":{"start":{"line":53,"column":2},"end":{"line":53,"column":70}},"21":{"start":{"line":53,"column":39},"end":{"line":53,"column":70}},"22":{"start":{"line":54,"column":2},"end":{"line":54,"column":29}},"23":{"start":{"line":55,"column":2},"end":{"line":55,"column":19}},"24":{"start":{"line":56,"column":2},"end":{"line":56,"column":18}},"25":{"start":{"line":58,"column":2},"end":{"line":58,"column":35}},"26":{"start":{"line":59,"column":2},"end":{"line":59,"column":9}}},"fnMap":{"0":{"name":"(anonymous_0)","decl":{"start":{"line":7,"column":16},"end":{"line":7,"column":17}},"loc":{"start":{"line":7,"column":39},"end":{"line":8,"column":86}},"line":7},"1":{"name":"(anonymous_1)","decl":{"start":{"line":7,"column":39},"end":{"line":7,"column":40}},"loc":{"start":{"line":8,"column":2},"end":{"line":8,"column":86}},"line":8},"2":{"name":"(anonymous_2)","decl":{"start":{"line":11,"column":23},"end":{"line":11,"column":24}},"loc":{"start":{"line":16,"column":5},"end":{"line":21,"column":1}},"line":16},"3":{"name":"(anonymous_3)","decl":{"start":{"line":16,"column":5},"end":{"line":16,"column":6}},"loc":{"start":{"line":16,"column":19},"end":{"line":21,"column":1}},"line":16},"4":{"name":"(anonymous_4)","decl":{"start":{"line":24,"column":22},"end":{"line":24,"column":23}},"loc":{"start":{"line":33,"column":5},"end":{"line":44,"column":1}},"line":33},"5":{"name":"(anonymous_5)","decl":{"start":{"line":33,"column":5},"end":{"line":33,"column":6}},"loc":{"start":{"line":33,"column":19},"end":{"line":44,"column":1}},"line":33},"6":{"name":"(anonymous_6)","decl":{"start":{"line":47,"column":21},"end":{"line":47,"column":22}},"loc":{"start":{"line":52,"column":5},"end":{"line":60,"column":1}},"line":52},"7":{"name":"(anonymous_7)","decl":{"start":{"line":52,"column":5},"end":{"line":52,"column":6}},"loc":{"start":{"line":52,"column":19},"end":{"line":60,"column":1}},"line":52}},"branchMap":{"0":{"loc":{"start":{"line":17,"column":34},"end":{"line":17,"column":62}},"type":"cond-expr","locations":[{"start":{"line":17,"column":56},"end":{"line":17,"column":57}},{"start":{"line":17,"column":60},"end":{"line":17,"column":62}}],"line":17},"1":{"loc":{"start":{"line":34,"column":25},"end":{"line":34,"column":76}},"type":"cond-expr","locations":[{"start":{"line":34,"column":60},"end":{"line":34,"column":66}},{"start":{"line":34,"column":69},"end":{"line":34,"column":76}}],"line":34},"2":{"loc":{"start":{"line":36,"column":2},"end":{"line":43,"column":3}},"type":"if","locations":[{"start":{"line":36,"column":2},"end":{"line":43,"column":3}},{"start":{"line":36,"column":2},"end":{"line":43,"column":3}}],"line":36},"3":{"loc":{"start":{"line":53,"column":2},"end":{"line":53,"column":70}},"type":"if","locations":[{"start":{"line":53,"column":2},"end":{"line":53,"column":70}},{"start":{"line":53,"column":2},"end":{"line":53,"column":70}}],"line":53}},"s":{"0":1,"1":1,"2":1,"3":1,"4":8,"5":9,"6":9,"7":9,"8":9,"9":1,"10":1,"11":2,"12":2,"13":1,"14":1,"15":1,"16":1,"17":1,"18":1,"19":3,"20":3,"21":1,"22":3,"23":3,"24":3,"25":3,"26":3},"f":{"0":1,"1":1,"2":8,"3":9,"4":1,"5":2,"6":3,"7":3},"b":{"0":[4,5],"1":[1,1],"2":[1,1],"3":[1,2]},"_coverageSchema":"332fd63041d2c1bcb487cc26dd0d5f7d97098a6c","hash":"df64d22a8386292ce23df3fadb41d8540a5ff45b"}
,"/Users/Trav/Projects/resume-static-aws/src/pomodoro/Handlers/index.js": {"path":"/Users/Trav/Projects/resume-static-aws/src/pomodoro/Handlers/index.js","statementMap":{},"fnMap":{},"branchMap":{},"s":{},"f":{},"b":{},"_coverageSchema":"332fd63041d2c1bcb487cc26dd0d5f7d97098a6c","hash":"56bd102a68d1e8fba44e07fb083af25b368e2e00"}
,"/Users/Trav/Projects/resume-static-aws/src/pomodoro/Models/index.js": {"path":"/Users/Trav/Projects/resume-static-aws/src/pomodoro/Models/index.js","statementMap":{"0":{"start":{"line":5,"column":14},"end":{"line":5,"column":16}},"1":{"start":{"line":7,"column":14},"end":{"line":7,"column":44}},"2":{"start":{"line":9,"column":14},"end":{"line":9,"column":56}},"3":{"start":{"line":11,"column":18},"end":{"line":13,"column":1}},"4":{"start":{"line":12,"column":2},"end":{"line":12,"column":48}},"5":{"start":{"line":12,"column":15},"end":{"line":12,"column":48}},"6":{"start":{"line":15,"column":19},"end":{"line":46,"column":11}},"7":{"start":{"line":23,"column":2},"end":{"line":46,"column":11}},"8":{"start":{"line":24,"column":22},"end":{"line":24,"column":39}},"9":{"start":{"line":25,"column":16},"end":{"line":25,"column":26}},"10":{"start":{"line":26,"column":20},"end":{"line":26,"column":35}},"11":{"start":{"line":27,"column":4},"end":{"line":27,"column":20}},"12":{"start":{"line":28,"column":4},"end":{"line":28,"column":28}},"13":{"start":{"line":30,"column":18},"end":{"line":30,"column":21}},"14":{"start":{"line":31,"column":4},"end":{"line":31,"column":42}},"15":{"start":{"line":33,"column":4},"end":{"line":45,"column":5}},"16":{"start":{"line":35,"column":6},"end":{"line":35,"column":60}},"17":{"start":{"line":36,"column":6},"end":{"line":36,"column":36}},"18":{"start":{"line":39,"column":6},"end":{"line":39,"column":57}},"19":{"start":{"line":40,"column":6},"end":{"line":40,"column":71}},"20":{"start":{"line":41,"column":6},"end":{"line":41,"column":22}},"21":{"start":{"line":42,"column":6},"end":{"line":42,"column":37}},"22":{"start":{"line":43,"column":6},"end":{"line":43,"column":23}},"23":{"start":{"line":44,"column":6},"end":{"line":44,"column":33}}},"fnMap":{"0":{"name":"(anonymous_0)","decl":{"start":{"line":11,"column":18},"end":{"line":11,"column":19}},"loc":{"start":{"line":11,"column":34},"end":{"line":13,"column":1}},"line":11},"1":{"name":"(anonymous_1)","decl":{"start":{"line":15,"column":19},"end":{"line":15,"column":20}},"loc":{"start":{"line":23,"column":2},"end":{"line":46,"column":11}},"line":23},"2":{"name":"(anonymous_2)","decl":{"start":{"line":23,"column":24},"end":{"line":23,"column":25}},"loc":{"start":{"line":23,"column":30},"end":{"line":46,"column":3}},"line":23}},"branchMap":{"0":{"loc":{"start":{"line":12,"column":2},"end":{"line":12,"column":48}},"type":"if","locations":[{"start":{"line":12,"column":2},"end":{"line":12,"column":48}},{"start":{"line":12,"column":2},"end":{"line":12,"column":48}}],"line":12},"1":{"loc":{"start":{"line":33,"column":4},"end":{"line":45,"column":5}},"type":"if","locations":[{"start":{"line":33,"column":4},"end":{"line":45,"column":5}},{"start":{"line":33,"column":4},"end":{"line":45,"column":5}}],"line":33},"2":{"loc":{"start":{"line":40,"column":19},"end":{"line":40,"column":70}},"type":"cond-expr","locations":[{"start":{"line":40,"column":47},"end":{"line":40,"column":57}},{"start":{"line":40,"column":60},"end":{"line":40,"column":70}}],"line":40}},"s":{"0":3,"1":3,"2":3,"3":3,"4":10,"5":7,"6":3,"7":6,"8":12033,"9":12033,"10":12033,"11":12033,"12":12033,"13":12033,"14":12033,"15":12033,"16":12028,"17":12028,"18":5,"19":5,"20":5,"21":5,"22":5,"23":5},"f":{"0":10,"1":6,"2":12033},"b":{"0":[7,3],"1":[12028,5],"2":[5,0]},"_coverageSchema":"332fd63041d2c1bcb487cc26dd0d5f7d97098a6c","hash":"1912873690bce3f3ce068574535a66fe33d16d6e"}
,"/Users/Trav/Projects/resume-static-aws/src/randomquote/index.js": {"path":"/Users/Trav/Projects/resume-static-aws/src/randomquote/index.js","statementMap":{"0":{"start":{"line":10,"column":22},"end":{"line":10,"column":66}},"1":{"start":{"line":12,"column":0},"end":{"line":39,"column":5}},"2":{"start":{"line":13,"column":2},"end":{"line":39,"column":5}},"3":{"start":{"line":14,"column":17},"end":{"line":14,"column":28}},"4":{"start":{"line":15,"column":23},"end":{"line":15,"column":55}},"5":{"start":{"line":16,"column":20},"end":{"line":16,"column":44}},"6":{"start":{"line":18,"column":17},"end":{"line":21,"column":5}},"7":{"start":{"line":23,"column":4},"end":{"line":25,"column":6}},"8":{"start":{"line":24,"column":6},"end":{"line":24,"column":64}},"9":{"start":{"line":27,"column":4},"end":{"line":38,"column":8}}},"fnMap":{"0":{"name":"(anonymous_0)","decl":{"start":{"line":13,"column":48},"end":{"line":13,"column":49}},"loc":{"start":{"line":13,"column":54},"end":{"line":39,"column":3}},"line":13},"1":{"name":"(anonymous_1)","decl":{"start":{"line":23,"column":26},"end":{"line":23,"column":27}},"loc":{"start":{"line":24,"column":6},"end":{"line":24,"column":64}},"line":24}},"branchMap":{"0":{"loc":{"start":{"line":12,"column":0},"end":{"line":39,"column":5}},"type":"if","locations":[{"start":{"line":12,"column":0},"end":{"line":39,"column":5}},{"start":{"line":12,"column":0},"end":{"line":39,"column":5}}],"line":12}},"s":{"0":1,"1":1,"2":1,"3":1,"4":1,"5":1,"6":1,"7":1,"8":3,"9":1},"f":{"0":1,"1":3},"b":{"0":[1,0]},"_coverageSchema":"332fd63041d2c1bcb487cc26dd0d5f7d97098a6c","hash":"f6923eb536dd0e9cd87a00426c4f95c52ec06172"}
,"/Users/Trav/Projects/resume-static-aws/src/randomquote/index.pug": {"path":"/Users/Trav/Projects/resume-static-aws/src/randomquote/index.pug","statementMap":{"0":{"start":{"line":1,"column":0},"end":{"line":1,"column":3566}}},"fnMap":{},"branchMap":{},"s":{"0":2},"f":{},"b":{},"_coverageSchema":"332fd63041d2c1bcb487cc26dd0d5f7d97098a6c","hash":"0bcf90d78f3261a5e4215442d2307fa5d418b252"}
,"/Users/Trav/Projects/resume-static-aws/src/randomquote/Api/Api.js": {"path":"/Users/Trav/Projects/resume-static-aws/src/randomquote/Api/Api.js","statementMap":{"0":{"start":{"line":6,"column":24},"end":{"line":6,"column":28}},"1":{"start":{"line":9,"column":19},"end":{"line":15,"column":7}},"2":{"start":{"line":10,"column":2},"end":{"line":15,"column":7}},"3":{"start":{"line":12,"column":23},"end":{"line":15,"column":5}},"4":{"start":{"line":17,"column":19},"end":{"line":22,"column":4}},"5":{"start":{"line":18,"column":2},"end":{"line":22,"column":4}}},"fnMap":{"0":{"name":"(anonymous_0)","decl":{"start":{"line":9,"column":19},"end":{"line":9,"column":20}},"loc":{"start":{"line":10,"column":2},"end":{"line":15,"column":7}},"line":10},"1":{"name":"(anonymous_1)","decl":{"start":{"line":12,"column":10},"end":{"line":12,"column":11}},"loc":{"start":{"line":12,"column":23},"end":{"line":15,"column":5}},"line":12},"2":{"name":"(anonymous_2)","decl":{"start":{"line":17,"column":19},"end":{"line":17,"column":20}},"loc":{"start":{"line":18,"column":2},"end":{"line":22,"column":4}},"line":18}},"branchMap":{"0":{"loc":{"start":{"line":9,"column":20},"end":{"line":9,"column":53}},"type":"default-arg","locations":[{"start":{"line":9,"column":38},"end":{"line":9,"column":53}}],"line":9},"1":{"loc":{"start":{"line":14,"column":14},"end":{"line":14,"column":54}},"type":"binary-expr","locations":[{"start":{"line":14,"column":14},"end":{"line":14,"column":34}},{"start":{"line":14,"column":38},"end":{"line":14,"column":54}}],"line":14}},"s":{"0":1,"1":1,"2":3,"3":2,"4":1,"5":1},"f":{"0":3,"1":2,"2":1},"b":{"0":[3],"1":[2,1]},"_coverageSchema":"332fd63041d2c1bcb487cc26dd0d5f7d97098a6c","hash":"836e6000e075120bc145f07f3baf4bb050df1c30"}
,"/Users/Trav/Projects/resume-static-aws/src/randomquote/Api/index.js": {"path":"/Users/Trav/Projects/resume-static-aws/src/randomquote/Api/index.js","statementMap":{},"fnMap":{},"branchMap":{},"s":{},"f":{},"b":{},"_coverageSchema":"332fd63041d2c1bcb487cc26dd0d5f7d97098a6c","hash":"362b20a452487b916127b25e56aeccf5ac85fc6c"}
,"/Users/Trav/Projects/resume-static-aws/src/randomquote/Handlers/RandomQuote.js": {"path":"/Users/Trav/Projects/resume-static-aws/src/randomquote/Handlers/RandomQuote.js","statementMap":{"0":{"start":{"line":4,"column":18},"end":{"line":27,"column":1}},"1":{"start":{"line":4,"column":67},"end":{"line":27,"column":1}},"2":{"start":{"line":10,"column":2},"end":{"line":23,"column":3}},"3":{"start":{"line":12,"column":6},"end":{"line":12,"column":25}},"4":{"start":{"line":13,"column":6},"end":{"line":13,"column":28}},"5":{"start":{"line":14,"column":6},"end":{"line":14,"column":12}},"6":{"start":{"line":16,"column":6},"end":{"line":16,"column":26}},"7":{"start":{"line":17,"column":6},"end":{"line":17,"column":27}},"8":{"start":{"line":18,"column":6},"end":{"line":18,"column":12}},"9":{"start":{"line":20,"column":6},"end":{"line":20,"column":25}},"10":{"start":{"line":21,"column":6},"end":{"line":21,"column":27}},"11":{"start":{"line":22,"column":6},"end":{"line":22,"column":12}},"12":{"start":{"line":25,"column":2},"end":{"line":25,"column":51}},"13":{"start":{"line":26,"column":2},"end":{"line":26,"column":52}},"14":{"start":{"line":29,"column":21},"end":{"line":30,"column":44}},"15":{"start":{"line":29,"column":45},"end":{"line":30,"column":44}},"16":{"start":{"line":30,"column":2},"end":{"line":30,"column":44}},"17":{"start":{"line":32,"column":18},"end":{"line":33,"column":43}},"18":{"start":{"line":32,"column":42},"end":{"line":33,"column":43}},"19":{"start":{"line":33,"column":2},"end":{"line":33,"column":43}},"20":{"start":{"line":35,"column":26},"end":{"line":55,"column":1}},"21":{"start":{"line":41,"column":5},"end":{"line":55,"column":1}},"22":{"start":{"line":42,"column":2},"end":{"line":42,"column":18}},"23":{"start":{"line":44,"column":2},"end":{"line":52,"column":3}},"24":{"start":{"line":45,"column":30},"end":{"line":45,"column":48}},"25":{"start":{"line":46,"column":4},"end":{"line":46,"column":37}},"26":{"start":{"line":47,"column":4},"end":{"line":47,"column":39}},"27":{"start":{"line":48,"column":4},"end":{"line":48,"column":47}},"28":{"start":{"line":50,"column":4},"end":{"line":50,"column":49}},"29":{"start":{"line":51,"column":4},"end":{"line":51,"column":16}},"30":{"start":{"line":54,"column":2},"end":{"line":54,"column":16}}},"fnMap":{"0":{"name":"(anonymous_0)","decl":{"start":{"line":4,"column":18},"end":{"line":4,"column":19}},"loc":{"start":{"line":4,"column":67},"end":{"line":27,"column":1}},"line":4},"1":{"name":"(anonymous_1)","decl":{"start":{"line":4,"column":67},"end":{"line":4,"column":68}},"loc":{"start":{"line":6,"column":5},"end":{"line":27,"column":1}},"line":6},"2":{"name":"(anonymous_2)","decl":{"start":{"line":29,"column":21},"end":{"line":29,"column":22}},"loc":{"start":{"line":29,"column":45},"end":{"line":30,"column":44}},"line":29},"3":{"name":"(anonymous_3)","decl":{"start":{"line":29,"column":45},"end":{"line":29,"column":46}},"loc":{"start":{"line":30,"column":2},"end":{"line":30,"column":44}},"line":30},"4":{"name":"(anonymous_4)","decl":{"start":{"line":32,"column":18},"end":{"line":32,"column":19}},"loc":{"start":{"line":32,"column":42},"end":{"line":33,"column":43}},"line":32},"5":{"name":"(anonymous_5)","decl":{"start":{"line":32,"column":42},"end":{"line":32,"column":43}},"loc":{"start":{"line":33,"column":2},"end":{"line":33,"column":43}},"line":33},"6":{"name":"(anonymous_6)","decl":{"start":{"line":35,"column":26},"end":{"line":35,"column":27}},"loc":{"start":{"line":41,"column":5},"end":{"line":55,"column":1}},"line":41},"7":{"name":"(anonymous_7)","decl":{"start":{"line":41,"column":5},"end":{"line":41,"column":6}},"loc":{"start":{"line":41,"column":25},"end":{"line":55,"column":1}},"line":41}},"branchMap":{"0":{"loc":{"start":{"line":10,"column":2},"end":{"line":23,"column":3}},"type":"switch","locations":[{"start":{"line":11,"column":4},"end":{"line":14,"column":12}},{"start":{"line":15,"column":4},"end":{"line":18,"column":12}},{"start":{"line":19,"column":4},"end":{"line":22,"column":12}}],"line":10}},"s":{"0":1,"1":3,"2":3,"3":1,"4":1,"5":1,"6":1,"7":1,"8":1,"9":1,"10":1,"11":1,"12":3,"13":3,"14":1,"15":1,"16":1,"17":1,"18":1,"19":1,"20":1,"21":2,"22":2,"23":2,"24":2,"25":1,"26":1,"27":1,"28":1,"29":1,"30":2},"f":{"0":3,"1":3,"2":1,"3":1,"4":1,"5":1,"6":2,"7":2},"b":{"0":[1,1,1]},"_coverageSchema":"332fd63041d2c1bcb487cc26dd0d5f7d97098a6c","hash":"35848c602346c858c900e867ac5edc3ff5faf5af"}
,"/Users/Trav/Projects/resume-static-aws/src/randomquote/Handlers/index.js": {"path":"/Users/Trav/Projects/resume-static-aws/src/randomquote/Handlers/index.js","statementMap":{},"fnMap":{},"branchMap":{},"s":{},"f":{},"b":{},"_coverageSchema":"332fd63041d2c1bcb487cc26dd0d5f7d97098a6c","hash":"8b12c17823e7b09632be8bde76aa4f53170bcb64"}
,"/Users/Trav/Projects/resume-static-aws/src/simon/index.js": {"path":"/Users/Trav/Projects/resume-static-aws/src/simon/index.js","statementMap":{"0":{"start":{"line":12,"column":0},"end":{"line":51,"column":5}},"1":{"start":{"line":13,"column":2},"end":{"line":51,"column":5}},"2":{"start":{"line":14,"column":18},"end":{"line":14,"column":30}},"3":{"start":{"line":15,"column":18},"end":{"line":15,"column":30}},"4":{"start":{"line":16,"column":18},"end":{"line":16,"column":30}},"5":{"start":{"line":17,"column":19},"end":{"line":17,"column":37}},"6":{"start":{"line":19,"column":20},"end":{"line":24,"column":5}},"7":{"start":{"line":26,"column":19},"end":{"line":26,"column":71}},"8":{"start":{"line":28,"column":18},"end":{"line":28,"column":76}},"9":{"start":{"line":29,"column":4},"end":{"line":29,"column":70}},"10":{"start":{"line":31,"column":4},"end":{"line":33,"column":69}},"11":{"start":{"line":35,"column":4},"end":{"line":37,"column":55}},"12":{"start":{"line":39,"column":4},"end":{"line":50,"column":7}},"13":{"start":{"line":40,"column":20},"end":{"line":48,"column":7}},"14":{"start":{"line":49,"column":6},"end":{"line":49,"column":54}}},"fnMap":{"0":{"name":"(anonymous_0)","decl":{"start":{"line":13,"column":48},"end":{"line":13,"column":49}},"loc":{"start":{"line":13,"column":54},"end":{"line":51,"column":3}},"line":13},"1":{"name":"(anonymous_1)","decl":{"start":{"line":39,"column":33},"end":{"line":39,"column":34}},"loc":{"start":{"line":39,"column":42},"end":{"line":50,"column":5}},"line":39}},"branchMap":{"0":{"loc":{"start":{"line":12,"column":0},"end":{"line":51,"column":5}},"type":"if","locations":[{"start":{"line":12,"column":0},"end":{"line":51,"column":5}},{"start":{"line":12,"column":0},"end":{"line":51,"column":5}}],"line":12}},"s":{"0":1,"1":1,"2":3,"3":3,"4":3,"5":3,"6":3,"7":3,"8":3,"9":3,"10":3,"11":3,"12":3,"13":12,"14":12},"f":{"0":3,"1":12},"b":{"0":[1,0]},"_coverageSchema":"332fd63041d2c1bcb487cc26dd0d5f7d97098a6c","hash":"70c21a652578be1775b40155b0fa2c832cb5fdf0"}
,"/Users/Trav/Projects/resume-static-aws/src/simon/index.pug": {"path":"/Users/Trav/Projects/resume-static-aws/src/simon/index.pug","statementMap":{"0":{"start":{"line":1,"column":0},"end":{"line":1,"column":2594}}},"fnMap":{},"branchMap":{},"s":{"0":1},"f":{},"b":{},"_coverageSchema":"332fd63041d2c1bcb487cc26dd0d5f7d97098a6c","hash":"b69aed870d040425ed2dab6bcbd3ccf744308873"}
,"/Users/Trav/Projects/resume-static-aws/src/simon/simon.types.js": {"path":"/Users/Trav/Projects/resume-static-aws/src/simon/simon.types.js","statementMap":{"0":{"start":{"line":5,"column":14},"end":{"line":5,"column":76}}},"fnMap":{},"branchMap":{},"s":{"0":1},"f":{},"b":{},"_coverageSchema":"332fd63041d2c1bcb487cc26dd0d5f7d97098a6c","hash":"4628662f5afa64622cbb09d1897688b7ca7f780f"}
,"/Users/Trav/Projects/resume-static-aws/src/simon/Handlers/ButtonHandlers.js": {"path":"/Users/Trav/Projects/resume-static-aws/src/simon/Handlers/ButtonHandlers.js","statementMap":{"0":{"start":{"line":20,"column":22},"end":{"line":20,"column":26}},"1":{"start":{"line":22,"column":30},"end":{"line":26,"column":1}},"2":{"start":{"line":23,"column":36},"end":{"line":23,"column":41}},"3":{"start":{"line":24,"column":18},"end":{"line":24,"column":46}},"4":{"start":{"line":25,"column":2},"end":{"line":25,"column":39}},"5":{"start":{"line":28,"column":21},"end":{"line":36,"column":70}},"6":{"start":{"line":35,"column":5},"end":{"line":36,"column":70}},"7":{"start":{"line":36,"column":2},"end":{"line":36,"column":70}},"8":{"start":{"line":38,"column":21},"end":{"line":53,"column":1}},"9":{"start":{"line":42,"column":5},"end":{"line":53,"column":1}},"10":{"start":{"line":43,"column":2},"end":{"line":49,"column":3}},"11":{"start":{"line":44,"column":4},"end":{"line":44,"column":22}},"12":{"start":{"line":45,"column":4},"end":{"line":45,"column":29}},"13":{"start":{"line":47,"column":4},"end":{"line":47,"column":15}},"14":{"start":{"line":48,"column":4},"end":{"line":48,"column":20}},"15":{"start":{"line":51,"column":2},"end":{"line":51,"column":21}},"16":{"start":{"line":52,"column":2},"end":{"line":52,"column":31}},"17":{"start":{"line":55,"column":22},"end":{"line":55,"column":78}},"18":{"start":{"line":55,"column":45},"end":{"line":55,"column":78}},"19":{"start":{"line":55,"column":59},"end":{"line":55,"column":78}},"20":{"start":{"line":57,"column":21},"end":{"line":58,"column":34}},"21":{"start":{"line":57,"column":47},"end":{"line":58,"column":34}},"22":{"start":{"line":58,"column":2},"end":{"line":58,"column":34}},"23":{"start":{"line":60,"column":21},"end":{"line":86,"column":1}},"24":{"start":{"line":68,"column":5},"end":{"line":86,"column":1}},"25":{"start":{"line":69,"column":2},"end":{"line":72,"column":3}},"26":{"start":{"line":70,"column":4},"end":{"line":70,"column":65}},"27":{"start":{"line":71,"column":4},"end":{"line":71,"column":17}},"28":{"start":{"line":75,"column":2},"end":{"line":75,"column":25}},"29":{"start":{"line":76,"column":2},"end":{"line":76,"column":36}},"30":{"start":{"line":78,"column":2},"end":{"line":78,"column":36}},"31":{"start":{"line":81,"column":2},"end":{"line":85,"column":20}},"32":{"start":{"line":82,"column":4},"end":{"line":82,"column":38}},"33":{"start":{"line":83,"column":4},"end":{"line":83,"column":24}},"34":{"start":{"line":84,"column":4},"end":{"line":84,"column":26}}},"fnMap":{"0":{"name":"(anonymous_0)","decl":{"start":{"line":22,"column":30},"end":{"line":22,"column":31}},"loc":{"start":{"line":22,"column":48},"end":{"line":26,"column":1}},"line":22},"1":{"name":"(anonymous_1)","decl":{"start":{"line":28,"column":21},"end":{"line":28,"column":22}},"loc":{"start":{"line":35,"column":5},"end":{"line":36,"column":70}},"line":35},"2":{"name":"(anonymous_2)","decl":{"start":{"line":35,"column":5},"end":{"line":35,"column":6}},"loc":{"start":{"line":36,"column":2},"end":{"line":36,"column":70}},"line":36},"3":{"name":"(anonymous_3)","decl":{"start":{"line":38,"column":21},"end":{"line":38,"column":22}},"loc":{"start":{"line":42,"column":5},"end":{"line":53,"column":1}},"line":42},"4":{"name":"(anonymous_4)","decl":{"start":{"line":42,"column":5},"end":{"line":42,"column":6}},"loc":{"start":{"line":42,"column":23},"end":{"line":53,"column":1}},"line":42},"5":{"name":"(anonymous_5)","decl":{"start":{"line":55,"column":22},"end":{"line":55,"column":23}},"loc":{"start":{"line":55,"column":45},"end":{"line":55,"column":78}},"line":55},"6":{"name":"(anonymous_6)","decl":{"start":{"line":55,"column":45},"end":{"line":55,"column":46}},"loc":{"start":{"line":55,"column":59},"end":{"line":55,"column":78}},"line":55},"7":{"name":"(anonymous_7)","decl":{"start":{"line":57,"column":21},"end":{"line":57,"column":22}},"loc":{"start":{"line":57,"column":47},"end":{"line":58,"column":34}},"line":57},"8":{"name":"(anonymous_8)","decl":{"start":{"line":57,"column":47},"end":{"line":57,"column":48}},"loc":{"start":{"line":58,"column":2},"end":{"line":58,"column":34}},"line":58},"9":{"name":"(anonymous_9)","decl":{"start":{"line":60,"column":21},"end":{"line":60,"column":22}},"loc":{"start":{"line":68,"column":5},"end":{"line":86,"column":1}},"line":68},"10":{"name":"(anonymous_10)","decl":{"start":{"line":68,"column":5},"end":{"line":68,"column":6}},"loc":{"start":{"line":68,"column":19},"end":{"line":86,"column":1}},"line":68},"11":{"name":"(anonymous_11)","decl":{"start":{"line":81,"column":13},"end":{"line":81,"column":14}},"loc":{"start":{"line":81,"column":19},"end":{"line":85,"column":3}},"line":81}},"branchMap":{"0":{"loc":{"start":{"line":36,"column":2},"end":{"line":36,"column":70}},"type":"binary-expr","locations":[{"start":{"line":36,"column":2},"end":{"line":36,"column":13}},{"start":{"line":36,"column":17},"end":{"line":36,"column":70}}],"line":36},"1":{"loc":{"start":{"line":43,"column":2},"end":{"line":49,"column":3}},"type":"if","locations":[{"start":{"line":43,"column":2},"end":{"line":49,"column":3}},{"start":{"line":43,"column":2},"end":{"line":49,"column":3}}],"line":43},"2":{"loc":{"start":{"line":69,"column":2},"end":{"line":72,"column":3}},"type":"if","locations":[{"start":{"line":69,"column":2},"end":{"line":72,"column":3}},{"start":{"line":69,"column":2},"end":{"line":72,"column":3}}],"line":69}},"s":{"0":6,"1":6,"2":2,"3":2,"4":2,"5":6,"6":2,"7":2,"8":6,"9":2,"10":2,"11":1,"12":1,"13":1,"14":1,"15":2,"16":2,"17":6,"18":1,"19":1,"20":6,"21":1,"22":1,"23":6,"24":3,"25":3,"26":1,"27":1,"28":2,"29":2,"30":2,"31":2,"32":2,"33":2,"34":2},"f":{"0":2,"1":2,"2":2,"3":2,"4":2,"5":1,"6":1,"7":1,"8":1,"9":3,"10":3,"11":2},"b":{"0":[2,1],"1":[1,1],"2":[1,2]},"_coverageSchema":"332fd63041d2c1bcb487cc26dd0d5f7d97098a6c","hash":"681f333aabecaf79387f105ef06eed5ff04939ea"}
,"/Users/Trav/Projects/resume-static-aws/src/simon/Handlers/ColorHandlers.js": {"path":"/Users/Trav/Projects/resume-static-aws/src/simon/Handlers/ColorHandlers.js","statementMap":{"0":{"start":{"line":6,"column":15},"end":{"line":11,"column":1}},"1":{"start":{"line":13,"column":22},"end":{"line":16,"column":1}},"2":{"start":{"line":14,"column":2},"end":{"line":14,"column":49}},"3":{"start":{"line":15,"column":2},"end":{"line":15,"column":41}},"4":{"start":{"line":18,"column":22},"end":{"line":21,"column":1}},"5":{"start":{"line":19,"column":2},"end":{"line":19,"column":38}},"6":{"start":{"line":20,"column":2},"end":{"line":20,"column":52}},"7":{"start":{"line":23,"column":18},"end":{"line":31,"column":1}},"8":{"start":{"line":29,"column":2},"end":{"line":29,"column":32}},"9":{"start":{"line":30,"column":2},"end":{"line":30,"column":29}},"10":{"start":{"line":33,"column":18},"end":{"line":40,"column":1}},"11":{"start":{"line":38,"column":2},"end":{"line":38,"column":22}},"12":{"start":{"line":39,"column":2},"end":{"line":39,"column":32}},"13":{"start":{"line":42,"column":16},"end":{"line":45,"column":3}},"14":{"start":{"line":43,"column":2},"end":{"line":45,"column":3}},"15":{"start":{"line":44,"column":4},"end":{"line":44,"column":44}},"16":{"start":{"line":47,"column":16},"end":{"line":50,"column":3}},"17":{"start":{"line":48,"column":2},"end":{"line":50,"column":3}},"18":{"start":{"line":49,"column":4},"end":{"line":49,"column":44}},"19":{"start":{"line":52,"column":17},"end":{"line":55,"column":1}},"20":{"start":{"line":53,"column":2},"end":{"line":53,"column":21}},"21":{"start":{"line":54,"column":2},"end":{"line":54,"column":27}},"22":{"start":{"line":57,"column":15},"end":{"line":60,"column":1}},"23":{"start":{"line":58,"column":2},"end":{"line":58,"column":22}},"24":{"start":{"line":59,"column":2},"end":{"line":59,"column":27}},"25":{"start":{"line":62,"column":18},"end":{"line":65,"column":1}},"26":{"start":{"line":63,"column":2},"end":{"line":63,"column":22}},"27":{"start":{"line":64,"column":2},"end":{"line":64,"column":27}},"28":{"start":{"line":67,"column":16},"end":{"line":70,"column":1}},"29":{"start":{"line":68,"column":2},"end":{"line":68,"column":23}},"30":{"start":{"line":69,"column":2},"end":{"line":69,"column":27}}},"fnMap":{"0":{"name":"(anonymous_0)","decl":{"start":{"line":13,"column":22},"end":{"line":13,"column":23}},"loc":{"start":{"line":13,"column":67},"end":{"line":16,"column":1}},"line":13},"1":{"name":"(anonymous_1)","decl":{"start":{"line":18,"column":22},"end":{"line":18,"colu
[...]
,"12":{"name":"(anonymous_12)","decl":{"start":{"line":132,"column":27},"end":{"line":132,"column":28}},"loc":{"start":{"line":136,"column":5},"end":{"line":158,"column":1}},"line":136},"13":{"name":"(anonymous_13)","decl":{"start":{"line":136,"column":5},"end":{"line":136,"column":6}},"loc":{"start":{"line":136,"column":35},"end":{"line":158,"column":1}},"line":136},"14":{"name":"(anonymous_14)","decl":{"start":{"line":160,"column":21},"end":{"line":160,"column":22}},"loc":{"start":{"line":160,"column":70},"end":{"line":182,"column":1}},"line":160},"15":{"name":"(anonymous_15)","decl":{"start":{"line":160,"column":70},"end":{"line":160,"column":71}},"loc":{"start":{"line":162,"column":5},"end":{"line":182,"column":1}},"line":162}},"branchMap":{"0":{"loc":{"start":{"line":23,"column":2},"end":{"line":25,"column":45}},"type":"cond-expr","locations":[{"start":{"line":24,"column":6},"end":{"line":24,"column":46}},{"start":{"line":25,"column":6},"end":{"line":25,"column":45}}],"line":23},"1":{"loc":{"start":{"line":23,"column":2},"end":{"line":23,"column":45}},"type":"binary-expr","locations":[{"start":{"line":23,"column":2},"end":{"line":23,"column":22}},{"start":{"line":23,"column":26},"end":{"line":23,"column":45}}],"line":23},"2":{"loc":{"start":{"line":37,"column":2},"end":{"line":61,"column":3}},"type":"switch","locations":[{"start":{"line":38,"column":4},"end":{"line":42,"column":12}},{"start":{"line":44,"column":4},"end":{"line":48,"column":12}},{"start":{"line":50,"column":4},"end":{"line":54,"column":12}},{"start":{"line":56,"column":4},"end":{"line":60,"column":12}}],"line":37},"3":{"loc":{"start":{"line":86,"column":2},"end":{"line":86,"column":35}},"type":"if","locations":[{"start":{"line":86,"column":2},"end":{"line":86,"column":35}},{"start":{"line":86,"column":2},"end":{"line":86,"column":35}}],"line":86},"4":{"loc":{"start":{"line":88,"column":22},"end":{"line":88,"column":51}},"type":"cond-expr","locations":[{"start":{"line":88,"column":31},"end":{"line":88,"column":39}},{"start":{"line":88,"column":42},"end":{"line":88,"column":51}}],"line":88},"5":{"loc":{"start":{"line":90,"column":2},"end":{"line":96,"column":3}},"type":"if","locations":[{"start":{"line":90,"column":2},"end":{"line":96,"column":3}},{"start":{"line":90,"column":2},"end":{"line":96,"column":3}}],"line":90},"6":{"loc":{"start":{"line":100,"column":2},"end":{"line":104,"column":3}},"type":"if","locations":[{"start":{"line":100,"column":2},"end":{"line":104,"column":3}},{"start":{"line":100,"column":2},"end":{"line":104,"column":3}}],"line":100},"7":{"loc":{"start":{"line":113,"column":2},"end":{"line":118,"column":3}},"type":"if","locations":[{"start":{"line":113,"column":2},"end":{"line":118,"column":3}},{"start":{"line":113,"column":2},"end":{"line":118,"column":3}}],"line":113},"8":{"loc":{"start":{"line":113,"column":6},"end":{"line":113,"column":67}},"type":"binary-expr","locations":[{"start":{"line":113,"column":6},"end":{"line":113,"column":12}},{"start":{"line":113,"column":16},"end":{"line":113,"column":40}},{"start":{"line":113,"column":44},"end":{"line":113,"column":67}}],"line":113},"9":{"loc":{"start":{"line":126,"column":12},"end":{"line":126,"column":60}},"type":"binary-expr","locations":[{"start":{"line":126,"column":12},"end":{"line":126,"column":26}},{"start":{"line":126,"column":30},"end":{"line":126,"column":42}},{"start":{"line":126,"column":46},"end":{"line":126,"column":52}},{"start":{"line":126,"column":56},"end":{"line":126,"column":60}}],"line":126},"10":{"loc":{"start":{"line":139,"column":2},"end":{"line":155,"column":3}},"type":"if","locations":[{"start":{"line":139,"column":2},"end":{"line":155,"column":3}},{"start":{"line":139,"column":2},"end":{"line":155,"column":3}}],"line":139},"11":{"loc":{"start":{"line":164,"column":2},"end":{"line":164,"column":57}},"type":"if","locations":[{"start":{"line":164,"column":2},"end":{"line":164,"column":57}},{"start":{"line":164,"column":2},"end":{"line":164,"column":57}}],"line":164}},"s":{"0":1,"1":1,"2":1,"3":1,"4":2,"5":1,"6":4,"7":4,"8":1,"9":4,"10":4,"11":1,"12":1,"13":1,"14":1,"15":1,"16":1,"17":1,"18":1,"19":1,"20":1,"21":1,"22":1,"23":1,"24":1,"25":1,"26":1,"27":4,"28":4,"29":4,"30":1,"31":17,"32":17,"33":17,"34":1,"35":11,"36":11,"37":11,"38":11,"39":11,"40":6,"41":5,"42":1,"43":11,"44":6,"45":5,"46":1,"47":11,"48":6,"49":6,"50":5,"51":1,"52":6,"53":6,"54":1,"55":1,"56":6,"57":9,"58":9,"59":5,"60":5,"61":5,"62":5,"63":5,"64":5,"65":5,"66":4,"67":4,"68":4,"69":4,"70":9,"71":1,"72":5,"73":5,"74":5,"75":1,"76":5,"77":5,"78":5,"79":5,"80":5,"81":5,"82":4,"83":4,"84":4,"85":1,"86":1},"f":{"0":1,"1":1,"2":2,"3":4,"4":4,"5":4,"6":17,"7":11,"8":11,"9":11,"10":6,"11":1,"12":6,"13":9,"14":5,"15":5},"b":{"0":[2,2],"1":[4,3],"2":[1,1,1,1],"3":[11,0],"4":[6,5],"5":[6,5],"6":[6,5],"7":[6,5],"8":[11,7,6],"9":[6,6,6,6],"10":[5,4],"11":[1,4]},"_coverageSchema":"332fd63041d2c1bcb487cc26dd0d5f7d97098a6c","hash":"236cb0ce9016d4b6539d111f14dccee77f18bde4"}
,"/Users/Trav/Projects/resume-static-aws/src/twitchtv/Handlers/index.js": {"path":"/Users/Trav/Projects/resume-static-aws/src/twitchtv/Handlers/index.js","statementMap":{},"fnMap":{},"branchMap":{},"s":{},"f":{},"b":{},"_coverageSchema":"332fd63041d2c1bcb487cc26dd0d5f7d97098a6c","hash":"903c56b23ee2af58f6b989507d0a84745db9b684"}
,"/Users/Trav/Projects/resume-static-aws/src/twitchtv/Models/index.js": {"path":"/Users/Trav/Projects/resume-static-aws/src/twitchtv/Models/index.js","statementMap":{"0":{"start":{"line":4,"column":24},"end":{"line":6,"column":1}},"1":{"start":{"line":5,"column":2},"end":{"line":5,"column":56}},"2":{"start":{"line":8,"column":20},"end":{"line":8,"column":59}},"3":{"start":{"line":9,"column":18},"end":{"line":9,"column":55}},"4":{"start":{"line":10,"column":14},"end":{"line":22,"column":1}}},"fnMap":{"0":{"name":"(anonymous_0)","decl":{"start":{"line":4,"column":24},"end":{"line":4,"column":25}},"loc":{"start":{"line":4,"column":54},"end":{"line":6,"column":1}},"line":4}},"branchMap":{},"s":{"0":1,"1":5,"2":1,"3":1,"4":1},"f":{"0":5},"b":{},"_coverageSchema":"332fd63041d2c1bcb487cc26dd0d5f7d97098a6c","hash":"a21de0647f2196d6ac95b57770c41ab4d55f6dcb"}
,"/Users/Trav/Projects/resume-static-aws/src/wikiviewer/index.js": {"path":"/Users/Trav/Projects/resume-static-aws/src/wikiviewer/index.js","statementMap":{"0":{"start":{"line":11,"column":0},"end":{"line":31,"column":5}},"1":{"start":{"line":12,"column":2},"end":{"line":31,"column":5}},"2":{"start":{"line":13,"column":23},"end":{"line":15,"column":30}},"3":{"start":{"line":16,"column":23},"end":{"line":18,"column":30}},"4":{"start":{"line":19,"column":20},"end":{"line":19,"column":54}},"5":{"start":{"line":20,"column":20},"end":{"line":20,"column":54}},"6":{"start":{"line":21,"column":18},"end":{"line":21,"column":50}},"7":{"start":{"line":22,"column":17},"end":{"line":22,"column":51}},"8":{"start":{"line":24,"column":18},"end":{"line":24,"column":49}},"9":{"start":{"line":26,"column":17},"end":{"line":26,"column":51}},"10":{"start":{"line":28,"column":4},"end":{"line":28,"column":51}},"11":{"start":{"line":29,"column":4},"end":{"line":29,"column":67}},"12":{"start":{"line":30,"column":4},"end":{"line":30,"column":71}}},"fnMap":{"0":{"name":"(anonymous_0)","decl":{"start":{"line":12,"column":48},"end":{"line":12,"column":49}},"loc":{"start":{"line":12,"column":54},"end":{"line":31,"column":3}},"line":12}},"branchMap":{"0":{"loc":{"start":{"line":11,"column":0},"end":{"line":31,"column":5}},"type":"if","locations":[{"start":{"line":11,"column":0},"end":{"line":31,"column":5}},{"start":{"line":11,"column":0},"end":{"line":31,"column":5}}],"line":11}},"s":{"0":1,"1":1,"2":3,"3":3,"4":3,"5":3,"6":3,"7":3,"8":3,"9":3,"10":3,"11":3,"12":3},"f":{"0":3},"b":{"0":[1,0]},"_coverageSchema":"332fd63041d2c1bcb487cc26dd0d5f7d97098a6c","hash":"5b5b7e256e3508f0c3a4b3d287bbb91fd7c21334"}
,"/Users/Trav/Projects/resume-static-aws/src/wikiviewer/index.pug": {"path":"/Users/Trav/Projects/resume-static-aws/src/wikiviewer/index.pug","statementMap":{"0":{"start":{"line":1,"column":0},"end":{"line":1,"column":2205}}},"fnMap":{},"branchMap":{},"s":{"0":2},"f":{},"b":{},"_coverageSchema":"332fd63041d2c1bcb487cc26dd0d5f7d97098a6c","hash":"be72be1dece2a6cc8547825f776b89ce0294b19b"}
,"/Users/Trav/Projects/resume-static-aws/src/wikiviewer/Api/Api.js": {"path":"/Users/Trav/Projects/resume-static-aws/src/wikiviewer/Api/Api.js","statementMap":{"0":{"start":{"line":8,"column":21},"end":{"line":8,"column":25}},"1":{"start":{"line":9,"column":16},"end":{"line":9,"column":61}},"2":{"start":{"line":11,"column":21},"end":{"line":14,"column":1}},"3":{"start":{"line":12,"column":31},"end":{"line":12,"column":36}},"4":{"start":{"line":13,"column":2},"end":{"line":13,"column":30}},"5":{"start":{"line":16,"column":15},"end":{"line":32,"column":1}},"6":{"start":{"line":17,"column":2},"end":{"line":17,"column":30}},"7":{"start":{"line":19,"column":15},"end":{"line":23,"column":3}},"8":{"start":{"line":25,"column":2},"end":{"line":31,"column":7}},"9":{"start":{"line":29,"column":6},"end":{"line":29,"column":29}},"10":{"start":{"line":30,"column":6},"end":{"line":30,"column":18}}},"fnMap":{"0":{"name":"(anonymous_0)","decl":{"start":{"line":11,"column":21},"end":{"line":11,"column":22}},"loc":{"start":{"line":11,"column":65},"end":{"line":14,"column":1}},"line":11},"1":{"name":"(anonymous_1)","decl":{"start":{"line":16,"column":15},"end":{"line":16,"column":16}},"loc":{"start":{"line":16,"column":61},"end":{"line":32,"column":1}},"line":16},"2":{"name":"(anonymous_2)","decl":{"start":{"line":28,"column":11},"end":{"line":28,"column":12}},"loc":{"start":{"line":28,"column":22},"end":{"line":31,"column":5}},"line":28}},"branchMap":{},"s":{"0":1,"1":1,"2":1,"3":2,"4":2,"5":1,"6":2,"7":2,"8":2,"9":1,"10":1},"f":{"0":2,"1":2,"2":1},"b":{},"_coverageSchema":"332fd63041d2c1bcb487cc26dd0d5f7d97098a6c","hash":"f5177e1758729fbd3820d694123c06ebbe6ae7bb"}
,"/Users/Trav/Projects/resume-static-aws/src/wikiviewer/Api/index.js": {"path":"/Users/Trav/Projects/resume-static-aws/src/wikiviewer/Api/index.js","statementMap":{},"fnMap":{},"branchMap":{},"s":{},"f":{},"b":{},"_coverageSchema":"332fd63041d2c1bcb487cc26dd0d5f7d97098a6c","hash":"b2dd307f32bb52e2d061715d73eda93d134f05d1"}
,"/Users/Trav/Projects/resume-static-aws/src/wikiviewer/Assets/tile.html": {"path":"/Users/Trav/Projects/resume-static-aws/src/wikiviewer/Assets/tile.html","statementMap":{"0":{"start":{"line":2,"column":6},"end":{"line":2,"column":412}}},"fnMap":{},"branchMap":{},"s":{"0":1},"f":{},"b":{},"_coverageSchema":"332fd63041d2c1bcb487cc26dd0d5f7d97098a6c","hash":"3dfbcb588d4edfc3fe1896bbc561d9633ff5ed73"}
,"/Users/Trav/Projects/resume-static-aws/src/wikiviewer/Handlers/WikiViewer.js": {"path":"/Users/Trav/Projects/resume-static-aws/src/wikiviewer/Handlers/WikiViewer.js","statementMap":{"0":{"start":{"line":7,"column":22},"end":{"line":8,"column":63}},"1":{"start":{"line":7,"column":39},"end":{"line":8,"column":63}},"2":{"start":{"line":8,"column":2},"end":{"line":8,"column":63}},"3":{"start":{"line":9,"column":17},"end":{"line":9,"column":60}},"4":{"start":{"line":9,"column":23},"end":{"line":9,"column":60}},"5":{"start":{"line":11,"column":18},"end":{"line":39,"column":1}},"6":{"start":{"line":11,"column":47},"end":{"line":39,"column":1}},"7":{"start":{"line":13,"column":2},"end":{"line":34,"column":3}},"8":{"start":{"line":15,"column":6},"end":{"line":15,"column":27}},"9":{"start":{"line":16,"column":6},"end":{"line":16,"column":28}},"10":{"start":{"line":17,"column":6},"end":{"line":17,"column":25}},"11":{"start":{"line":18,"column":6},"end":{"line":18,"column":12}},"12":{"start":{"line":20,"column":6},"end":{"line":20,"column":28}},"13":{"start":{"line":21,"column":6},"end":{"line":21,"column":27}},"14":{"start":{"line":22,"column":6},"end":{"line":22,"column":25}},"15":{"start":{"line":23,"column":6},"end":{"line":23,"column":12}},"16":{"start":{"line":25,"column":6},"end":{"line":25,"column":27}},"17":{"start":{"line":26,"column":6},"end":{"line":26,"column":27}},"18":{"start":{"line":27,"column":6},"end":{"line":27,"column":26}},"19":{"start":{"line":28,"column":6},"end":{"line":28,"column":12}},"20":{"start":{"line":30,"column":6},"end":{"line":30,"column":27}},"21":{"start":{"line":31,"column":6},"end":{"line":31,"column":27}},"22":{"start":{"line":32,"column":6},"end":{"line":32,"column":25}},"23":{"start":{"line":33,"column":6},"end":{"line":33,"column":12}},"24":{"start":{"line":36,"column":2},"end":{"line":36,"column":52}},"25":{"start":{"line":37,"column":2},"end":{"line":37,"column":52}},"26":{"start":{"line":38,"column":2},"end":{"line":38,"column":48}},"27":{"start":{"line":41,"column":18},"end":{"line":74,"column":1}},"28":{"start":{"line":46,"column":2},"end":{"line":46,"column":55}},"29":{"start":{"line":46,"column":34},"end":{"line":46,"column":55}},"30":{"start":{"line":47,"column":19},"end":{"line":47,"column":52}},"31":{"start":{"line":49,"column":2},"end":{"line":70,"column":5}},"32":{"start":{"line":50,"column":19},"end":{"line":50,"column":48}},"33":{"start":{"line":51,"column":4},"end":{"line":57,"column":6}},"34":{"start":{"line":58,"column":4},"end":{"line":58,"column":54}},"35":{"start":{"line":60,"column":14},"end":{"line":60,"column":39}},"36":{"start":{"line":61,"column":4},"end":{"line":61,"column":31}},"37":{"start":{"line":62,"column":4},"end":{"line":62,"column":62}},"38":{"start":{"line":64,"column":4},"end":{"line":67,"column":6}},"39":{"start":{"line":69,"column":4},"end":{"line":69,"column":33}},"40":{"start":{"line":72,"column":2},"end":{"line":72,"column":18}},"41":{"start":{"line":73,"column":2},"end":{"line":73,"column":29}},"42":{"start":{"line":76,"column":23},"end":{"line":90,"column":1}},"43":{"start":{"line":81,"column":2},"end":{"line":81,"column":27}},"44":{"start":{"line":81,"column":20},"end":{"line":81,"column":27}},"45":{"start":{"line":82,"column":2},"end":{"line":82,"column":18}},"46":{"start":{"line":83,"column":18},"end":{"line":83,"column":37}},"47":{"start":{"line":85,"column":2},"end":{"line":89,"column":3}},"48":{"start":{"line":86,"column":4},"end":{"line":86,"column":35}},"49":{"start":{"line":88,"column":4},"end":{"line":88,"column":18}},"50":{"start":{"line":92,"column":22},"end":{"line":93,"column":40}},"51":{"start":{"line":92,"column":68},"end":{"line":93,"column":40}},"52":{"start":{"line":93,"column":2},"end":{"line":93,"column":40}},"53":{"start":{"line":95,"column":24},"end":{"line":99,"column":1}},"54":{"start":{"line":95,"column":70},"end":{"line":99,"column":1}},"55":{"start":{"line":98,"column":2},"end":{"line":98,"column":68}},"56":{"start":{"line":98,"column":29},"end":{"line":98,"column":68}}},"fnMap":{"0":{"name":"(anonymous_0)","decl":{"start":{"line":7,"column":22},"end":{"line":7,"column":23}},"loc":{"start":{"line":7,"column":39},"end":{"line":8,"column":63}},"line":7},"1":{"name":"(anonymous_1)","decl":{"start":{"line":7,"column":39},"end":{"line":7,"column":40}},"loc":{"start":{"line":8,"column":2},"end":{"line":8,"column":63}},"line":8},"2":{"name":"(anonymous_2)","decl":{"start":{"line":9,"column":17},"end":{"line":9,"column":18}},"loc":{"start":{"line":9,"column":23},"end":{"line":9,"column":60}},"line":9},"3":{"name":"(anonymous_3)","decl":{"start":{"line":11,"column":18},"end":{"line":11,"column":19}},"loc":{"start":{"line":11,"column":47},"end":{"line":39,"column":1}},"line":11},"4":{"name":"(anonymous_4)","decl":{"start":{"line":11,"column":47},"end":{"line":11,"column":48}},"loc":{"start":{"line":11,"column":56},"end":{"line":39,"column":1}},"line":11},"5":{"name":"(anonymous_5)","decl":{"start":{"line":41,"column":18},"end":{"line":41,"column":19}},"loc":{"start":{"line":45,"column":5},"end":{"line":74,"column":1}},"line":45},"6":{"name":"(anonymous_6)","decl":{"start":{"line":49,"column":19},"end":{"line":49,"column":20}},"loc":{"start":{"line":49,"column":39},"end":{"line":70,"column":3}},"line":49},"7":{"name":"(anonymous_7)","decl":{"start":{"line":76,"column":23},"end":{"line":76,"column":24}},"loc":{"start":{"line":80,"column":5},"end":{"line":90,"column":1}},"line":80},"8":{"name":"(anonymous_8)","decl":{"start":{"line":92,"column":22},"end":{"line":92,"column":23}},"loc":{"start":{"line":92,"column":68},"end":{"line":93,"column":40}},"line":92},"9":{"name":"(anonymous_9)","decl":{"start":{"line":92,"column":68},"end":{"line":92,"column":69}},"loc":{"start":{"line":93,"column":2},"end":{"line":93,"column":40}},"line":93},"10":{"name":"(anonymous_10)","decl":{"start":{"line":95,"column":24},"end":{"line":95,"column":25}},"loc":{"start":{"line":95,"column":70},"end":{"line":99,"column":1}},"line":95},"11":{"name":"(anonymous_11)","decl":{"start":{"line":95,"column":70},"end":{"line":95,"column":71}},"loc":{"start":{"line":97,"column":5},"end":{"line":99,"column":1}},"line":97}},"branchMap":{"0":{"loc":{"start":{"line":13,"column":2},"end":{"line":34,"column":3}},"type":"switch","locations":[{"start":{"line":14,"column":4},"end":{"line":18,"column":12}},{"start":{"line":19,"column":4},"end":{"line":23,"column":12}},{"start":{"line":24,"column":4},"end":{"line":28,"column":12}},{"start":{"line":29,"column":4},"end":{"line":33,"column":12}}],"line":13},"1":{"loc":{"start":{"line":46,"column":2},"end":{"line":46,"column":55}},"type":"if","locations":[{"start":{"line":46,"column":2},"end":{"line":46,"column":55}},{"start":{"line":46,"column":2},"end":{"line":46,"column":55}}],"line":46},"2":{"loc":{"start":{"line":81,"column":2},"end":{"line":81,"column":27}},"type":"if","locations":[{"start":{"line":81,"column":2},"end":{"line":81,"column":27}},{"start":{"line":81,"column":2},"end":{"line":81,"column":27}}],"line":81},"3":{"loc":{"start":{"line":85,"column":2},"end":{"line":89,"column":3}},"type":"if","locations":[{"start":{"line":85,"column":2},"end":{"line":89,"column":3}},{"start":{"line":85,"column":2},"end":{"line":89,"column":3}}],"line":85},"4":{"loc":{"start":{"line":98,"column":2},"end":{"line":98,"column":68}},"type":"if","locations":[{"start":{"line":98,"column":2},"end":{"line":98,"column":68}},{"start":{"line":98,"column":2},"end":{"line":98,"column":68}}],"line":98}},"s":{"0":1,"1":1,"2":1,"3":1,"4":3,"5":1,"6":4,"7":4,"8":1,"9":1,"10":1,"11":1,"12":1,"13":1,"14":1,"15":1,"16":1,"17":1,"18":1,"19":1,"20":1,"21":1,"22":1,"23":1,"24":4,"25":4,"26":4,"27":1,"28":4,"29":1,"30":4,"31":4,"32":22,"33":22,"34":22,"35":22,"36":22,"37":22,"38":22,"39":22,"40":4,"41":4,"42":1,"43":5,"44":2,"45":3,"46":3,"47":3,"48":2,"49":1,"50":1,"51":2,"52":2,"53":1,"54":2,"55":2,"56":1},"f":{"0":1,"1":1,"2":3,"3":4,"4":4,"5":4,"6":22,"7":5,"8":2,"9":2,"10":2,"11":2},"b":{"0":[1,1,1,1],"1":[1,3],"2":[2,3],"3":[2,1],"4":[1,1]},"_coverageSchema":"332fd63041d2c1bcb487cc26dd0d5f7d97098a6c","hash":"b26c7891408d4e34742c2a99d2b8f4cfa4ffd804"}
,"/Users/Trav/Projects/resume-static-aws/src/wikiviewer/Handlers/index.js": {"path":"/Users/Trav/Projects/resume-static-aws/src/wikiviewer/Handlers/index.js","statementMap":{},"fnMap":{},"branchMap":{},"s":{},"f":{},"b":{},"_coverageSchema":"332fd63041d2c1bcb487cc26dd0d5f7d97098a6c","hash":"d554acd6b6e03da5e0ee83ac4a46a8234f493da7"}
,"/Users/Trav/Projects/resume-static-aws/src/wikiviewer/Models/constants.js": {"path":"/Users/Trav/Projects/resume-static-aws/src/wikiviewer/Models/constants.js","statementMap":{"0":{"start":{"line":3,"column":17},"end":{"line":3,"column":53}},"1":{"start":{"line":5,"column":15},"end":{"line":18,"column":1}}},"fnMap":{},"branchMap":{},"s":{"0":1,"1":1},"f":{},"b":{},"_coverageSchema":"332fd63041d2c1bcb487cc26dd0d5f7d97098a6c","hash":"397c0daa0665ef614d6911b0d401a65540db8a82"}
,"/Users/Trav/Projects/resume-static-aws/src/wikiviewer/Models/index.js": {"path":"/Users/Trav/Projects/resume-static-aws/src/wikiviewer/Models/index.js","statementMap":{},"fnMap":{},"branchMap":{},"s":{},"f":{},"b":{},"_coverageSchema":"332fd63041d2c1bcb487cc26dd0d5f7d97098a6c","hash":"71c8ee9745dda4f2564e308219d2c4fad9d34d96"}
}
