{"/Users/Trav/Projects/resume-static-aws/src/calculator/index.js": {"path":"/Users/Trav/Projects/resume-static-aws/src/calculator/index.js","statementMap":{"0":{"start":{"line":4,"column":0},"end":{"line":14,"column":1}},"1":{"start":{"line":5,"column":2},"end":{"line":13,"column":5}},"2":{"start":{"line":6,"column":25},"end":{"line":6,"column":60}},"3":{"start":{"line":8,"column":4},"end":{"line":12,"column":7}},"4":{"start":{"line":9,"column":23},"end":{"line":9,"column":52}},"5":{"start":{"line":10,"column":6},"end":{"line":10,"column":45}},"6":{"start":{"line":11,"column":6},"end":{"line":11,"column":69}}},"fnMap":{"0":{"name":"(anonymous_0)","decl":{"start":{"line":5,"column":48},"end":{"line":5,"column":49}},"loc":{"start":{"line":5,"column":54},"end":{"line":13,"column":3}},"line":5},"1":{"name":"(anonymous_1)","decl":{"start":{"line":8,"column":52},"end":{"line":8,"column":53}},"loc":{"start":{"line":8,"column":58},"end":{"line":12,"column":5}},"line":8}},"branchMap":{"0":{"loc":{"start":{"line":4,"column":0},"end":{"line":14,"column":1}},"type":"if","locations":[{"start":{"line":4,"column":0},"end":{"line":14,"column":1}},{"start":{"line":4,"column":0},"end":{"line":14,"column":1}}],"line":4}},"s":{"0":9,"1":9,"2":38,"3":38,"4":1102,"5":1102,"6":1102},"f":{"0":38,"1":1102},"b":{"0":[9,0]},"_coverageSchema":"332fd63041d2c1bcb487cc26dd0d5f7d97098a6c","hash":"985ba16f5d55b74d252606693e1ec8113ebb417c"}
,"/Users/Trav/Projects/resume-static-aws/src/calculator/index.pug": {"path":"/Users/Trav/Projects/resume-static-aws/src/calculator/index.pug","statementMap":{"0":{"start":{"line":1,"column":0},"end":{"line":1,"column":2187}}},"fnMap":{},"branchMap":{},"s":{"0":9},"f":{},"b":{},"_coverageSchema":"332fd63041d2c1bcb487cc26dd0d5f7d97098a6c","hash":"6a8eee2587bfdd388c8171418c5a4bb8dfd377f8"}
,"/Users/Trav/Projects/resume-static-aws/src/calculator/Handlers/ButtonHandlers.js": {"path":"/Users/Trav/Projects/resume-static-aws/src/calculator/Handlers/ButtonHandlers.js","statementMap":{"0":{"start":{"line":5,"column":14},"end":{"line":5,"column":29}},"1":{"start":{"line":7,"column":23},"end":{"line":9,"column":1}},"2":{"start":{"line":7,"column":54},"end":{"line":9,"column":1}},"3":{"start":{"line":8,"column":2},"end":{"line":8,"column":76}},"4":{"start":{"line":8,"column":20},"end":{"line":8,"column":76}},"5":{"start":{"line":12,"column":24},"end":{"line":39,"column":1}},"6":{"start":{"line":12,"column":55},"end":{"line":39,"column":1}},"7":{"start":{"line":13,"column":18},"end":{"line":13,"column":36}},"8":{"start":{"line":14,"column":18},"end":{"line":14,"column":46}},"9":{"start":{"line":16,"column":2},"end":{"line":38,"column":3}},"10":{"start":{"line":18,"column":6},"end":{"line":18,"column":31}},"11":{"start":{"line":19,"column":6},"end":{"line":19,"column":12}},"12":{"start":{"line":22,"column":6},"end":{"line":22,"column":20}},"13":{"start":{"line":23,"column":6},"end":{"line":23,"column":16}},"14":{"start":{"line":25,"column":6},"end":{"line":25,"column":12}},"15":{"start":{"line":28,"column":6},"end":{"line":28,"column":21}},"16":{"start":{"line":29,"column":6},"end":{"line":29,"column":16}},"17":{"start":{"line":31,"column":6},"end":{"line":31,"column":12}},"18":{"start":{"line":34,"column":6},"end":{"line":34,"column":24}},"19":{"start":{"line":35,"column":6},"end":{"line":35,"column":16}},"20":{"start":{"line":37,"column":6},"end":{"line":37,"column":12}}},"fnMap":{"0":{"name":"(anonymous_0)","decl":{"start":{"line":7,"column":23},"end":{"line":7,"column":24}},"loc":{"start":{"line":7,"column":54},"end":{"line":9,"column":1}},"line":7},"1":{"name":"(anonymous_1)","decl":{"start":{"line":7,"column":54},"end":{"line":7,"column":55}},"loc":{"start":{"line":7,"column":78},"end":{"line":9,"column":1}},"line":7},"2":{"name":"(anonymous_2)","decl":{"start":{"line":12,"column":24},"end":{"line":12,"column":25}},"loc":{"start":{"line":12,"column":55},"end":{"line":39,"column":1}},"line":12},"3":{"name":"(anonymous_3)","decl":{"start":{"line":12,"column":55},"end":{"line":12,"column":56}},"loc":{"start":{"line":12,"column":77},"end":{"line":39,"column":1}},"line":12}},"branchMap":{"0":{"loc":{"start":{"line":8,"column":2},"end":{"line":8,"column":76}},"type":"if","locations":[{"start":{"line":8,"column":2},"end":{"line":8,"column":76}},{"start":{"line":8,"column":2},"end":{"line":8,"column":76}}],"line":8},"1":{"loc":{"start":{"line":8,"column":47},"end":{"line":8,"column":75}},"type":"binary-expr","locations":[{"start":{"line":8,"column":47},"end":{"line":8,"column":50}},{"start":{"line":8,"column":54},"end":{"line":8,"column":75}}],"line":8},"2":{"loc":{"start":{"line":16,"column":2},"end":{"line":38,"column":3}},"type":"switch","locations":[{"start":{"line":17,"column":4},"end":{"line":19,"column":12}},{"start":{"line":21,"column":4},"end":{"line":25,"column":12}},{"start":{"line":27,"column":4},"end":{"line":31,"column":12}},{"start":{"line":33,"column":4},"end":{"line":37,"column":12}}],"line":16}},"s":{"0":8,"1":8,"2":21,"3":21,"4":20,"5":8,"6":1058,"7":18,"8":18,"9":18,"10":1,"11":1,"12":1,"13":1,"14":1,"15":9,"16":9,"17":9,"18":7,"19":7,"20":7},"f":{"0":21,"1":21,"2":1058,"3":18},"b":{"0":[20,1],"1":[20,18],"2":[1,1,9,7]},"_coverageSchema":"332fd63041d2c1bcb487cc26dd0d5f7d97098a6c","hash":"63e4d28b5372ffd368fe2da5b1644bf1ada99120"}
,"/Users/Trav/Projects/resume-static-aws/src/calculator/Handlers/index.js": {"path":"/Users/Trav/Projects/resume-static-aws/src/calculator/Handlers/index.js","statementMap":{},"fnMap":{},"branchMap":{},"s":{},"f":{},"b":{},"_coverageSchema":"332fd63041d2c1bcb487cc26dd0d5f7d97098a6c","hash":"ec3d0e9d117cedaf100ddb99a04964b1fa5c0bd5"}
,"/Users/Trav/Projects/resume-static-aws/src/calculator/Models/LogicUnit.js": {"path":"/Users/Trav/Projects/resume-static-aws/src/calculator/Models/LogicUnit.js","statementMap":{"0":{"start":{"line":5,"column":18},"end":{"line":5,"column":52}},"1":{"start":{"line":6,"column":18},"end":{"line":6,"column":58}},"2":{"start":{"line":12,"column":4},"end":{"line":12,"column":25}},"3":{"start":{"line":16,"column":4},"end":{"line":16,"column":37}},"4":{"start":{"line":20,"column":16},"end":{"line":20,"column":42}},"5":{"start":{"line":21,"column":17},"end":{"line":21,"column":37}},"6":{"start":{"line":24,"column":4},"end":{"line":24,"column":61}},"7":{"start":{"line":24,"column":38},"end":{"line":24,"column":61}},"8":{"start":{"line":28,"column":4},"end":{"line":36,"column":5}},"9":{"start":{"line":28,"column":33},"end":{"line":28,"column":74}},"10":{"start":{"line":29,"column":9},"end":{"line":36,"column":5}},"11":{"start":{"line":32,"column":6},"end":{"line":32,"column":53}},"12":{"start":{"line":34,"column":6},"end":{"line":34,"column":66}},"13":{"start":{"line":35,"column":6},"end":{"line":35,"column":29}},"14":{"start":{"line":40,"column":4},"end":{"line":40,"column":57}},"15":{"start":{"line":40,"column":36},"end":{"line":40,"column":57}},"16":{"start":{"line":44,"column":4},"end":{"line":51,"column":5}},"17":{"start":{"line":45,"column":21},"end":{"line":45,"column":64}},"18":{"start":{"line":46,"column":21},"end":{"line":46,"column":72}},"19":{"start":{"line":47,"column":6},"end":{"line":47,"column":33}},"20":{"start":{"line":49,"column":6},"end":{"line":49,"column":28}},"21":{"start":{"line":50,"column":6},"end":{"line":50,"column":28}},"22":{"start":{"line":56,"column":17},"end":{"line":56,"column":60}},"23":{"start":{"line":60,"column":4},"end":{"line":93,"column":5}},"24":{"start":{"line":61,"column":6},"end":{"line":67,"column":7}},"25":{"start":{"line":62,"column":8},"end":{"line":64,"column":77}},"26":{"start":{"line":66,"column":8},"end":{"line":66,"column":35}},"27":{"start":{"line":72,"column":6},"end":{"line":92,"column":7}},"28":{"start":{"line":74,"column":10},"end":{"line":75,"column":69}},"29":{"start":{"line":75,"column":12},"end":{"line":75,"column":69}},"30":{"start":{"line":77,"column":10},"end":{"line":77,"column":16}},"31":{"start":{"line":81,"column":10},"end":{"line":81,"column":16}},"32":{"start":{"line":84,"column":10},"end":{"line":90,"column":78}},"33":{"start":{"line":86,"column":12},"end":{"line":86,"column":50}},"34":{"start":{"line":87,"column":15},"end":{"line":90,"column":78}},"35":{"start":{"line":89,"column":12},"end":{"line":89,"column":39}},"36":{"start":{"line":90,"column":15},"end":{"line":90,"column":78}},"37":{"start":{"line":91,"column":10},"end":{"line":91,"column":16}}},"fnMap":{"0":{"name":"(anonymous_0)","decl":{"start":{"line":11,"column":2},"end":{"line":11,"column":3}},"loc":{"start":{"line":11,"column":16},"end":{"line":13,"column":3}},"line":11},"1":{"name":"(anonymous_1)","decl":{"start":{"line":15,"column":2},"end":{"line":15,"column":3}},"loc":{"start":{"line":15,"column":26},"end":{"line":17,"column":3}},"line":15},"2":{"name":"(anonymous_2)","decl":{"start":{"line":19,"column":2},"end":{"line":19,"column":3}},"loc":{"start":{"line":19,"column":16},"end":{"line":37,"column":3}},"line":19},"3":{"name":"(anonymous_3)","decl":{"start":{"line":39,"column":2},"end":{"line":39,"column":3}},"loc":{"start":{"line":39,"column":17},"end":{"line":41,"column":3}},"line":39},"4":{"name":"(anonymous_4)","decl":{"start":{"line":43,"column":2},"end":{"line":43,"column":3}},"loc":{"start":{"line":43,"column":27},"end":{"line":52,"column":3}},"line":43},"5":{"name":"(anonymous_5)","decl":{"start":{"line":55,"column":2},"end":{"line":55,"column":3}},"loc":{"start":{"line":55,"column":29},"end":{"line":94,"column":3}},"line":55}},"branchMap":{"0":{"loc":{"start":{"line":24,"column":4},"end":{"line":24,"column":61}},"type":"if","locations":[{"start":{"line":24,"column":4},"end":{"line":24,"column":61}},{"start":{"line":24,"column":4},"end":{"line":24,"column":61}}],"line":24},"1":{"loc":{"start":{"line":28,"column":4},"end":{"line":36,"column":5}},"type":"if","locations":[{"start":{"line":28,"column":4},"end":{"line":36,"column":5}},{"start":{"line":28,"column":4},"end":{"line":36,"column":5}}],"line":28},"2":{"loc":{"start":{"line":28,"column":8},"end":{"line":28,"column":31}},"type":"binary-expr","locations":[{"start":{"line":28,"column":8},"end":{"line":28,"column":12}},{"start":{"line":28,"column":16},"end":{"line":28,"column":31}}],"line":28},"3":{"loc":{"start":{"line":29,"column":9},"end":{"line":36,"column":5}},"type":"if","locations":[{"start":{"line":29,"column":9},"end":{"line":36,"column":5}},{"start":{"line":29,"column":9},"end":{"line":36,"column":5}}],"line":29},"4":{"loc":{"start":{"line":29,"column":13},"end":{"line":29,"column":58}},"type":"binary-expr","locations":[{"start":{"line":29,"column":13},"end":{"line":29,"column":28}},{"start":{"line":29,"column":32},"end":{"line":29,"column":58}}],"line":29},"5":{"loc":{"start":{"line":40,"column":4},"end":{"line":40,"column":57}},"type":"if","locations":[{"start":{"line":40,"column":4},"end":{"line":40,"column":57}},{"start":{"line":40,"column":4},"end":{"line":40,"column":57}}],"line":40},"6":{"loc":{"start":{"line":60,"column":4},"end":{"line":93,"column":5}},"type":"if","locations":[{"start":{"line":60,"column":4},"end":{"line":93,"column":5}},{"start":{"line":60,"column":4},"end":{"line":93,"column":5}}],"line":60},"7":{"loc":{"start":{"line":60,"column":8},"end":{"line":60,"column":40}},"type":"binary-expr","locations":[{"start":{"line":60,"column":8},"end":{"line":60,"column":24}},{"start":{"line":60,"column":28},"end":{"line":60,"column":40}}],"line":60},"8":{"loc":{"start":{"line":61,"column":6},"end":{"line":67,"column":7}},"type":"if","locations":[{"start":{"line":61,"column":6},"end":{"line":67,"column":7}},{"start":{"line":61,"column":6},"end":{"line":67,"column":7}}],"line":61},"9":{"loc":{"start":{"line":62,"column":8},"end":{"line":64,"column":76}},"type":"cond-expr","locations":[{"start":{"line":63,"column":12},"end":{"line":63,"column":38}},{"start":{"line":64,"column":13},"end":{"line":64,"column":75}}],"line":62},"10":{"loc":{"start":{"line":72,"column":6},"end":{"line":92,"column":7}},"type":"switch","locations":[{"start":{"line":73,"column":8},"end":{"line":77,"column":16}},{"start":{"line":79,"column":8},"end":{"line":81,"column":16}},{"start":{"line":83,"column":8},"end":{"line":91,"column":16}}],"line":72},"11":{"loc":{"start":{"line":74,"column":10},"end":{"line":75,"column":69}},"type":"if","locations":[{"start":{"line":74,"column":10},"end":{"line":75,"column":69}},{"start":{"line":74,"column":10},"end":{"line":75,"column":69}}],"line":74},"12":{"loc":{"start":{"line":84,"column":10},"end":{"line":90,"column":78}},"type":"if","locations":[{"start":{"line":84,"column":10},"end":{"line":90,"column":78}},{"start":{"line":84,"column":10},"end":{"line":90,"column":78}}],"line":84},"13":{"loc":{"start":{"line":87,"column":15},"end":{"line":90,"column":78}},"type":"if","locations":[{"start":{"line":87,"column":15},"end":{"line":90,"column":78}},{"start":{"line":87,"column":15},"end":{"line":90,"column":78}}],"line":87},"14":{"loc":{"start":{"line":87,"column":19},"end":{"line":87,"column":47}},"type":"binary-expr","locations":[{"start":{"line":87,"column":19},"end":{"line":87,"column":31}},{"start":{"line":87,"column":35},"end":{"line":87,"column":47}}],"line":87},"15":{"loc":{"start":{"line":90,"column":36},"end":{"line":90,"column":76}},"type":"cond-expr","locations":[{"start":{"line":90,"column":59},"end":{"line":90,"column":69}},{"start":{"line":90,"column":72},"end":{"line":90,"column":76}}],"line":90}},"s":{"0":9,"1":9,"2":28,"3":33,"4":6,"5":6,"6":6,"7":4,"8":6,"9":4,"10":2,"11":1,"12":1,"13":1,"14":10,"15":6,"16":11,"17":11,"18":9,"19":9,"20":2,"21":2,"22":66,"23":66,"24":37,"25":7,"26":30,"27":29,"28":3,"29":3,"30":3,"31":0,"32":26,"33":3,"34":23,"35":6,"36":17,"37":26},"f":{"0":28,"1":33,"2":6,"3":10,"4":11,"5":66},"b":{"0":[4,2],"1":[4,2],"2":[6,6],"3":[1,1],"4":[2,2],"5":[6,4],"6":[37,29],"7":[66,31],"8":[7,30],"9":[0,7],"10":[3,0,26],"11":[3,0],"12":[3,23],"13":[6,17],"14":[23,22],"15":[5,12]},"_coverageSchema":"332fd63041d2c1bcb487cc26dd0d5f7d97098a6c","hash":"8163f48f533a53d14840f37791f987e4d8791a31"}
,"/Users/Trav/Projects/resume-static-aws/src/calculator/Models/constants.js": {"path":"/Users/Trav/Projects/resume-static-aws/src/calculator/Models/constants.js","statementMap":{"0":{"start":{"line":1,"column":15},"end":{"line":31,"column":1}}},"fnMap":{},"branchMap":{},"s":{"0":9},"f":{},"b":{},"_coverageSchema":"332fd63041d2c1bcb487cc26dd0d5f7d97098a6c","hash":"a965c93692ea82c8f0cb0cf5dde5a8f7d103e747"}
,"/Users/Trav/Projects/resume-static-aws/src/calculator/Models/index.js": {"path":"/Users/Trav/Projects/resume-static-aws/src/calculator/Models/index.js","statementMap":{},"fnMap":{},"branchMap":{},"s":{},"f":{},"b":{},"_coverageSchema":"332fd63041d2c1bcb487cc26dd0d5f7d97098a6c","hash":"6aba515374b25550074a45790527c5d7f2eefb01"}
,"/Users/Trav/Projects/resume-static-aws/src/common/api_keys.js": {"path":"/Users/Trav/Projects/resume-static-aws/src/common/api_keys.js","statementMap":{"0":{"start":{"line":3,"column":33},"end":{"line":3,"column":65}},"1":{"start":{"line":4,"column":34},"end":{"line":4,"column":68}}},"fnMap":{},"branchMap":{},"s":{"0":4,"1":4},"f":{},"b":{},"_coverageSchema":"332fd63041d2c1bcb487cc26dd0d5f7d97098a6c","hash":"bea9671108e69c3e2a2be28af8681e3743deb125"}
,"/Users/Trav/Projects/resume-static-aws/src/common/constants.js": {"path":"/Users/Trav/Projects/resume-static-aws/src/common/constants.js","statementMap":{"0":{"start":{"line":3,"column":20},"end":{"line":11,"column":1}},"1":{"start":{"line":13,"column":21},"end":{"line":26,"column":1}}},"fnMap":{},"branchMap":{},"s":{"0":11,"1":11},"f":{},"b":{},"_coverageSchema":"332fd63041d2c1bcb487cc26dd0d5f7d97098a6c","hash":"92ee178c9ce7ce412d44813b9638d593723d81d5"}
,"/Users/Trav/Projects/resume-static-aws/src/common/utils.js": {"path":"/Users/Trav/Projects/resume-static-aws/src/common/utils.js","statementMap":{"0":{"start":{"line":6,"column":16},"end":{"line":11,"column":1}},"1":{"start":{"line":7,"column":2},"end":{"line":9,"column":3}},"2":{"start":{"line":8,"column":4},"end":{"line":8,"column":26}},"3":{"start":{"line":10,"column":2},"end":{"line":10,"column":16}},"4":{"start":{"line":13,"column":24},"end":{"line":19,"column":1}},"5":{"start":{"line":14,"column":15},"end":{"line":14,"column":36}},"6":{"start":{"line":15,"column":18},"end":{"line":15,"column":58}},"7":{"start":{"line":16,"column":18},"end":{"line":16,"column":58}},"8":{"start":{"line":17,"column":23},"end":{"line":17,"column":68}},"9":{"start":{"line":18,"column":2},"end":{"line":18,"column":49}},"10":{"start":{"line":21,"column":23},"end":{"line":21,"column":25}},"11":{"start":{"line":22,"column":24},"end":{"line":22,"column":28}},"12":{"start":{"line":24,"column":14},"end":{"line":24,"column":69}},"13":{"start":{"line":24,"column":31},"end":{"line":24,"column":69}},"14":{"start":{"line":26,"column":18},"end":{"line":42,"column":1}},"15":{"start":{"line":27,"column":16},"end":{"line":27,"column":18}},"16":{"start":{"line":29,"column":2},"end":{"line":29,"column":39}},"17":{"start":{"line":29,"column":28},"end":{"line":29,"column":39}},"18":{"start":{"line":31,"column":2},"end":{"line":39,"column":3}},"19":{"start":{"line":32,"column":4},"end":{"line":38,"column":5}},"20":{"start":{"line":33,"column":6},"end":{"line":37,"column":8}},"21":{"start":{"line":41,"column":2},"end":{"line":41,"column":31}},"22":{"start":{"line":48,"column":4},"end":{"line":48,"column":19}},"23":{"start":{"line":49,"column":4},"end":{"line":49,"column":29}},"24":{"start":{"line":53,"column":21},"end":{"line":57,"column":1}},"25":{"start":{"line":54,"column":2},"end":{"line":56,"column":67}},"26":{"start":{"line":59,"column":19},"end":{"line":65,"column":1}},"27":{"start":{"line":60,"column":2},"end":{"line":64,"column":4}},"28":{"start":{"line":67,"column":35},"end":{"line":68,"column":33}},"29":{"start":{"line":68,"column":2},"end":{"line":68,"column":33}},"30":{"start":{"line":70,"column":21},"end":{"line":73,"column":1}},"31":{"start":{"line":71,"column":2},"end":{"line":71,"column":80}},"32":{"start":{"line":71,"column":30},"end":{"line":71,"column":80}},"33":{"start":{"line":72,"column":2},"end":{"line":72,"column":48}}},"fnMap":{"0":{"name":"(anonymous_0)","decl":{"start":{"line":6,"column":16},"end":{"line":6,"column":17}},"loc":{"start":{"line":6,"column":53},"end":{"line":11,"column":1}},"line":6},"1":{"name":"(anonymous_1)","decl":{"start":{"line":13,"column":24},"end":{"line":13,"column":25}},"loc":{"start":{"line":13,"column":49},"end":{"line":19,"column":1}},"line":13},"2":{"name":"(anonymous_2)","decl":{"start":{"line":24,"column":14},"end":{"line":24,"column":15}},"loc":{"start":{"line":24,"column":31},"end":{"line":24,"column":69}},"line":24},"3":{"name":"(anonymous_3)","decl":{"start":{"line":26,"column":18},"end":{"line":26,"column":19}},"loc":{"start":{"line":26,"column":51},"end":{"line":42,"column":1}},"line":26},"4":{"name":"(anonymous_4)","decl":{"start":{"line":47,"column":2},"end":{"line":47,"column":3}},"loc":{"start":{"line":47,"column":51},"end":{"line":50,"column":3}},"line":47},"5":{"name":"(anonymous_5)","decl":{"start":{"line":53,"column":21},"end":{"line":53,"column":22}},"loc":{"start":{"line":53,"column":38},"end":{"line":57,"column":1}},"line":53},"6":{"name":"(anonymous_6)","decl":{"start":{"line":59,"column":19},"end":{"line":59,"column":20}},"loc":{"start":{"line":59,"column":35},"end":{"line":65,"column":1}},"line":59},"7":{"name":"(anonymous_7)","decl":{"start":{"line":67,"column":35},"end":{"line":67,"column":36}},"loc":{"start":{"line":68,"column":2},"end":{"line":68,"column":33}},"line":68},"8":{"name":"(anonymous_8)","decl":{"start":{"line":70,"column":21},"end":{"line":70,"column":22}},"loc":{"start":{"line":70,"column":45},"end":{"line":73,"column":1}},"line":70}},"branchMap":{"0":{"loc":{"start":{"line":29,"column":2},"end":{"line":29,"column":39}},"type":"if","locations":[{"start":{"line":29,"column":2},"end":{"line":29,"column":39}},{"start":{"line":29,"column":2},"end":{"line":29,"column":39}}],"line":29},"1":{"loc":{"start":{"line":32,"column":4},"end":{"line":38,"column":5}},"type":"if","locations":[{"start":{"line":32,"column":4},"end":{"line":38,"column":5}},{"start":{"line":32,"column":4},"end":{"line":38,"column":5}}],"line":32},"2":{"loc":{"start":{"line":54,"column":9},"end":{"line":56,"column":66}},"type":"cond-expr","locations":[{"start":{"line":55,"column":6},"end":{"line":55,"column":16}},{"start":{"line":56,"column":6},"end":{"line":56,"column":66}}],"line":54},"3":{"loc":{"start":{"line":56,"column":6},"end":{"line":56,"column":66}},"type":"cond-expr","locations":[{"start":{"line":56,"column":18},"end":{"line":56,"column":28}},{"start":{"line":56,"column":31},"end":{"line":56,"column":66}}],"line":56},"4":{"loc":{"start":{"line":56,"column":31},"end":{"line":56,"column":66}},"type":"cond-expr","locations":[{"start":{"line":56,"column":43},"end":{"line":56,"column":53}},{"start":{"line":56,"column":56},"end":{"line":56,"column":66}}],"line":56},"5":{"loc":{"start":{"line":71,"column":2},"end":{"line":71,"column":80}},"type":"if","locations":[{"start":{"line":71,"column":2},"end":{"line":71,"column":80}},{"start":{"line":71,"column":2},"end":{"line":71,"column":80}}],"line":71}},"s":{"0":11,"1":40,"2":41,"3":40,"4":11,"5":13,"6":13,"7":13,"8":13,"9":13,"10":11,"11":11,"12":11,"13":24,"14":11,"15":9,"16":9,"17":8,"18":9,"19":45,"20":45,"21":9,"22":6,"23":6,"24":11,"25":81,"26":11,"27":77,"28":11,"29":77,"30":11,"31":10,"32":5,"33":5},"f":{"0":40,"1":13,"2":24,"3":9,"4":6,"5":81,"6":77,"7":77,"8":10},"b":{"0":[8,1],"1":[45,0],"2":[1,80],"3":[1,79],"4":[1,78],"5":[5,5]},"_coverageSchema":"332fd63041d2c1bcb487cc26dd0d5f7d97098a6c","hash":"0eeeb7c95f5ccf7547e60e2855d7fb35000f87f0"}
,"/Users/Trav/Projects/resume-static-aws/src/localweather/index.js": {"path":"/Users/Trav/Projects/resume-static-aws/src/localweather/index.js","statementMap":{"0":{"start":{"line":4,"column":0},"end":{"line":21,"column":1}},"1":{"start":{"line":5,"column":2},"end":{"line":20,"column":5}},"2":{"start":{"line":6,"column":20},"end":{"line":6,"column":61}},"3":{"start":{"line":7,"column":19},"end":{"line":7,"column":53}},"4":{"start":{"line":8,"column":18},"end":{"line":8,"column":52}},"5":{"start":{"line":9,"column":25},"end":{"line":11,"column":5}},"6":{"start":{"line":13,"column":4},"end":{"line":16,"column":9}},"7":{"start":{"line":14,"column":6},"end":{"line":16,"column":9}},"8":{"start":{"line":15,"column":8},"end":{"line":15,"column":73}},"9":{"start":{"line":18,"column":23},"end":{"line":18,"column":68}},"10":{"start":{"line":19,"column":4},"end":{"line":19,"column":57}}},"fnMap":{"0":{"name":"(anonymous_0)","decl":{"start":{"line":5,"column":48},"end":{"line":5,"column":49}},"loc":{"start":{"line":5,"column":54},"end":{"line":20,"column":3}},"line":5},"1":{"name":"(anonymous_1)","decl":{"start":{"line":14,"column":26},"end":{"line":14,"column":27}},"loc":{"start":{"line":14,"column":34},"end":{"line":16,"column":7}},"line":14}},"branchMap":{"0":{"loc":{"start":{"line":4,"column":0},"end":{"line":21,"column":1}},"type":"if","locations":[{"start":{"line":4,"column":0},"end":{"line":21,"column":1}},{"start":{"line":4,"column":0},"end":{"line":21,"column":1}}],"line":4},"1":{"loc":{"start":{"line":13,"column":4},"end":{"line":16,"column":9}},"type":"if","locations":[{"start":{"line":13,"column":4},"end":{"line":16,"column":9}},{"start":{"line":13,"column":4},"end":{"line":16,"column":9}}],"line":13}},"s":{"0":3,"1":3,"2":2,"3":2,"4":2,"5":2,"6":2,"7":2,"8":4,"9":2,"10":2},"f":{"0":2,"1":4},"b":{"0":[3,0],"1":[2,0]},"_coverageSchema":"332fd63041d2c1bcb487cc26dd0d5f7d97098a6c","hash":"904164193b109196d10d5792ec9279b06f05f6cb"}
,"/Users/Trav/Projects/resume-static-aws/src/localweather/index.pug": {"path":"/Users/Trav/Projects/resume-static-aws/src/localweather/index.pug","statementMap":{"0":{"start":{"line":1,"column":0},"end":{"line":1,"column":6914}}},"fnMap":{},"branchMap":{},"s":{"0":2},"f":{},"b":{},"_coverageSchema":"332fd63041d2c1bcb487cc26dd0d5f7d97098a6c","hash":"f762c8bf72b0a48f5dfcfc1823f46b8c10905683"}
,"/Users/Trav/Projects/resume-static-aws/src/localweather/Api/Api.js": {"path":"/Users/Trav/Projects/resume-static-aws/src/localweather/Api/Api.js","statementMap":{"0":{"start":{"line":28,"column":21},"end":{"line":74,"column":1}},"1":{"start":{"line":53,"column":15},"end":{"line":59,"column":3}},"2":{"start":{"line":67,"column":2},"end":{"line":73,"column":7}},"3":{"start":{"line":72,"column":6},"end":{"line":72,"column":18}},"4":{"start":{"line":80,"column":23},"end":{"line":84,"column":2}},"5":{"start":{"line":80,"column":60},"end":{"line":84,"column":1}},"6":{"start":{"line":86,"column":25},"end":{"line":98,"column":2}},"7":{"start":{"line":86,"column":64},"end":{"line":98,"column":1}},"8":{"start":{"line":100,"column":18},"end":{"line":106,"column":1}},"9":{"start":{"line":101,"column":19},"end":{"line":101,"column":40}},"10":{"start":{"line":102,"column":16},"end":{"line":102,"column":40}},"11":{"start":{"line":103,"column":18},"end":{"line":103,"column":39}},"12":{"start":{"line":105,"column":2},"end":{"line":105,"column":69}},"13":{"start":{"line":108,"column":29},"end":{"line":118,"column":1}},"14":{"start":{"line":113,"column":27},"end":{"line":113,"column":32}},"15":{"start":{"line":114,"column":24},"end":{"line":114,"column":63}},"16":{"start":{"line":116,"column":2},"end":{"line":116,"column":49}},"17":{"start":{"line":116,"column":21},"end":{"line":116,"column":49}},"18":{"start":{"line":117,"column":2},"end":{"line":117,"column":26}}},"fnMap":{"0":{"name":"(anonymous_0)","decl":{"start":{"line":28,"column":21},"end":{"line":28,"column":22}},"loc":{"start":{"line":28,"column":62},"end":{"line":74,"column":1}},"line":28},"1":{"name":"(anonymous_1)","decl":{"start":{"line":71,"column":11},"end":{"line":71,"column":12}},"loc":{"start":{"line":71,"column":20},"end":{"line":73,"column":5}},"line":71},"2":{"name":"(anonymous_2)","decl":{"start":{"line":80,"column":23},"end":{"line":80,"column":24}},"loc":{"start":{"line":80,"column":60},"end":{"line":84,"column":1}},"line":80},"3":{"name":"(anonymous_3)","decl":{"start":{"line":86,"column":25},"end":{"line":86,"column":26}},"loc":{"start":{"line":86,"column":64},"end":{"line":98,"column":1}},"line":86},"4":{"name":"(anonymous_4)","decl":{"start":{"line":100,"column":18},"end":{"line":100,"column":19}},"loc":{"start":{"line":100,"column":67},"end":{"line":106,"column":1}},"line":100},"5":{"name":"(anonymous_5)","decl":{"start":{"line":108,"column":29},"end":{"line":108,"column":30}},"loc":{"start":{"line":112,"column":12},"end":{"line":118,"column":1}},"line":112}},"branchMap":{"0":{"loc":{"start":{"line":88,"column":8},"end":{"line":88,"column":49}},"type":"binary-expr","locations":[{"start":{"line":88,"column":9},"end":{"line":88,"column":21}},{"start":{"line":88,"column":25},"end":{"line":88,"column":43}},{"start":{"line":88,"column":48},"end":{"line":88,"column":49}}],"line":88},"1":{"loc":{"start":{"line":89,"column":8},"end":{"line":89,"column":49}},"type":"binary-expr","locations":[{"start":{"line":89,"column":9},"end":{"line":89,"column":21}},{"start":{"line":89,"column":25},"end":{"line":89,"column":43}},{"start":{"line":89,"column":48},"end":{"line":89,"column":49}}],"line":89},"2":{"loc":{"start":{"line":114,"column":24},"end":{"line":114,"column":63}},"type":"binary-expr","locations":[{"start":{"line":114,"column":24},"end":{"line":114,"column":33}},{"start":{"line":114,"column":37},"end":{"line":114,"column":63}}],"line":114},"3":{"loc":{"start":{"line":116,"column":2},"end":{"line":116,"column":49}},"type":"if","locations":[{"start":{"line":116,"column":2},"end":{"line":116,"column":49}},{"start":{"line":116,"column":2},"end":{"line":116,"column":49}}],"line":116}},"s":{"0":3,"1":4,"2":4,"3":2,"4":3,"5":2,"6":3,"7":76,"8":3,"9":76,"10":76,"11":76,"12":76,"13":3,"14":78,"15":78,"16":78,"17":67,"18":11},"f":{"0":4,"1":2,"2":2,"3":76,"4":76,"5":78},"b":{"0":[76,76,52],"1":[76,76,52],"2":[78,76],"3":[67,11]},"_coverageSchema":"332fd63041d2c1bcb487cc26dd0d5f7d97098a6c","hash":"9a4f98117ee4082ac39ed18c85830bc6def3fe40"}
,"/Users/Trav/Projects/resume-static-aws/src/localweather/Api/index.js": {"path":"/Users/Trav/Projects/resume-static-aws/src/localweather/Api/index.js","statementMap":{},"fnMap":{},"branchMap":{},"s":{},"f":{},"b":{},"_coverageSchema":"332fd63041d2c1bcb487cc26dd0d5f7d97098a6c","hash":"7c01db4d34ce9b893fa7d88d3aca6918f64e199c"}
,"/Users/Trav/Projects/resume-static-aws/src/localweather/Handlers/Handlers.js": {"path":"/Users/Trav/Projects/resume-static-aws/src/localweather/Handlers/Handlers.js","statementMap":{"0":{"start":{"line":27,"column":26},"end":{"line":46,"column":1}},"1":{"start":{"line":31,"column":5},"end":{"line":46,"column":1}},"2":{"start":{"line":32,"column":34},"end":{"line":32,"column":49}},"3":{"start":{"line":33,"column":17},"end":{"line":33,"column":58}},"4":{"start":{"line":34,"column":27},"end":{"line":34,"column":54}},"5":{"start":{"line":37,"column":2},"end":{"line":45,"column":3}},"6":{"start":{"line":38,"column":29},"end":{"line":38,"column":57}},"7":{"start":{"line":39,"column":32},"end":{"line":39,"column":39}},"8":{"start":{"line":40,"column":25},"end":{"line":40,"column":57}},"9":{"start":{"line":40,"column":47},"end":{"line":40,"column":56}},"10":{"start":{"line":41,"column":4},"end":{"line":41,"column":42}},"11":{"start":{"line":41,"column":16},"end":{"line":41,"column":42}},"12":{"start":{"line":42,"column":4},"end":{"line":42,"column":63}},"13":{"start":{"line":42,"column":15},"end":{"line":42,"column":63}},"14":{"start":{"line":44,"column":4},"end":{"line":44,"column":34}},"15":{"start":{"line":59,"column":24},"end":{"line":96,"column":1}},"16":{"start":{"line":64,"column":14},"end":{"line":64,"column":15}},"17":{"start":{"line":65,"column":13},"end":{"line":65,"column":30}},"18":{"start":{"line":66,"column":17},"end":{"line":66,"column":31}},"19":{"start":{"line":68,"column":2},"end":{"line":95,"column":3}},"20":{"start":{"line":78,"column":60},"end":{"line":78,"column":68}},"21":{"start":{"line":80,"column":4},"end":{"line":80,"column":39}},"22":{"start":{"line":81,"column":4},"end":{"line":81,"column":40}},"23":{"start":{"line":82,"column":4},"end":{"line":84,"column":29}},"24":{"start":{"line":85,"column":25},"end":{"line":85,"column":53}},"25":{"start":{"line":86,"column":4},"end":{"line":86,"column":23}},"26":{"start":{"line":87,"column":4},"end":{"line":87,"column":47}},"27":{"start":{"line":89,"column":4},"end":{"line":89,"column":74}},"28":{"start":{"line":89,"column":35},"end":{"line":89,"column":74}},"29":{"start":{"line":92,"column":4},"end":{"line":92,"column":15}},"30":{"start":{"line":93,"column":4},"end":{"line":93,"column":29}},"31":{"start":{"line":94,"column":4},"end":{"line":94,"column":30}},"32":{"start":{"line":98,"column":32},"end":{"line":120,"column":1}},"33":{"start":{"line":98,"column":66},"end":{"line":120,"column":1}},"34":{"start":{"line":101,"column":14},"end":{"line":101,"column":15}},"35":{"start":{"line":103,"column":13},"end":{"line":103,"column":30}},"36":{"start":{"line":105,"column":2},"end":{"line":105,"column":47}},"37":{"start":{"line":105,"column":20},"end":{"line":105,"column":47}},"38":{"start":{"line":107,"column":2},"end":{"line":119,"column":3}},"39":{"start":{"line":108,"column":4},"end":{"line":110,"column":26}},"40":{"start":{"line":113,"column":4},"end":{"line":113,"column":15}},"41":{"start":{"line":114,"column":4},"end":{"line":114,"column":29}},"42":{"start":{"line":115,"column":4},"end":{"line":118,"column":5}},"43":{"start":{"line":115,"column":22},"end":{"line":115,"column":49}},"44":{"start":{"line":117,"column":6},"end":{"line":117,"column":12}},"45":{"start":{"line":123,"column":18},"end":{"line":128,"column":1}},"46":{"start":{"line":124,"column":2},"end":{"line":127,"column":19}}},"fnMap":{"0":{"name":"(anonymous_0)","decl":{"start":{"line":27,"column":26},"end":{"line":27,"column":27}},"loc":{"start":{"line":31,"column":5},"end":{"line":46,"column":1}},"line":31},"1":{"name":"(anonymous_1)","decl":{"start":{"line":31,"column":5},"end":{"line":31,"column":6}},"loc":{"start":{"line":31,"column":35},"end":{"line":46,"column":1}},"line":31},"2":{"name":"(anonymous_2)","decl":{"start":{"line":40,"column":39},"end":{"line":40,"column":40}},"loc":{"start":{"line":40,"column":47},"end":{"line":40,"column":56}},"line":40},"3":{"name":"(anonymous_3)","decl":{"start":{"line":59,"column":24},"end":{"line":59,"column":25}},"loc":{"start":{"line":63,"column":11},"end":{"line":96,"column":1}},"line":63},"4":{"name":"(anonymous_4)","decl":{"start":{"line":98,"column":32},"end":{"line":98,"column":33}},"loc":{"start":{"line":98,"column":66},"end":{"line":120,"column":1}},"line":98},"5":{"name":"(anonymous_5)","decl":{"start":{"line":98,"column":66},"end":{"line":98,"column":67}},"loc":{"start":{"line":100,"column":5},"end":{"line":120,"column":1}},"line":100},"6":{"name":"(anonymous_6)","decl":{"start":{"line":123,"column":18},"end":{"line":123,"column":19}},"loc":{"start":{"line":123,"column":24},"end":{"line":128,"column":1}},"line":123}},"branchMap":{"0":{"loc":{"start":{"line":41,"column":4},"end":{"line":41,"column":42}},"type":"if","locations":[{"start":{"line":41,"column":4},"end":{"line":41,"column":42}},{"start":{"line":41,"column":4},"end":{"line":41,"column":42}}],"line":41},"1":{"loc":{"start":{"line":42,"column":4},"end":{"line":42,"column":63}},"type":"if","locations":[{"start":{"line":42,"column":4},"end":{"line":42,"column":63}},{"start":{"line":42,"column":4},"end":{"line":42,"column":63}}],"line":42},"2":{"loc":{"start":{"line":68,"column":9},"end":{"line":68,"column":25}},"type":"binary-expr","locations":[{"start":{"line":68,"column":9},"end":{"line":68,"column":13}},{"start":{"line":68,"column":17},"end":{"line":68,"column":25}}],"line":68},"3":{"loc":{"start":{"line":82,"column":35},"end":{"line":84,"column":28}},"type":"cond-expr","locations":[{"start":{"line":83,"column":8},"end":{"line":83,"column":25}},{"start":{"line":84,"column":8},"end":{"line":84,"column":28}}],"line":82},"4":{"loc":{"start":{"line":89,"column":4},"end":{"line":89,"column":74}},"type":"if","locations":[{"start":{"line":89,"column":4},"end":{"line":89,"column":74}},{"start":{"line":89,"column":4},"end":{"line":89,"column":74}}],"line":89},"5":{"loc":{"start":{"line":105,"column":2},"end":{"line":105,"column":47}},"type":"if","locations":[{"start":{"line":105,"column":2},"end":{"line":105,"column":47}},{"start":{"line":105,"column":2},"end":{"line":105,"column":47}}],"line":105},"6":{"loc":{"start":{"line":107,"column":9},"end":{"line":107,"column":21}},"type":"binary-expr","locations":[{"start":{"line":107,"column":9},"end":{"line":107,"column":13}},{"start":{"line":107,"column":17},"end":{"line":107,"column":21}}],"line":107},"7":{"loc":{"start":{"line":108,"column":23},"end":{"line":110,"column":25}},"type":"cond-expr","locations":[{"start":{"line":109,"column":8},"end":{"line":109,"column":28}},{"start":{"line":110,"column":8},"end":{"line":110,"column":25}}],"line":108},"8":{"loc":{"start":{"line":115,"column":4},"end":{"line":118,"column":5}},"type":"if","locations":[{"start":{"line":115,"column":4},"end":{"line":118,"column":5}},{"start":{"line":115,"column":4},"end":{"line":118,"column":5}}],"line":115},"9":{"loc":{"start":{"line":124,"column":9},"end":{"line":127,"column":18}},"type":"cond-expr","locations":[{"start":{"line":126,"column":6},"end":{"line":126,"column":15}},{"start":{"line":127,"column":6},"end":{"line":127,"column":18}}],"line":124}},"s":{"0":3,"1":3,"2":2,"3":2,"4":2,"5":2,"6":2,"7":1,"8":1,"9":38,"10":1,"11":1,"12":1,"13":1,"14":1,"15":3,"16":2,"17":2,"18":2,"19":2,"20":39,"21":39,"22":39,"23":39,"24":39,"25":39,"26":39,"27":39,"28":0,"29":39,"30":39,"31":39,"32":3,"33":3,"34":1,"35":1,"36":1,"37":1,"38":1,"39":1,"40":1,"41":1,"42":1,"43":1,"44":0,"45":3,"46":2},"f":{"0":3,"1":2,"2":38,"3":2,"4":3,"5":1,"6":2},"b":{"0":[1,0],"1":[1,0],"2":[41,40],"3":[1,38],"4":[0,39],"5":[1,0],"6":[2,2],"7":[1,0],"8":[1,0],"9":[1,1]},"_coverageSchema":"332fd63041d2c1bcb487cc26dd0d5f7d97098a6c","hash":"664691c42cdb13feed75d22b49a310e3a9c48713"}
,"/Users/Trav/Projects/resume-static-aws/src/localweather/Handlers/constants.js": {"path":"/Users/Trav/Projects/resume-static-aws/src/localweather/Handlers/constants.js","statementMap":{"0":{"start":{"line":5,"column":17},"end":{"line":5,"column":66}},"1":{"start":{"line":6,"column":29},"end":{"line":11,"column":2}},"2":{"start":{"line":6,"column":60},"end":{"line":11,"column":1}}},"fnMap":{"0":{"name":"(anonymous_0)","decl":{"start":{"line":6,"column":29},"end":{"line":6,"column":30}},"loc":{"start":{"line":6,"column":60},"end":{"line":11,"column":1}},"line":6}},"branchMap":{},"s":{"0":3,"1":3,"2":2},"f":{"0":2},"b":{},"_coverageSchema":"332fd63041d2c1bcb487cc26dd0d5f7d97098a6c","hash":"f41cc7f52b59b90969ddd38ad2dae0c845b8be1c"}
,"/Users/Trav/Projects/resume-static-aws/src/localweather/Handlers/index.js": {"path":"/Users/Trav/Projects/resume-static-aws/src/localweather/Handlers/index.js","statementMap":{},"fnMap":{},"branchMap":{},"s":{},"f":{},"b":{},"_coverageSchema":"332fd63041d2c1bcb487cc26dd0d5f7d97098a6c","hash":"daf32e7a7d6af4088fcac2a8b0f711b88089cc52"}
,"/Users/Trav/Projects/resume-static-aws/src/localweather/Models/index.js": {"path":"/Users/Trav/Projects/resume-static-aws/src/localweather/Models/index.js","statementMap":{},"fnMap":{},"branchMap":{},"s":{},"f":{},"b":{},"_coverageSchema":"332fd63041d2c1bcb487cc26dd0d5f7d97098a6c","hash":"690ec34b6825e08a848dc34bcae7c42a418ea084"}
,"/Users/Trav/Projects/resume-static-aws/src/pomodoro/index.js": {"path":"/Users/Trav/Projects/resume-static-aws/src/pomodoro/index.js","statementMap":{"0":{"start":{"line":4,"column":0},"end":{"line":34,"column":1}},"1":{"start":{"line":5,"column":2},"end":{"line":33,"column":5}},"2":{"start":{"line":6,"column":16},"end":{"line":6,"column":34}},"3":{"start":{"line":7,"column":21},"end":{"line":7,"column":72}},"4":{"start":{"line":8,"column":24},"end":{"line":10,"column":30}},"5":{"start":{"line":11,"column":24},"end":{"line":13,"column":30}},"6":{"start":{"line":14,"column":24},"end":{"line":16,"column":30}},"7":{"start":{"line":17,"column":24},"end":{"line":19,"column":30}},"8":{"start":{"line":20,"column":22},"end":{"line":22,"column":30}},"9":{"start":{"line":23,"column":22},"end":{"line":25,"column":30}},"10":{"start":{"line":27,"column":4},"end":{"line":27,"column":59}},"11":{"start":{"line":28,"column":4},"end":{"line":28,"column":60}},"12":{"start":{"line":29,"column":4},"end":{"line":29,"column":69}},"13":{"start":{"line":30,"column":4},"end":{"line":30,"column":69}},"14":{"start":{"line":31,"column":4},"end":{"line":31,"column":69}},"15":{"start":{"line":32,"column":4},"end":{"line":32,"column":69}}},"fnMap":{"0":{"name":"(anonymous_0)","decl":{"start":{"line":5,"column":48},"end":{"line":5,"column":49}},"loc":{"start":{"line":5,"column":54},"end":{"line":33,"column":3}},"line":5}},"branchMap":{"0":{"loc":{"start":{"line":4,"column":0},"end":{"line":34,"column":1}},"type":"if","locations":[{"start":{"line":4,"column":0},"end":{"line":34,"column":1}},{"start":{"line":4,"column":0},"end":{"line":34,"column":1}}],"line":4}},"s":{"0":1,"1":1,"2":6,"3":6,"4":6,"5":6,"6":6,"7":6,"8":6,"9":6,"10":6,"11":6,"12":6,"13":6,"14":6,"15":6},"f":{"0":6},"b":{"0":[1,0]},"_coverageSchema":"332fd63041d2c1bcb487cc26dd0d5f7d97098a6c","hash":"66a111b841621e22520329b0bba84bf2b574be3c"}
,"/Users/Trav/Projects/resume-static-aws/src/pomodoro/index.pug": {"path":"/Users/Trav/Projects/resume-static-aws/src/pomodoro/index.pug","statementMap":{"0":{"start":{"line":1,"column":0},"end":{"line":1,"column":694}}},"fnMap":{},"branchMap":{},"s":{"0":1},"f":{},"b":{},"_coverageSchema":"332fd63041d2c1bcb487cc26dd0d5f7d97098a6c","hash":"e291c1f1807af97366cfb6b6a10674ccf20b2c3d"}
,"/Users/Trav/Projects/resume-static-aws/src/pomodoro/Models/Pomodoro.js": {"path":"/Users/Trav/Projects/resume-static-aws/src/pomodoro/Models/Pomodoro.js","statementMap":{"0":{"start":{"line":6,"column":14},"end":{"line":6,"column":56}},"1":{"start":{"line":7,"column":14},"end":{"line":7,"column":44}},"2":{"start":{"line":17,"column":4},"end":{"line":17,"column":31}},"3":{"start":{"line":18,"column":4},"end":{"line":18,"column":28}},"4":{"start":{"line":19,"column":4},"end":{"line":19,"column":58}},"5":{"start":{"line":24,"column":17},"end":{"line":24,"column":45}},"6":{"start":{"line":25,"column":4},"end":{"line":26,"column":75}},"7":{"start":{"line":26,"column":6},"end":{"line":26,"column":74}},"8":{"start":{"line":30,"column":4},"end":{"line":30,"column":49}},"9":{"start":{"line":30,"column":32},"end":{"line":30,"column":48}},"10":{"start":{"line":34,"column":4},"end":{"line":34,"column":46}},"11":{"start":{"line":34,"column":20},"end":{"line":34,"column":46}},"12":{"start":{"line":38,"column":4},"end":{"line":38,"column":45}},"13":{"start":{"line":39,"column":17},"end":{"line":39,"column":21}},"14":{"start":{"line":41,"column":17},"end":{"line":54,"column":5}},"15":{"start":{"line":42,"column":18},"end":{"line":42,"column":40}},"16":{"start":{"line":43,"column":22},"end":{"line":43,"column":48}},"17":{"start":{"line":45,"column":6},"end":{"line":53,"column":7}},"18":{"start":{"line":47,"column":8},"end":{"line":47,"column":55}},"19":{"start":{"line":50,"column":8},"end":{"line":50,"column":51}},"20":{"start":{"line":51,"column":8},"end":{"line":51,"column":50}},"21":{"start":{"line":51,"column":24},"end":{"line":51,"column":50}},"22":{"start":{"line":52,"column":8},"end":{"line":52,"column":73}},"23":{"start":{"line":56,"column":4},"end":{"line":56,"column":39}},"24":{"start":{"line":61,"column":4},"end":{"line":69,"column":6}},"25":{"start":{"line":62,"column":6},"end":{"line":68,"column":7}},"26":{"start":{"line":63,"column":8},"end":{"line":63,"column":35}},"27":{"start":{"line":64,"column":8},"end":{"line":64,"column":57}},"28":{"start":{"line":66,"column":8},"end":{"line":66,"column":35}},"29":{"start":{"line":67,"column":8},"end":{"line":67,"column":32}},"30":{"start":{"line":74,"column":4},"end":{"line":76,"column":6}},"31":{"start":{"line":75,"column":6},"end":{"line":75,"column":37}}},"fnMap":{"0":{"name":"(anonymous_0)","decl":{"start":{"line":16,"column":2},"end":{"line":16,"column":3}},"loc":{"start":{"line":16,"column":42},"end":{"line":20,"column":3}},"line":16},"1":{"name":"(anonymous_1)","decl":{"start":{"line":23,"column":2},"end":{"line":23,"column":3}},"loc":{"start":{"line":23,"column":46},"end":{"line":27,"column":3}},"line":23},"2":{"name":"(anonymous_2)","decl":{"start":{"line":25,"column":11},"end":{"line":25,"column":12}},"loc":{"start":{"line":26,"column":6},"end":{"line":26,"column":74}},"line":26},"3":{"name":"(anonymous_3)","decl":{"start":{"line":29,"column":2},"end":{"line":29,"column":3}},"loc":{"start":{"line":29,"column":26},"end":{"line":31,"column":3}},"line":29},"4":{"name":"(anonymous_4)","decl":{"start":{"line":30,"column":11},"end":{"line":30,"column":12}},"loc":{"start":{"line":30,"column":32},"end":{"line":30,"column":48}},"line":30},"5":{"name":"(anonymous_5)","decl":{"start":{"line":33,"column":2},"end":{"line":33,"column":3}},"loc":{"start":{"line":33,"column":14},"end":{"line":35,"column":3}},"line":33},"6":{"name":"(anonymous_6)","decl":{"start":{"line":37,"column":2},"end":{"line":37,"column":3}},"loc":{"start":{"line":37,"column":54},"end":{"line":57,"column":3}},"line":37},"7":{"name":"(anonymous_7)","decl":{"start":{"line":41,"column":17},"end":{"line":41,"column":18}},"loc":{"start":{"line":41,"column":23},"end":{"line":54,"column":5}},"line":41},"8":{"name":"(anonymous_8)","decl":{"start":{"line":60,"column":2},"end":{"line":60,"column":3}},"loc":{"start":{"line":60,"column":31},"end":{"line":70,"column":3}},"line":60},"9":{"name":"(anonymous_9)","decl":{"start":{"line":61,"column":11},"end":{"line":61,"column":12}},"loc":{"start":{"line":61,"column":25},"end":{"line":69,"column":5}},"line":61},"10":{"name":"(anonymous_10)","decl":{"start":{"line":73,"column":2},"end":{"line":73,"column":3}},"loc":{"start":{"line":73,"column":30},"end":{"line":77,"column":3}},"line":73},"11":{"name":"(anonymous_11)","decl":{"start":{"line":74,"column":11},"end":{"line":74,"column":12}},"loc":{"start":{"line":74,"column":25},"end":{"line":76,"column":5}},"line":74}},"branchMap":{"0":{"loc":{"start":{"line":24,"column":17},"end":{"line":24,"column":45}},"type":"cond-expr","locations":[{"start":{"line":24,"column":39},"end":{"line":24,"column":40}},{"start":{"line":24,"column":43},"end":{"line":24,"column":45}}],"line":24},"1":{"loc":{"start":{"line":34,"column":4},"end":{"line":34,"column":46}},"type":"if","locations":[{"start":{"line":34,"column":4},"end":{"line":34,"column":46}},{"start":{"line":34,"column":4},"end":{"line":34,"column":46}}],"line":34},"2":{"loc":{"start":{"line":45,"column":6},"end":{"line":53,"column":7}},"type":"if","locations":[{"start":{"line":45,"column":6},"end":{"line":53,"column":7}},{"start":{"line":45,"column":6},"end":{"line":53,"column":7}}],"line":45},"3":{"loc":{"start":{"line":51,"column":8},"end":{"line":51,"column":50}},"type":"if","locations":[{"start":{"line":51,"column":8},"end":{"line":51,"column":50}},{"start":{"line":51,"column":8},"end":{"line":51,"column":50}}],"line":51},"4":{"loc":{"start":{"line":52,"column":21},"end":{"line":52,"column":72}},"type":"cond-expr","locations":[{"start":{"line":52,"column":49},"end":{"line":52,"column":59}},{"start":{"line":52,"column":62},"end":{"line":52,"column":72}}],"line":52},"5":{"loc":{"start":{"line":62,"column":6},"end":{"line":68,"column":7}},"type":"if","locations":[{"start":{"line":62,"column":6},"end":{"line":68,"column":7}},{"start":{"line":62,"column":6},"end":{"line":68,"column":7}}],"line":62}},"s":{"0":1,"1":1,"2":10,"3":10,"4":10,"5":4,"6":4,"7":4,"8":3,"9":13,"10":1,"11":1,"12":2,"13":2,"14":2,"15":12,"16":12,"17":12,"18":10,"19":2,"20":2,"21":2,"22":2,"23":2,"24":1,"25":2,"26":1,"27":1,"28":1,"29":1,"30":1,"31":1},"f":{"0":10,"1":4,"2":4,"3":3,"4":13,"5":1,"6":2,"7":12,"8":1,"9":2,"10":1,"11":1},"b":{"0":[2,2],"1":[1,0],"2":[10,2],"3":[2,0],"4":[2,0],"5":[1,1]},"_coverageSchema":"332fd63041d2c1bcb487cc26dd0d5f7d97098a6c","hash":"95e416fb1042fe8134e680ee25065e8e6d207514"}
,"/Users/Trav/Projects/resume-static-aws/src/pomodoro/Models/index.js": {"path":"/Users/Trav/Projects/resume-static-aws/src/pomodoro/Models/index.js","statementMap":{},"fnMap":{},"branchMap":{},"s":{},"f":{},"b":{},"_coverageSchema":"332fd63041d2c1bcb487cc26dd0d5f7d97098a6c","hash":"b8534b336f3fdc886353059ef2491a6220d71e12"}
,"/Users/Trav/Projects/resume-static-aws/src/randomquote/index.js": {"path":"/Users/Trav/Projects/resume-static-aws/src/randomquote/index.js","statementMap":{"0":{"start":{"line":4,"column":0},"end":{"line":11,"column":1}},"1":{"start":{"line":5,"column":2},"end":{"line":10,"column":5}},"2":{"start":{"line":6,"column":22},"end":{"line":6,"column":57}},"3":{"start":{"line":7,"column":18},"end":{"line":7,"column":50}},"4":{"start":{"line":8,"column":22},"end":{"line":8,"column":57}},"5":{"start":{"line":9,"column":4},"end":{"line":9,"column":76}}},"fnMap":{"0":{"name":"(anonymous_0)","decl":{"start":{"line":5,"column":48},"end":{"line":5,"column":49}},"loc":{"start":{"line":5,"column":54},"end":{"line":10,"column":3}},"line":5}},"branchMap":{"0":{"loc":{"start":{"line":4,"column":0},"end":{"line":11,"column":1}},"type":"if","locations":[{"start":{"line":4,"column":0},"end":{"line":11,"column":1}},{"start":{"line":4,"column":0},"end":{"line":11,"column":1}}],"line":4}},"s":{"0":1,"1":1,"2":1,"3":1,"4":1,"5":1},"f":{"0":1},"b":{"0":[1,0]},"_coverageSchema":"332fd63041d2c1bcb487cc26dd0d5f7d97098a6c","hash":"c5cf96cf91c3eeac015c5f0a7c944a1e311d1f94"}
,"/Users/Trav/Projects/resume-static-aws/src/randomquote/index.pug": {"path":"/Users/Trav/Projects/resume-static-aws/src/randomquote/index.pug","statementMap":{"0":{"start":{"line":1,"column":0},"end":{"line":1,"column":1401}}},"fnMap":{},"branchMap":{},"s":{"0":2},"f":{},"b":{},"_coverageSchema":"332fd63041d2c1bcb487cc26dd0d5f7d97098a6c","hash":"5853e296517f5d944ef011dbbc3942c5617cd015"}
,"/Users/Trav/Projects/resume-static-aws/src/randomquote/Api/Api.js": {"path":"/Users/Trav/Projects/resume-static-aws/src/randomquote/Api/Api.js","statementMap":{"0":{"start":{"line":3,"column":19},"end":{"line":31,"column":1}},"1":{"start":{"line":5,"column":15},"end":{"line":10,"column":3}},"2":{"start":{"line":12,"column":14},"end":{"line":12,"column":67}},"3":{"start":{"line":14,"column":2},"end":{"line":30,"column":7}},"4":{"start":{"line":23,"column":23},"end":{"line":26,"column":5}},"5":{"start":{"line":28,"column":6},"end":{"line":28,"column":27}},"6":{"start":{"line":29,"column":6},"end":{"line":29,"column":18}},"7":{"start":{"line":33,"column":19},"end":{"line":38,"column":4}},"8":{"start":{"line":34,"column":2},"end":{"line":38,"column":4}}},"fnMap":{"0":{"name":"(anonymous_0)","decl":{"start":{"line":3,"column":19},"end":{"line":3,"column":20}},"loc":{"start":{"line":3,"column":25},"end":{"line":31,"column":1}},"line":3},"1":{"name":"(anonymous_1)","decl":{"start":{"line":23,"column":10},"end":{"line":23,"column":11}},"loc":{"start":{"line":23,"column":23},"end":{"line":26,"column":5}},"line":23},"2":{"name":"(anonymous_2)","decl":{"start":{"line":27,"column":11},"end":{"line":27,"column":12}},"loc":{"start":{"line":27,"column":20},"end":{"line":30,"column":5}},"line":27},"3":{"name":"(anonymous_3)","decl":{"start":{"line":33,"column":19},"end":{"line":33,"column":20}},"loc":{"start":{"line":34,"column":2},"end":{"line":38,"column":4}},"line":34}},"branchMap":{"0":{"loc":{"start":{"line":25,"column":14},"end":{"line":25,"column":54}},"type":"binary-expr","locations":[{"start":{"line":25,"column":14},"end":{"line":25,"column":34}},{"start":{"line":25,"column":38},"end":{"line":25,"column":54}}],"line":25}},"s":{"0":1,"1":2,"2":2,"3":2,"4":1,"5":1,"6":1,"7":1,"8":1},"f":{"0":2,"1":1,"2":1,"3":1},"b":{"0":[1,0]},"_coverageSchema":"332fd63041d2c1bcb487cc26dd0d5f7d97098a6c","hash":"cb958d099fd963d3bcb688244ae8e44fceccf9f0"}
,"/Users/Trav/Projects/resume-static-aws/src/randomquote/Api/index.js": {"path":"/Users/Trav/Projects/resume-static-aws/src/randomquote/Api/index.js","statementMap":{},"fnMap":{},"branchMap":{},"s":{},"f":{},"b":{},"_coverageSchema":"332fd63041d2c1bcb487cc26dd0d5f7d97098a6c","hash":"362b20a452487b916127b25e56aeccf5ac85fc6c"}
,"/Users/Trav/Projects/resume-static-aws/src/randomquote/Handlers/RandomQuote.js": {"path":"/Users/Trav/Projects/resume-static-aws/src/randomquote/Handlers/RandomQuote.js","statementMap":{"0":{"start":{"line":4,"column":26},"end":{"line":12,"column":1}},"1":{"start":{"line":7,"column":5},"end":{"line":12,"column":1}},"2":{"start":{"line":8,"column":28},"end":{"line":8,"column":46}},"3":{"start":{"line":9,"column":2},"end":{"line":9,"column":44}},"4":{"start":{"line":10,"column":2},"end":{"line":10,"column":45}},"5":{"start":{"line":11,"column":2},"end":{"line":11,"column":52}}},"fnMap":{"0":{"name":"(anonymous_0)","decl":{"start":{"line":4,"column":26},"end":{"line":4,"column":27}},"loc":{"start":{"line":7,"column":5},"end":{"line":12,"column":1}},"line":7},"1":{"name":"(anonymous_1)","decl":{"start":{"line":7,"column":5},"end":{"line":7,"column":6}},"loc":{"start":{"line":7,"column":25},"end":{"line":12,"column":1}},"line":7}},"branchMap":{},"s":{"0":1,"1":1,"2":1,"3":1,"4":1,"5":1},"f":{"0":1,"1":1},"b":{},"_coverageSchema":"332fd63041d2c1bcb487cc26dd0d5f7d97098a6c","hash":"c2e659c76f0fbf2fb131ad307247202b264bc497"}
,"/Users/Trav/Projects/resume-static-aws/src/randomquote/Handlers/index.js": {"path":"/Users/Trav/Projects/resume-static-aws/src/randomquote/Handlers/index.js","statementMap":{},"fnMap":{},"branchMap":{},"s":{},"f":{},"b":{},"_coverageSchema":"332fd63041d2c1bcb487cc26dd0d5f7d97098a6c","hash":"8b12c17823e7b09632be8bde76aa4f53170bcb64"}
,"/Users/Trav/Projects/resume-static-aws/src/simon/index.js": {"path":"/Users/Trav/Projects/resume-static-aws/src/simon/index.js","statementMap":{"0":{"start":{"line":12,"column":0},"end":{"line":50,"column":1}},"1":{"start":{"line":13,"column":2},"end":{"line":49,"column":5}},"2":{"start":{"line":14,"column":18},"end":{"line":14,"column":30}},"3":{"start":{"line":15,"column":18},"end":{"line":15,"column":29}},"4":{"start":{"line":16,"column":18},"end":{"line":16,"column":29}},"5":{"start":{"line":17,"column":19},"end":{"line":17,"column":37}},"6":{"start":{"line":19,"column":20},"end":{"line":21,"column":30}},"7":{"start":{"line":22,"column":19},"end":{"line":22,"column":77}},"8":{"start":{"line":23,"column":19},"end":{"line":23,"column":71}},"9":{"start":{"line":26,"column":20},"end":{"line":28,"column":30}},"10":{"start":{"line":29,"column":17},"end":{"line":29,"column":73}},"11":{"start":{"line":30,"column":18},"end":{"line":30,"column":75}},"12":{"start":{"line":31,"column":19},"end":{"line":31,"column":77}},"13":{"start":{"line":33,"column":24},"end":{"line":33,"column":43}},"14":{"start":{"line":34,"column":20},"end":{"line":34,"column":48}},"15":{"start":{"line":35,"column":25},"end":{"line":35,"column":58}},"16":{"start":{"line":37,"column":4},"end":{"line":40,"column":6}},"17":{"start":{"line":41,"column":4},"end":{"line":41,"column":59}},"18":{"start":{"line":43,"column":4},"end":{"line":48,"column":7}},"19":{"start":{"line":44,"column":6},"end":{"line":47,"column":8}}},"fnMap":{"0":{"name":"(anonymous_0)","decl":{"start":{"line":13,"column":48},"end":{"line":13,"column":49}},"loc":{"start":{"line":13,"column":54},"end":{"line":49,"column":3}},"line":13},"1":{"name":"(anonymous_1)","decl":{"start":{"line":43,"column":33},"end":{"line":43,"column":34}},"loc":{"start":{"line":43,"column":42},"end":{"line":48,"column":5}},"line":43}},"branchMap":{"0":{"loc":{"start":{"line":12,"column":0},"end":{"line":50,"column":1}},"type":"if","locations":[{"start":{"line":12,"column":0},"end":{"line":50,"column":1}},{"start":{"line":12,"column":0},"end":{"line":50,"column":1}}],"line":12}},"s":{"0":1,"1":1,"2":3,"3":3,"4":3,"5":3,"6":3,"7":3,"8":3,"9":3,"10":3,"11":3,"12":3,"13":3,"14":3,"15":3,"16":3,"17":3,"18":3,"19":12},"f":{"0":3,"1":12},"b":{"0":[1,0]},"_coverageSchema":"332fd63041d2c1bcb487cc26dd0d5f7d97098a6c","hash":"cb59e98985a308f044d1417e2e873d85e6ae9a29"}
,"/Users/Trav/Projects/resume-static-aws/src/simon/index.pug": {"path":"/Users/Trav/Projects/resume-static-aws/src/simon/index.pug","statementMap":{"0":{"start":{"line":1,"column":0},"end":{"line":1,"column":475}}},"fnMap":{},"branchMap":{},"s":{"0":1},"f":{},"b":{},"_coverageSchema":"332fd63041d2c1bcb487cc26dd0d5f7d97098a6c","hash":"43717975649ec922c2770e7faeed6bf44280de6a"}
,"/Users/Trav/Projects/resume-static-aws/src/simon/Handlers/ButtonHandlers.js": {"path":"/Users/Trav/Projects/resume-static-aws/src/simon/Handlers/ButtonHandlers.js","statementMap":{"0":{"start":{"line":10,"column":21},"end":{"line":29,"column":1}},"1":{"start":{"line":16,"column":5},"end":{"line":29,"column":1}},"2":{"start":{"line":17,"column":2},"end":{"line":17,"column":22}},"3":{"start":{"line":19,"column":2},"end":{"line":28,"column":3}},"4":{"start":{"line":20,"column":18},"end":{"line":20,"column":34}},"5":{"start":{"line":21,"column":4},"end":{"line":21,"column":18}},"6":{"start":{"line":22,"column":4},"end":{"line":22,"column":44}},"7":{"start":{"line":23,"column":4},"end":{"line":23,"column":50}},"8":{"start":{"line":25,"column":4},"end":{"line":25,"column":16}},"9":{"start":{"line":26,"column":4},"end":{"line":26,"column":15}},"10":{"start":{"line":27,"column":4},"end":{"line":27,"column":20}},"11":{"start":{"line":31,"column":22},"end":{"line":31,"column":74}},"12":{"start":{"line":31,"column":40},"end":{"line":31,"column":74}},"13":{"start":{"line":31,"column":54},"end":{"line":31,"column":74}},"14":{"start":{"line":33,"column":21},"end":{"line":34,"column":34}},"15":{"start":{"line":33,"column":47},"end":{"line":34,"column":34}},"16":{"start":{"line":34,"column":2},"end":{"line":34,"column":34}},"17":{"start":{"line":36,"column":21},"end":{"line":87,"column":1}},"18":{"start":{"line":43,"column":5},"end":{"line":87,"column":1}},"19":{"start":{"line":44,"column":2},"end":{"line":44,"column":43}},"20":{"start":{"line":44,"column":30},"end":{"line":44,"column":43}},"21":{"start":{"line":47,"column":2},"end":{"line":47,"column":24}},"22":{"start":{"line":48,"column":2},"end":{"line":48,"column":27}},"23":{"start":{"line":50,"column":2},"end":{"line":50,"column":20}},"24":{"start":{"line":53,"column":2},"end":{"line":86,"column":11}},"25":{"start":{"line":54,"column":4},"end":{"line":54,"column":29}},"26":{"start":{"line":55,"column":4},"end":{"line":55,"column":29}},"27":{"start":{"line":57,"column":22},"end":{"line":57,"column":44}},"28":{"start":{"line":58,"column":19},"end":{"line":58,"column":38}},"29":{"start":{"line":59,"column":4},"end":{"line":59,"column":43}},"30":{"start":{"line":59,"column":29},"end":{"line":59,"column":43}},"31":{"start":{"line":61,"column":17},"end":{"line":61,"column":68}},"32":{"start":{"line":61,"column":23},"end":{"line":61,"column":68}},"33":{"start":{"line":63,"column":4},"end":{"line":85,"column":5}},"34":{"start":{"line":65,"column":6},"end":{"line":65,"column":28}},"35":{"start":{"line":68,"column":11},"end":{"line":85,"column":5}},"36":{"start":{"line":70,"column":6},"end":{"line":70,"column":29}},"37":{"start":{"line":73,"column":11},"end":{"line":85,"column":5}},"38":{"start":{"line":75,"column":6},"end":{"line":75,"column":31}},"39":{"start":{"line":78,"column":11},"end":{"line":85,"column":5}},"40":{"start":{"line":80,"column":6},"end":{"line":80,"column":33}},"41":{"start":{"line":84,"column":6},"end":{"line":84,"column":27}}},"fnMap":{"0":{"name":"(anonymous_0)","decl":{"start":{"line":10,"column":21},"end":{"line":10,"column":22}},"loc":{"start":{"line":16,"column":5},"end":{"line":29,"column":1}},"line":16},"1":{"name":"(anonymous_1)","decl":{"start":{"line":16,"column":5},"end":{"line":16,"column":6}},"loc":{"start":{"line":16,"column":19},"end":{"line":29,"column":1}},"line":16},"2":{"name":"(anonymous_2)","decl":{"start":{"line":31,"column":22},"end":{"line":31,"column":23}},"loc":{"start":{"line":31,"column":40},"end":{"line":31,"column":74}},"line":31},"3":{"name":"(anonymous_3)","decl":{"start":{"line":31,"column":40},"end":{"line":31,"column":41}},"loc":{"start":{"line":31,"column":54},"end":{"line":31,"column":74}},"line":31},"4":{"name":"(anonymous_4)","decl":{"start":{"line":33,"column":21},"end":{"line":33,"column":22}},"loc":{"start":{"line":33,"column":47},"end":{"line":34,"column":34}},"line":33},"5":{"name":"(anonymous_5)","decl":{"start":{"line":33,"column":47},"end":{"line":33,"column":48}},"loc":{"start":{"line":34,"column":2},"end":{"line":34,"column":34}},"line":34},"6":{"name":"(anonymous_6)","decl":{"start":{"line":36,"column":21},"end":{"line":36,"column":22}},"loc":{"start":{"line":43,"column":5},"end":{"line":87,"column":1}},"line":43},"7":{"name":"(anonymous_7)","decl":{"start":{"line":43,"column":5},"end":{"line":43,"column":6}},"loc":{"start":{"line":43,"column":19},"end":{"line":87,"column":1}},"line":43},"8":{"name":"(anonymous_8)","decl":{"start":{"line":53,"column":13},"end":{"line":53,"column":14}},"loc":{"start":{"line":53,"column":19},"end":{"line":86,"column":3}},"line":53},"9":{"name":"(anonymous_9)","decl":{"start":{"line":61,"column":17},"end":{"line":61,"column":18}},"loc":{"start":{"line":61,"column":23},"end":{"line":61,"column":68}},"line":61}},"branchMap":{"0":{"loc":{"start":{"line":19,"column":2},"end":{"line":28,"column":3}},"type":"if","locations":[{"start":{"line":19,"column":2},"end":{"line":28,"column":3}},{"start":{"line":19,"column":2},"end":{"line":28,"column":3}}],"line":19},"1":{"loc":{"start":{"line":22,"column":11},"end":{"line":22,"column":42}},"type":"cond-expr","locations":[{"start":{"line":22,"column":25},"end":{"line":22,"column":29}},{"start":{"line":22,"column":32},"end":{"line":22,"column":42}}],"line":22},"2":{"loc":{"start":{"line":44,"column":2},"end":{"line":44,"column":43}},"type":"if","locations":[{"start":{"line":44,"column":2},"end":{"line":44,"column":43}},{"start":{"line":44,"column":2},"end":{"line":44,"column":43}}],"line":44},"3":{"loc":{"start":{"line":59,"column":4},"end":{"line":59,"column":43}},"type":"if","locations":[{"start":{"line":59,"column":4},"end":{"line":59,"column":43}},{"start":{"line":59,"column":4},"end":{"line":59,"column":43}}],"line":59},"4":{"loc":{"start":{"line":59,"column":8},"end":{"line":59,"column":27}},"type":"binary-expr","locations":[{"start":{"line":59,"column":8},"end":{"line":59,"column":17}},{"start":{"line":59,"column":21},"end":{"line":59,"column":27}}],"line":59},"5":{"loc":{"start":{"line":63,"column":4},"end":{"line":85,"column":5}},"type":"if","locations":[{"start":{"line":63,"column":4},"end":{"line":85,"column":5}},{"start":{"line":63,"column":4},"end":{"line":85,"column":5}}],"line":63},"6":{"loc":{"start":{"line":68,"column":11},"end":{"line":85,"column":5}},"type":"if","locations":[{"start":{"line":68,"column":11},"end":{"line":85,"column":5}},{"start":{"line":68,"column":11},"end":{"line":85,"column":5}}],"line":68},"7":{"loc":{"start":{"line":73,"column":11},"end":{"line":85,"column":5}},"type":"if","locations":[{"start":{"line":73,"column":11},"end":{"line":85,"column":5}},{"start":{"line":73,"column":11},"end":{"line":85,"column":5}}],"line":73},"8":{"loc":{"start":{"line":73,"column":15},"end":{"line":73,"column":44}},"type":"binary-expr","locations":[{"start":{"line":73,"column":15},"end":{"line":73,"column":24}},{"start":{"line":73,"column":28},"end":{"line":73,"column":44}}],"line":73},"9":{"loc":{"start":{"line":78,"column":11},"end":{"line":85,"column":5}},"type":"if","locations":[{"start":{"line":78,"column":11},"end":{"line":85,"column":5}},{"start":{"line":78,"column":11},"end":{"line":85,"column":5}}],"line":78}},"s":{"0":3,"1":2,"2":2,"3":2,"4":1,"5":1,"6":1,"7":1,"8":1,"9":1,"10":1,"11":3,"12":1,"13":1,"14":3,"15":1,"16":1,"17":3,"18":6,"19":6,"20":1,"21":5,"22":5,"23":5,"24":5,"25":5,"26":5,"27":5,"28":5,"29":5,"30":3,"31":5,"32":0,"33":5,"34":1,"35":4,"36":1,"37":3,"38":1,"39":2,"40":1,"41":1},"f":{"0":2,"1":2,"2":1,"3":1,"4":1,"5":1,"6":6,"7":6,"8":5,"9":0},"b":{"0":[1,1],"1":[1,0],"2":[1,5],"3":[3,2],"4":[5,3],"5":[1,4],"6":[1,3],"7":[1,2],"8":[3,2],"9":[1,1]},"_coverageSchema":"332fd63041d2c1bcb487cc26dd0d5f7d97098a6c","hash":"2e5611e3dab8e0228244c1b00a8c7c2d780e8b70"}
,"/Users/Trav/Projects/resume-static-aws/src/simon/Handlers/ColorHandler.js": {"path":"/Users/Trav/Projects/resume-static-aws/src/simon/Handlers/ColorHandler.js","statementMap":{"0":{"start":{"line":13,"column":4},"end":{"line":13,"column":27}},"1":{"start":{"line":14,"column":4},"end":{"line":14,"column":25}},"2":{"start":{"line":15,"column":4},"end":{"line":15,"column":25}},"3":{"start":{"line":19,"column":4},"end":{"line":25,"column":5}},"4":{"start":{"line":20,"column":6},"end":{"line":20,"column":58}},"5":{"start":{"line":21,"column":6},"end":{"line":21,"column":50}},"6":{"start":{"line":23,"column":6},"end":{"line":23,"column":47}},"7":{"start":{"line":24,"column":6},"end":{"line":24,"column":61}},"8":{"start":{"line":29,"column":4},"end":{"line":29,"column":28}},"9":{"start":{"line":30,"column":4},"end":{"line":30,"column":24}},"10":{"start":{"line":34,"column":4},"end":{"line":34,"column":29}},"11":{"start":{"line":35,"column":4},"end":{"line":35,"column":24}},"12":{"start":{"line":39,"column":4},"end":{"line":39,"column":28}},"13":{"start":{"line":43,"column":4},"end":{"line":43,"column":29}},"14":{"start":{"line":47,"column":4},"end":{"line":47,"column":19}},"15":{"start":{"line":48,"column":4},"end":{"line":48,"column":27}},"16":{"start":{"line":50,"column":4},"end":{"line":54,"column":13}},"17":{"start":{"line":51,"column":6},"end":{"line":51,"column":21}},"18":{"start":{"line":52,"column":6},"end":{"line":52,"column":27}},"19":{"start":{"line":53,"column":6},"end":{"line":53,"column":15}},"20":{"start":{"line":58,"column":4},"end":{"line":58,"column":30}},"21":{"start":{"line":62,"column":4},"end":{"line":62,"column":30}},"22":{"start":{"line":66,"column":4},"end":{"line":66,"column":31}},"23":{"start":{"line":70,"column":4},"end":{"line":70,"column":27}},"24":{"start":{"line":71,"column":4},"end":{"line":71,"column":19}},"25":{"start":{"line":75,"column":4},"end":{"line":75,"column":25}},"26":{"start":{"line":76,"column":4},"end":{"line":76,"column":19}},"27":{"start":{"line":80,"column":4},"end":{"line":80,"column":26}},"28":{"start":{"line":81,"column":4},"end":{"line":81,"column":19}},"29":{"start":{"line":85,"column":4},"end":{"line":85,"column":28}},"30":{"start":{"line":86,"column":4},"end":{"line":86,"column":19}},"31":{"start":{"line":90,"column":4},"end":{"line":90,"column":32}},"32":{"start":{"line":94,"column":4},"end":{"line":94,"column":69}},"33":{"start":{"line":94,"column":46},"end":{"line":94,"column":67}},"34":{"start":{"line":98,"column":4},"end":{"line":98,"column":69}},"35":{"start":{"line":98,"column":46},"end":{"line":98,"column":67}}},"fnMap":{"0":{"name":"(anonymous_0)","decl":{"start":{"line":12,"column":2},"end":{"line":12,"column":3}},"loc":{"start":{"line":12,"column":59},"end":{"line":16,"column":3}},"line":12},"1":{"name":"(anonymous_1)","decl":{"start":{"line":18,"column":2},"end":{"line":18,"column":3}},"loc":{"start":{"line":18,"column":28},"end":{"line":26,"column":3}},"line":18},"2":{"name":"(anonymous_2)","decl":{"start":{"line":28,"column":2},"end":{"line":28,"column":3}},"loc":{"start":{"line":28,"column":30},"end":{"line":31,"column":3}},"line":28},"3":{"name":"(anonymous_3)","decl":{"start":{"line":33,"column":2},"end":{"line":33,"column":3}},"loc":{"start":{"line":33,"column":30},"end":{"line":36,"column":3}},"line":33},"4":{"name":"(anonymous_4)","decl":{"start":{"line":38,"column":2},"end":{"line":38,"column":3}},"loc":{"start":{"line":38,"column":27},"end":{"line":40,"column":3}},"line":38},"5":{"name":"(anonymous_5)","decl":{"start":{"line":42,"column":2},"end":{"line":42,"column":3}},"loc":{"start":{"line":42,"column":25},"end":{"line":44,"column":3}},"line":42},"6":{"name":"(anonymous_6)","decl":{"start":{"line":46,"column":2},"end":{"line":46,"column":3}},"loc":{"start":{"line":46,"column":42},"end":{"line":55,"column":3}},"line":46},"7":{"name":"(anonymous_7)","decl":{"start":{"line":50,"column":15},"end":{"line":50,"column":16}},"loc":{"start":{"line":50,"column":21},"end":{"line":54,"column":5}},"line":50},"8":{"name":"(anonymous_8)","decl":{"start":{"line":57,"column":2},"end":{"line":57,"column":3}},"loc":{"start":{"line":57,"column":30},"end":{"line":59,"column":3}},"line":57},"9":{"name":"(anonymous_9)","decl":{"start":{"line":61,"column":2},"end":{"line":61,"column":3}},"loc":{"start":{"line":61,"column":31},"end":{"line":63,"column":3}},"line":61},"10":{"name":"(anonymous_10)","decl":{"start":{"line":65,"column":2},"end":{"line":65,"column":3}},"loc":{"start":{"line":65,"column":33},"end":{"line":67,"column":3}},"line":65},"11":{"name":"(anonymous_11)","decl":{"start":{"line":69,"column":2},"end":{"line":69,"column":3}},"loc":{"start":{"line":69,"column":13},"end":{"line":72,"column":3}},"line":69},"12":{"name":"(anonymous_12)","decl":{"start":{"line":74,"column":2},"end":{"line":74,"column":3}},"loc":{"start":{"line":74,"column":11},"end":{"line":77,"column":3}},"line":74},"13":{"name":"(anonymous_13)","decl":{"start":{"line":79,"column":2},"end":{"line":79,"column":3}},"loc":{"start":{"line":79,"column":12},"end":{"line":82,"column":3}},"line":79},"14":{"name":"(anonymous_14)","decl":{"start":{"line":84,"column":2},"end":{"line":84,"column":3}},"loc":{"start":{"line":84,"column":14},"end":{"line":87,"column":3}},"line":84},"15":{"name":"(anonymous_15)","decl":{"start":{"line":89,"column":2},"end":{"line":89,"column":3}},"loc":{"start":{"line":89,"column":35},"end":{"line":91,"column":3}},"line":89},"16":{"name":"(anonymous_16)","decl":{"start":{"line":93,"column":2},"end":{"line":93,"column":3}},"loc":{"start":{"line":93,"column":12},"end":{"line":95,"column":3}},"line":93},"17":{"name":"(anonymous_17)","decl":{"start":{"line":94,"column":37},"end":{"line":94,"column":38}},"loc":{"start":{"line":94,"column":46},"end":{"line":94,"column":67}},"line":94},"18":{"name":"(anonymous_18)","decl":{"start":{"line":97,"column":2},"end":{"line":97,"column":3}},"loc":{"start":{"line":97,"column":12},"end":{"line":99,"column":3}},"line":97},"19":{"name":"(anonymous_19)","decl":{"start":{"line":98,"column":37},"end":{"line":98,"column":38}},"loc":{"start":{"line":98,"column":46},"end":{"line":98,"column":67}},"line":98}},"branchMap":{"0":{"loc":{"start":{"line":19,"column":4},"end":{"line":25,"column":5}},"type":"if","locations":[{"start":{"line":19,"column":4},"end":{"line":25,"column":5}},{"start":{"line":19,"column":4},"end":{"line":25,"column":5}}],"line":19}},"s":{"0":16,"1":16,"2":16,"3":5,"4":3,"5":3,"6":2,"7":2,"8":2,"9":2,"10":1,"11":1,"12":1,"13":1,"14":1,"15":1,"16":1,"17":1,"18":1,"19":1,"20":1,"21":1,"22":1,"23":1,"24":1,"25":1,"26":1,"27":1,"28":1,"29":1,"30":1,"31":1,"32":1,"33":4,"34":1,"35":4},"f":{"0":16,"1":5,"2":2,"3":1,"4":1,"5":1,"6":1,"7":1,"8":1,"9":1,"10":1,"11":1,"12":1,"13":1,"14":1,"15":1,"16":1,"17":4,"18":1,"19":4},"b":{"0":[3,2]},"_coverageSchema":"332fd63041d2c1bcb487cc26dd0d5f7d97098a6c","hash":"44d30fd879bfca6a13e043e8f3c5f2851df8a4a5"}
,"/Users/Trav/Projects/resume-static-aws/src/simon/Handlers/TimerHandler.js": {"path":"/Users/Trav/Projects/resume-static-aws/src/simon/Handlers/TimerHandler.js","statementMap":{"0":{"start":{"line":9,"column":20},"end":{"line":11,"column":1}},"1":{"start":{"line":10,"column":2},"end":{"line":10,"column":37}},"2":{"start":{"line":13,"column":17},"end":{"line":15,"column":1}},"3":{"start":{"line":14,"column":2},"end":{"line":14,"column":21}},"4":{"start":{"line":17,"column":16},"end":{"line":25,"column":1}},"5":{"start":{"line":24,"column":2},"end":{"line":24,"column":48}},"6":{"start":{"line":27,"column":16},"end":{"line":41,"column":1}},"7":{"start":{"line":38,"column":4},"end":{"line":38,"column":47}},"8":{"start":{"line":40,"column":2},"end":{"line":40,"column":66}},"9":{"start":{"line":40,"column":12},"end":{"line":40,"column":66}},"10":{"start":{"line":43,"column":13},"end":{"line":58,"column":1}},"11":{"start":{"line":51,"column":2},"end":{"line":51,"column":11}},"12":{"start":{"line":52,"column":18},"end":{"line":55,"column":3}},"13":{"start":{"line":53,"column":48},"end":{"line":53,"column":74}},"14":{"start":{"line":54,"column":4},"end":{"line":54,"column":68}},"15":{"start":{"line":54,"column":14},"end":{"line":54,"column":68}},"16":{"start":{"line":57,"column":2},"end":{"line":57,"column":55}}},"fnMap":{"0":{"name":"(anonymous_0)","decl":{"start":{"line":9,"column":20},"end":{"line":9,"column":21}},"loc":{"start":{"line":9,"column":54},"end":{"line":11,"column":1}},"line":9},"1":{"name":"(anonymous_1)","decl":{"start":{"line":13,"column":17},"end":{"line":13,"column":18}},"loc":{"start":{"line":13,"column":51},"end":{"line":15,"column":1}},"line":13},"2":{"name":"(anonymous_2)","decl":{"start":{"line":17,"column":16},"end":{"line":17,"column":17}},"loc":{"start":{"line":23,"column":5},"end":{"line":25,"column":1}},"line":23},"3":{"name":"(anonymous_3)","decl":{"start":{"line":27,"column":16},"end":{"line":27,"column":17}},"loc":{"start":{"line":33,"column":5},"end":{"line":41,"column":1}},"line":33},"4":{"name":"(anonymous_4)","decl":{"start":{"line":43,"column":13},"end":{"line":43,"column":14}},"loc":{"start":{"line":50,"column":5},"end":{"line":58,"column":1}},"line":50},"5":{"name":"(anonymous_5)","decl":{"start":{"line":52,"column":18},"end":{"line":52,"column":19}},"loc":{"start":{"line":52,"column":24},"end":{"line":55,"column":3}},"line":52}},"branchMap":{"0":{"loc":{"start":{"line":10,"column":2},"end":{"line":10,"column":36}},"type":"binary-expr","locations":[{"start":{"line":10,"column":2},"end":{"line":10,"column":10}},{"start":{"line":10,"column":14},"end":{"line":10,"column":36}}],"line":10},"1":{"loc":{"start":{"line":38,"column":4},"end":{"line":38,"column":47}},"type":"binary-expr","locations":[{"start":{"line":38,"column":4},"end":{"line":38,"column":9}},{"start":{"line":38,"column":13},"end":{"line":38,"column":47}}],"line":38},"2":{"loc":{"start":{"line":40,"column":2},"end":{"line":40,"column":66}},"type":"if","locations":[{"start":{"line":40,"column":2},"end":{"line":40,"column":66}},{"start":{"line":40,"column":2},"end":{"line":40,"column":66}}],"line":40},"3":{"loc":{"start":{"line":54,"column":4},"end":{"line":54,"column":68}},"type":"if","locations":[{"start":{"line":54,"column":4},"end":{"line":54,"column":68}},{"start":{"line":54,"column":4},"end":{"line":54,"column":68}}],"line":54},"4":{"loc":{"start":{"line":57,"column":13},"end":{"line":57,"column":54}},"type":"binary-expr","locations":[{"start":{"line":57,"column":13},"end":{"line":57,"column":18}},{"start":{"line":57,"column":22},"end":{"line":57,"column":54}}],"line":57}},"s":{"0":2,"1":2,"2":2,"3":1,"4":2,"5":1,"6":2,"7":2,"8":2,"9":2,"10":2,"11":15,"12":15,"13":15,"14":15,"15":12,"16":15},"f":{"0":2,"1":1,"2":1,"3":2,"4":15,"5":15},"b":{"0":[2,2],"1":[2,2],"2":[2,0],"3":[12,3],"4":[15,15]},"_coverageSchema":"332fd63041d2c1bcb487cc26dd0d5f7d97098a6c","hash":"47c1abe8f3ad7275476577944fc3c680756cc6ea"}
,"/Users/Trav/Projects/resume-static-aws/src/simon/Handlers/index.js": {"path":"/Users/Trav/Projects/resume-static-aws/src/simon/Handlers/index.js","statementMap":{},"fnMap":{},"branchMap":{},"s":{},"f":{},"b":{},"_coverageSchema":"332fd63041d2c1bcb487cc26dd0d5f7d97098a6c","hash":"757ff4c0a98e98529ae23864c491987c2d36abba"}
,"/Users/Trav/Projects/resume-static-aws/src/simon/Models/GameCycle.js": {"path":"/Users/Trav/Projects/resume-static-aws/src/simon/Models/GameCycle.js","statementMap":{"0":{"start":{"line":3,"column":14},"end":{"line":16,"column":1}},"1":{"start":{"line":18,"column":14},"end":{"line":31,"column":1}}},"fnMap":{},"branchMap":{},"s":{"0":6,"1":6},"f":{},"b":{},"_coverageSchema":"332fd63041d2c1bcb487cc26dd0d5f7d97098a6c","hash":"6a6fc41d056818d8647b33ddfa3c40084874c000"}
,"/Users/Trav/Projects/resume-static-aws/src/simon/Models/Simon.js": {"path":"/Users/Trav/Projects/resume-static-aws/src/simon/Models/Simon.js","statementMap":{"0":{"start":{"line":5,"column":15},"end":{"line":10,"column":1}},"1":{"start":{"line":24,"column":4},"end":{"line":24,"column":23}},"2":{"start":{"line":25,"column":4},"end":{"line":25,"column":23}},"3":{"start":{"line":26,"column":4},"end":{"line":26,"column":24}},"4":{"start":{"line":27,"column":4},"end":{"line":27,"column":19}},"5":{"start":{"line":28,"column":4},"end":{"line":28,"column":20}},"6":{"start":{"line":29,"column":4},"end":{"line":29,"column":25}},"7":{"start":{"line":30,"column":4},"end":{"line":30,"column":25}},"8":{"start":{"line":31,"column":4},"end":{"line":31,"column":18}},"9":{"start":{"line":32,"column":4},"end":{"line":32,"column":22}},"10":{"start":{"line":37,"column":4},"end":{"line":37,"column":29}},"11":{"start":{"line":41,"column":4},"end":{"line":41,"column":22}},"12":{"start":{"line":45,"column":4},"end":{"line":45,"column":23}},"13":{"start":{"line":49,"column":4},"end":{"line":49,"column":31}},"14":{"start":{"line":54,"column":17},"end":{"line":54,"column":46}},"15":{"start":{"line":55,"column":4},"end":{"line":55,"column":42}},"16":{"start":{"line":59,"column":4},"end":{"line":59,"column":25}},"17":{"start":{"line":60,"column":4},"end":{"line":60,"column":19}},"18":{"start":{"line":61,"column":4},"end":{"line":61,"column":38}},"19":{"start":{"line":62,"column":4},"end":{"line":62,"column":18}},"20":{"start":{"line":68,"column":4},"end":{"line":68,"column":23}},"21":{"start":{"line":72,"column":4},"end":{"line":72,"column":22}},"22":{"start":{"line":76,"column":4},"end":{"line":76,"column":28}},"23":{"start":{"line":80,"column":4},"end":{"line":80,"column":52}},"24":{"start":{"line":84,"column":4},"end":{"line":84,"column":42}},"25":{"start":{"line":89,"column":4},"end":{"line":89,"column":22}},"26":{"start":{"line":93,"column":4},"end":{"line":105,"column":5}},"27":{"start":{"line":95,"column":6},"end":{"line":95,"column":31}},"28":{"start":{"line":96,"column":6},"end":{"line":96,"column":21}},"29":{"start":{"line":97,"column":11},"end":{"line":105,"column":5}},"30":{"start":{"line":98,"column":6},"end":{"line":98,"column":24}},"31":{"start":{"line":99,"column":6},"end":{"line":99,"column":40}},"32":{"start":{"line":100,"column":6},"end":{"line":100,"column":26}},"33":{"start":{"line":101,"column":6},"end":{"line":101,"column":20}},"34":{"start":{"line":103,"column":6},"end":{"line":103,"column":26}},"35":{"start":{"line":104,"column":6},"end":{"line":104,"column":20}},"36":{"start":{"line":109,"column":4},"end":{"line":109,"column":33}},"37":{"start":{"line":113,"column":4},"end":{"line":113,"column":19}},"38":{"start":{"line":117,"column":4},"end":{"line":117,"column":24}}},"fnMap":{"0":{"name":"(anonymous_0)","decl":{"start":{"line":23,"column":2},"end":{"line":23,"column":3}},"loc":{"start":{"line":23,"column":16},"end":{"line":33,"column":3}},"line":23},"1":{"name":"(anonymous_1)","decl":{"start":{"line":36,"column":2},"end":{"line":36,"column":3}},"loc":{"start":{"line":36,"column":16},"end":{"line":38,"column":3}},"line":36},"2":{"name":"(anonymous_2)","decl":{"start":{"line":40,"column":2},"end":{"line":40,"column":3}},"loc":{"start":{"line":40,"column":13},"end":{"line":42,"column":3}},"line":40},"3":{"name":"(anonymous_3)","decl":{"start":{"line":44,"column":2},"end":{"line":44,"column":3}},"loc":{"start":{"line":44,"column":13},"end":{"line":46,"column":3}},"line":44},"4":{"name":"(anonymous_4)","decl":{"start":{"line":48,"column":2},"end":{"line":48,"column":3}},"loc":{"start":{"line":48,"column":17},"end":{"line":50,"column":3}},"line":48},"5":{"name":"(anonymous_5)","decl":{"start":{"line":53,"column":2},"end":{"line":53,"column":3}},"loc":{"start":{"line":53,"column":16},"end":{"line":56,"column":3}},"line":53},"6":{"name":"(anonymous_6)","decl":{"start":{"line":58,"column":2},"end":{"line":58,"column":3}},"loc":{"start":{"line":58,"column":10},"end":{"line":63,"column":3}},"line":58},"7":{"name":"(anonymous_7)","decl":{"start":{"line":65,"column":2},"end":{"line":65,"column":3}},"loc":{"start":{"line":65,"column":8},"end":{"line":65,"column":10}},"line":65},"8":{"name":"(anonymous_8)","decl":{"start":{"line":67,"column":2},"end":{"line":67,"column":3}},"loc":{"start":{"line":67,"column":27},"end":{"line":69,"column":3}},"line":67},"9":{"name":"(anonymous_9)","decl":{"start":{"line":71,"column":2},"end":{"line":71,"column":3}},"loc":{"start":{"line":71,"column":18},"end":{"line":73,"column":3}},"line":71},"10":{"name":"(anonymous_10)","decl":{"start":{"line":75,"column":2},"end":{"line":75,"column":3}},"loc":{"start":{"line":75,"column":15},"end":{"line":77,"column":3}},"line":75},"11":{"name":"(anonymous_11)","decl":{"start":{"line":79,"column":2},"end":{"line":79,"column":3}},"loc":{"start":{"line":79,"column":16},"end":{"line":81,"column":3}},"line":79},"12":{"name":"(anonymous_12)","decl":{"start":{"line":83,"column":2},"end":{"line":83,"column":3}},"loc":{"start":{"line":83,"column":21},"end":{"line":85,"column":3}},"line":83},"13":{"name":"(anonymous_13)","decl":{"start":{"line":88,"column":2},"end":{"line":88,"column":3}},"loc":{"start":{"line":88,"column":13},"end":{"line":90,"column":3}},"line":88},"14":{"name":"(anonymous_14)","decl":{"start":{"line":92,"column":2},"end":{"line":92,"column":3}},"loc":{"start":{"line":92,"column":25},"end":{"line":106,"column":3}},"line":92},"15":{"name":"(anonymous_15)","decl":{"start":{"line":108,"column":2},"end":{"line":108,"column":3}},"loc":{"start":{"line":108,"column":17},"
[...]
,"/Users/Trav/Projects/resume-static-aws/src/twitchtv/Api/index.js": {"path":"/Users/Trav/Projects/resume-static-aws/src/twitchtv/Api/index.js","statementMap":{},"fnMap":{},"branchMap":{},"s":{},"f":{},"b":{},"_coverageSchema":"332fd63041d2c1bcb487cc26dd0d5f7d97098a6c","hash":"4822747212dbc0c6f63f8c2256917037eb4be75c"}
,"/Users/Trav/Projects/resume-static-aws/src/twitchtv/Handlers/Handlers.js": {"path":"/Users/Trav/Projects/resume-static-aws/src/twitchtv/Handlers/Handlers.js","statementMap":{"0":{"start":{"line":5,"column":23},"end":{"line":9,"column":1}},"1":{"start":{"line":6,"column":2},"end":{"line":8,"column":3}},"2":{"start":{"line":7,"column":4},"end":{"line":7,"column":37}},"3":{"start":{"line":11,"column":21},"end":{"line":62,"column":1}},"4":{"start":{"line":11,"column":46},"end":{"line":62,"column":1}},"5":{"start":{"line":12,"column":2},"end":{"line":12,"column":55}},"6":{"start":{"line":12,"column":34},"end":{"line":12,"column":55}},"7":{"start":{"line":14,"column":16},"end":{"line":14,"column":49}},"8":{"start":{"line":15,"column":20},"end":{"line":15,"column":49}},"9":{"start":{"line":17,"column":2},"end":{"line":59,"column":5}},"10":{"start":{"line":18,"column":15},"end":{"line":18,"column":43}},"11":{"start":{"line":21,"column":21},"end":{"line":21,"column":53}},"12":{"start":{"line":23,"column":4},"end":{"line":56,"column":5}},"13":{"start":{"line":24,"column":22},"end":{"line":24,"column":24}},"14":{"start":{"line":25,"column":46},"end":{"line":25,"column":54}},"15":{"start":{"line":26,"column":6},"end":{"line":26,"column":37}},"16":{"start":{"line":28,"column":18},"end":{"line":28,"column":47}},"17":{"start":{"line":29,"column":6},"end":{"line":29,"column":29}},"18":{"start":{"line":30,"column":6},"end":{"line":30,"column":27}},"19":{"start":{"line":31,"column":6},"end":{"line":31,"column":26}},"20":{"start":{"line":32,"column":6},"end":{"line":32,"column":28}},"21":{"start":{"line":33,"column":6},"end":{"line":33,"column":26}},"22":{"start":{"line":35,"column":16},"end":{"line":35,"column":43}},"23":{"start":{"line":36,"column":6},"end":{"line":36,"column":27}},"24":{"start":{"line":37,"column":6},"end":{"line":37,"column":43}},"25":{"start":{"line":39,"column":19},"end":{"line":39,"column":48}},"26":{"start":{"line":40,"column":6},"end":{"line":40,"column":30}},"27":{"start":{"line":41,"column":6},"end":{"line":41,"column":26}},"28":{"start":{"line":42,"column":6},"end":{"line":42,"column":27}},"29":{"start":{"line":44,"column":26},"end":{"line":44,"column":55}},"30":{"start":{"line":45,"column":6},"end":{"line":45,"column":40}},"31":{"start":{"line":46,"column":6},"end":{"line":46,"column":40}},"32":{"start":{"line":47,"column":6},"end":{"line":47,"column":34}},"33":{"start":{"line":49,"column":23},"end":{"line":49,"column":52}},"34":{"start":{"line":50,"column":6},"end":{"line":50,"column":34}},"35":{"start":{"line":51,"column":6},"end":{"line":51,"column":34}},"36":{"start":{"line":52,"column":6},"end":{"line":52,"column":31}},"37":{"start":{"line":54,"column":6},"end":{"line":54,"column":36}},"38":{"start":{"line":55,"column":6},"end":{"line":55,"column":38}},"39":{"start":{"line":58,"column":4},"end":{"line":58,"column":26}},"40":{"start":{"line":61,"column":2},"end":{"line":61,"column":26}}},"fnMap":{"0":{"name":"(anonymous_0)","decl":{"start":{"line":5,"column":23},"end":{"line":5,"column":24}},"loc":{"start":{"line":5,"column":51},"end":{"line":9,"column":1}},"line":5},"1":{"name":"(anonymous_1)","decl":{"start":{"line":11,"column":21},"end":{"line":11,"column":22}},"loc":{"start":{"line":11,"column":46},"end":{"line":62,"column":1}},"line":11},"2":{"name":"(anonymous_2)","decl":{"start":{"line":11,"column":46},"end":{"line":11,"column":47}},"loc":{"start":{"line":11,"column":66},"end":{"line":62,"column":1}},"line":11},"3":{"name":"(anonymous_3)","decl":{"start":{"line":17,"column":16},"end":{"line":17,"column":17}},"loc":{"start":{"line":17,"column":38},"end":{"line":59,"column":3}},"line":17}},"branchMap":{"0":{"loc":{"start":{"line":12,"column":2},"end":{"line":12,"column":55}},"type":"if","locations":[{"start":{"line":12,"column":2},"end":{"line":12,"column":55}},{"start":{"line":12,"column":2},"end":{"line":12,"column":55}}],"line":12},"1":{"loc":{"start":{"line":23,"column":4},"end":{"line":56,"column":5}},"type":"if","locations":[{"start":{"line":23,"column":4},"end":{"line":56,"column":5}},{"start":{"line":23,"column":4},"end":{"line":56,"column":5}}],"line":23}},"s":{"0":1,"1":2,"2":2,"3":1,"4":1,"5":1,"6":1,"7":1,"8":1,"9":1,"10":2,"11":2,"12":2,"13":1,"14":1,"15":1,"16":1,"17":1,"18":1,"19":1,"20":1,"21":1,"22":1,"23":1,"24":1,"25":1,"26":1,"27":1,"28":1,"29":1,"30":1,"31":1,"32":1,"33":1,"34":1,"35":1,"36":1,"37":1,"38":1,"39":2,"40":1},"f":{"0":2,"1":1,"2":1,"3":2},"b":{"0":[1,0],"1":[1,1]},"_coverageSchema":"332fd63041d2c1bcb487cc26dd0d5f7d97098a6c","hash":"b1c9e1e26e44ca1decc05720bdad50d67c72923d"}
,"/Users/Trav/Projects/resume-static-aws/src/twitchtv/Handlers/index.js": {"path":"/Users/Trav/Projects/resume-static-aws/src/twitchtv/Handlers/index.js","statementMap":{},"fnMap":{},"branchMap":{},"s":{},"f":{},"b":{},"_coverageSchema":"332fd63041d2c1bcb487cc26dd0d5f7d97098a6c","hash":"903c56b23ee2af58f6b989507d0a84745db9b684"}
,"/Users/Trav/Projects/resume-static-aws/src/twitchtv/Models/TwitchTV.js": {"path":"/Users/Trav/Projects/resume-static-aws/src/twitchtv/Models/TwitchTV.js","statementMap":{"0":{"start":{"line":4,"column":26},"end":{"line":7,"column":4}},"1":{"start":{"line":5,"column":2},"end":{"line":7,"column":4}},"2":{"start":{"line":9,"column":24},"end":{"line":11,"column":1}},"3":{"start":{"line":10,"column":2},"end":{"line":10,"column":56}},"4":{"start":{"line":13,"column":28},"end":{"line":66,"column":1}}},"fnMap":{"0":{"name":"(anonymous_0)","decl":{"start":{"line":4,"column":26},"end":{"line":4,"column":27}},"loc":{"start":{"line":5,"column":2},"end":{"line":7,"column":4}},"line":5},"1":{"name":"(anonymous_1)","decl":{"start":{"line":9,"column":24},"end":{"line":9,"column":25}},"loc":{"start":{"line":9,"column":54},"end":{"line":11,"column":1}},"line":9}},"branchMap":{"0":{"loc":{"start":{"line":6,"column":9},"end":{"line":6,"column":77}},"type":"cond-expr","locations":[{"start":{"line":6,"column":27},"end":{"line":6,"column":47}},{"start":{"line":6,"column":50},"end":{"line":6,"column":77}}],"line":6}},"s":{"0":3,"1":18,"2":3,"3":11,"4":3},"f":{"0":18,"1":11},"b":{"0":[10,8]},"_coverageSchema":"332fd63041d2c1bcb487cc26dd0d5f7d97098a6c","hash":"391a976d2f8dba1aa9ffa43155a12ea774323f06"}
,"/Users/Trav/Projects/resume-static-aws/src/twitchtv/Models/constants.js": {"path":"/Users/Trav/Projects/resume-static-aws/src/twitchtv/Models/constants.js","statementMap":{"0":{"start":{"line":4,"column":19},"end":{"line":4,"column":58}},"1":{"start":{"line":6,"column":16},"end":{"line":6,"column":53}},"2":{"start":{"line":8,"column":14},"end":{"line":20,"column":1}},"3":{"start":{"line":22,"column":28},"end":{"line":75,"column":1}}},"fnMap":{},"branchMap":{},"s":{"0":3,"1":3,"2":3,"3":3},"f":{},"b":{},"_coverageSchema":"332fd63041d2c1bcb487cc26dd0d5f7d97098a6c","hash":"d6aee9a0a682192ee0bc89326918881746a46469"}
,"/Users/Trav/Projects/resume-static-aws/src/twitchtv/Models/index.js": {"path":"/Users/Trav/Projects/resume-static-aws/src/twitchtv/Models/index.js","statementMap":{},"fnMap":{},"branchMap":{},"s":{},"f":{},"b":{},"_coverageSchema":"332fd63041d2c1bcb487cc26dd0d5f7d97098a6c","hash":"555b28e507d257ba89e4069388e74acea1b74390"}
,"/Users/Trav/Projects/resume-static-aws/src/wikiviewer/index.js": {"path":"/Users/Trav/Projects/resume-static-aws/src/wikiviewer/index.js","statementMap":{"0":{"start":{"line":10,"column":0},"end":{"line":38,"column":1}},"1":{"start":{"line":11,"column":2},"end":{"line":37,"column":5}},"2":{"start":{"line":12,"column":33},"end":{"line":12,"column":35}},"3":{"start":{"line":14,"column":20},"end":{"line":16,"column":30}},"4":{"start":{"line":17,"column":20},"end":{"line":19,"column":30}},"5":{"start":{"line":20,"column":24},"end":{"line":22,"column":29}},"6":{"start":{"line":25,"column":22},"end":{"line":27,"column":5}},"7":{"start":{"line":29,"column":24},"end":{"line":31,"column":49}},"8":{"start":{"line":33,"column":4},"end":{"line":33,"column":73}},"9":{"start":{"line":34,"column":4},"end":{"line":34,"column":45}},"10":{"start":{"line":35,"column":4},"end":{"line":35,"column":64}},"11":{"start":{"line":36,"column":4},"end":{"line":36,"column":43}}},"fnMap":{"0":{"name":"(anonymous_0)","decl":{"start":{"line":11,"column":48},"end":{"line":11,"column":49}},"loc":{"start":{"line":11,"column":54},"end":{"line":37,"column":3}},"line":11}},"branchMap":{"0":{"loc":{"start":{"line":10,"column":0},"end":{"line":38,"column":1}},"type":"if","locations":[{"start":{"line":10,"column":0},"end":{"line":38,"column":1}},{"start":{"line":10,"column":0},"end":{"line":38,"column":1}}],"line":10}},"s":{"0":1,"1":1,"2":4,"3":4,"4":4,"5":4,"6":4,"7":4,"8":4,"9":4,"10":4,"11":4},"f":{"0":4},"b":{"0":[1,0]},"_coverageSchema":"332fd63041d2c1bcb487cc26dd0d5f7d97098a6c","hash":"728c47432b79a1d7996e4384fdb5456148d7a62a"}
,"/Users/Trav/Projects/resume-static-aws/src/wikiviewer/index.pug": {"path":"/Users/Trav/Projects/resume-static-aws/src/wikiviewer/index.pug","statementMap":{"0":{"start":{"line":1,"column":0},"end":{"line":1,"column":1343}}},"fnMap":{},"branchMap":{},"s":{"0":2},"f":{},"b":{},"_coverageSchema":"332fd63041d2c1bcb487cc26dd0d5f7d97098a6c","hash":"9c82332b90163197144be34ddd8e5c5a0f34d28b"}
,"/Users/Trav/Projects/resume-static-aws/src/wikiviewer/Api/Api.js": {"path":"/Users/Trav/Projects/resume-static-aws/src/wikiviewer/Api/Api.js","statementMap":{"0":{"start":{"line":7,"column":15},"end":{"line":15,"column":1}},"1":{"start":{"line":8,"column":2},"end":{"line":8,"column":38}},"2":{"start":{"line":8,"column":26},"end":{"line":8,"column":38}},"3":{"start":{"line":10,"column":2},"end":{"line":10,"column":39}},"4":{"start":{"line":11,"column":2},"end":{"line":14,"column":24}},"5":{"start":{"line":14,"column":18},"end":{"line":14,"column":22}},"6":{"start":{"line":23,"column":21},"end":{"line":26,"column":1}},"7":{"start":{"line":24,"column":31},"end":{"line":24,"column":36}},"8":{"start":{"line":25,"column":2},"end":{"line":25,"column":30}}},"fnMap":{"0":{"name":"(anonymous_0)","decl":{"start":{"line":7,"column":15},"end":{"line":7,"column":16}},"loc":{"start":{"line":7,"column":41},"end":{"line":15,"column":1}},"line":7},"1":{"name":"(anonymous_1)","decl":{"start":{"line":14,"column":11},"end":{"line":14,"column":12}},"loc":{"start":{"line":14,"column":18},"end":{"line":14,"column":22}},"line":14},"2":{"name":"(anonymous_2)","decl":{"start":{"line":23,"column":21},"end":{"line":23,"column":22}},"loc":{"start":{"line":23,"column":65},"end":{"line":26,"column":1}},"line":23}},"branchMap":{"0":{"loc":{"start":{"line":8,"column":2},"end":{"line":8,"column":38}},"type":"if","locations":[{"start":{"line":8,"column":2},"end":{"line":8,"column":38}},{"start":{"line":8,"column":2},"end":{"line":8,"column":38}}],"line":8}},"s":{"0":1,"1":3,"2":1,"3":2,"4":2,"5":1,"6":1,"7":2,"8":2},"f":{"0":3,"1":1,"2":2},"b":{"0":[1,2]},"_coverageSchema":"332fd63041d2c1bcb487cc26dd0d5f7d97098a6c","hash":"08cf9062438ce8dd32583258d2d92694b2670f0a"}
,"/Users/Trav/Projects/resume-static-aws/src/wikiviewer/Api/index.js": {"path":"/Users/Trav/Projects/resume-static-aws/src/wikiviewer/Api/index.js","statementMap":{},"fnMap":{},"branchMap":{},"s":{},"f":{},"b":{},"_coverageSchema":"332fd63041d2c1bcb487cc26dd0d5f7d97098a6c","hash":"b2dd307f32bb52e2d061715d73eda93d134f05d1"}
,"/Users/Trav/Projects/resume-static-aws/src/wikiviewer/Handlers/WikiViewer.js": {"path":"/Users/Trav/Projects/resume-static-aws/src/wikiviewer/Handlers/WikiViewer.js","statementMap":{"0":{"start":{"line":6,"column":18},"end":{"line":29,"column":1}},"1":{"start":{"line":11,"column":2},"end":{"line":28,"column":3}},"2":{"start":{"line":14,"column":4},"end":{"line":27,"column":5}},"3":{"start":{"line":15,"column":6},"end":{"line":15,"column":49}},"4":{"start":{"line":15,"column":43},"end":{"line":15,"column":49}},"5":{"start":{"line":17,"column":17},"end":{"line":17,"column":28}},"6":{"start":{"line":18,"column":19},"end":{"line":18,"column":67}},"7":{"start":{"line":19,"column":24},"end":{"line":22,"column":7}},"8":{"start":{"line":24,"column":6},"end":{"line":24,"column":55}},"9":{"start":{"line":25,"column":6},"end":{"line":25,"column":70}},"10":{"start":{"line":26,"column":6},"end":{"line":26,"column":44}},"11":{"start":{"line":31,"column":22},"end":{"line":33,"column":1}},"12":{"start":{"line":32,"column":2},"end":{"line":32,"column":79}},"13":{"start":{"line":32,"column":16},"end":{"line":32,"column":77}},"14":{"start":{"line":35,"column":22},"end":{"line":41,"column":1}},"15":{"start":{"line":40,"column":2},"end":{"line":40,"column":59}},"16":{"start":{"line":40,"column":15},"end":{"line":40,"column":58}},"17":{"start":{"line":43,"column":23},"end":{"line":50,"column":1}},"18":{"start":{"line":48,"column":19},"end":{"line":48,"column":38}},"19":{"start":{"line":49,"column":2},"end":{"line":49,"column":44}},"20":{"start":{"line":52,"column":24},"end":{"line":62,"column":1}},"21":{"start":{"line":56,"column":5},"end":{"line":62,"column":1}},"22":{"start":{"line":57,"column":2},"end":{"line":61,"column":3}},"23":{"start":{"line":58,"column":4},"end":{"line":58,"column":48}},"24":{"start":{"line":59,"column":9},"end":{"line":61,"column":3}},"25":{"start":{"line":60,"column":4},"end":{"line":60,"column":32}},"26":{"start":{"line":64,"column":20},"end":{"line":66,"column":1}},"27":{"start":{"line":64,"column":46},"end":{"line":66,"column":1}},"28":{"start":{"line":65,"column":2},"end":{"line":65,"column":60}}},"fnMap":{"0":{"name":"(anonymous_0)","decl":{"start":{"line":6,"column":18},"end":{"line":6,"column":19}},"loc":{"start":{"line":10,"column":5},"end":{"line":29,"column":1}},"line":10},"1":{"name":"(anonymous_1)","decl":{"start":{"line":31,"column":22},"end":{"line":31,"column":23}},"loc":{"start":{"line":31,"column":39},"end":{"line":33,"column":1}},"line":31},"2":{"name":"(anonymous_2)","decl":{"start":{"line":32,"column":9},"end":{"line":32,"column":10}},"loc":{"start":{"line":32,"column":16},"end":{"line":32,"column":77}},"line":32},"3":{"name":"(anonymous_3)","decl":{"start":{"line":35,"column":22},"end":{"line":35,"column":23}},"loc":{"start":{"line":39,"column":5},"end":{"line":41,"column":1}},"line":39},"4":{"name":"(anonymous_4)","decl":{"start":{"line":40,"column":9},"end":{"line":40,"column":10}},"loc":{"start":{"line":40,"column":15},"end":{"line":40,"column":58}},"line":40},"5":{"name":"(anonymous_5)","decl":{"start":{"line":43,"column":23},"end":{"line":43,"column":24}},"loc":{"start":{"line":47,"column":5},"end":{"line":50,"column":1}},"line":47},"6":{"name":"(anonymous_6)","decl":{"start":{"line":52,"column":24},"end":{"line":52,"column":25}},"loc":{"start":{"line":56,"column":5},"end":{"line":62,"column":1}},"line":56},"7":{"name":"(anonymous_7)","decl":{"start":{"line":56,"column":5},"end":{"line":56,"column":6}},"loc":{"start":{"line":56,"column":29},"end":{"line":62,"column":1}},"line":56},"8":{"name":"(anonymous_8)","decl":{"start":{"line":64,"column":20},"end":{"line":64,"column":21}},"loc":{"start":{"line":64,"column":46},"end":{"line":66,"column":1}},"line":64},"9":{"name":"(anonymous_9)","decl":{"start":{"line":64,"column":46},"end":{"line":64,"column":47}},"loc":{"start":{"line":64,"column":64},"end":{"line":66,"column":1}},"line":64}},"branchMap":{"0":{"loc":{"start":{"line":11,"column":2},"end":{"line":28,"column":3}},"type":"if","locations":[{"start":{"line":11,"column":2},"end":{"line":28,"column":3}},{"start":{"line":11,"column":2},"end":{"line":28,"column":3}}],"line":11},"1":{"loc":{"start":{"line":15,"column":6},"end":{"line":15,"column":49}},"type":"if","locations":[{"start":{"line":15,"column":6},"end":{"line":15,"column":49}},{"start":{"line":15,"column":6},"end":{"line":15,"column":49}}],"line":15},"2":{"loc":{"start":{"line":15,"column":12},"end":{"line":15,"column":40}},"type":"binary-expr","locations":[{"start":{"line":15,"column":12},"end":{"line":15,"column":23}},{"start":{"line":15,"column":27},"end":{"line":15,"column":40}}],"line":15},"3":{"loc":{"start":{"line":57,"column":2},"end":{"line":61,"column":3}},"type":"if","locations":[{"start":{"line":57,"column":2},"end":{"line":61,"column":3}},{"start":{"line":57,"column":2},"end":{"line":61,"column":3}}],"line":57},"4":{"loc":{"start":{"line":59,"column":9},"end":{"line":61,"column":3}},"type":"if","locations":[{"start":{"line":59,"column":9},"end":{"line":61,"column":3}},{"start":{"line":59,"column":9},"end":{"line":61,"column":3}}],"line":59},"5":{"loc":{"start":{"line":59,"column":13},"end":{"line":59,"column":58}},"type":"binary-expr","locations":[{"start":{"line":59,"column":13},"end":{"line":59,"column":38}},{"start":{"line":59,"column":42},"end":{"line":59,"column":58}}],"line":59}},"s":{"0":1,"1":4,"2":4,"3":40,"4":0,"5":40,"6":40,"7":40,"8":40,"9":40,"10":40,"11":1,"12":1,"13":1,"14":1,"15":2,"16":2,"17":1,"18":3,"19":3,"20":1,"21":2,"22":2,"23":1,"24":1,"25":1,"26":1,"27":2,"28":3},"f":{"0":4,"1":1,"2":1,"3":2,"4":2,"5":3,"6":2,"7":2,"8":2,"9":3},"b":{"0":[4,0],"1":[0,40],"2":[40,40],"3":[1,1],"4":[1,0],"5":[1,1]},"_coverageSchema":"332fd63041d2c1bcb487cc26dd0d5f7d97098a6c","hash":"68b3f97519d3d67cb0a1ce5f9b471eb0d122b924"}
,"/Users/Trav/Projects/resume-static-aws/src/wikiviewer/Handlers/index.js": {"path":"/Users/Trav/Projects/resume-static-aws/src/wikiviewer/Handlers/index.js","statementMap":{},"fnMap":{},"branchMap":{},"s":{},"f":{},"b":{},"_coverageSchema":"332fd63041d2c1bcb487cc26dd0d5f7d97098a6c","hash":"d554acd6b6e03da5e0ee83ac4a46a8234f493da7"}
,"/Users/Trav/Projects/resume-static-aws/src/wikiviewer/Models/constants.js": {"path":"/Users/Trav/Projects/resume-static-aws/src/wikiviewer/Models/constants.js","statementMap":{"0":{"start":{"line":3,"column":17},"end":{"line":3,"column":53}},"1":{"start":{"line":5,"column":15},"end":{"line":18,"column":1}}},"fnMap":{},"branchMap":{},"s":{"0":1,"1":1},"f":{},"b":{},"_coverageSchema":"332fd63041d2c1bcb487cc26dd0d5f7d97098a6c","hash":"397c0daa0665ef614d6911b0d401a65540db8a82"}
,"/Users/Trav/Projects/resume-static-aws/src/wikiviewer/Models/index.js": {"path":"/Users/Trav/Projects/resume-static-aws/src/wikiviewer/Models/index.js","statementMap":{},"fnMap":{},"branchMap":{},"s":{},"f":{},"b":{},"_coverageSchema":"332fd63041d2c1bcb487cc26dd0d5f7d97098a6c","hash":"71c8ee9745dda4f2564e308219d2c4fad9d34d96"}
}
