TN:
SF:/Users/Trav/Projects/resume-static-aws/src/index.js
FN:4,(anonymous_0)
FNF:1
FNH:1
FNDA:1,(anonymous_0)
DA:3,1
DA:4,1
LF:2
LH:2
BRDA:3,0,0,1
BRDA:3,0,1,0
BRF:2
BRH:1
end_of_record
TN:
SF:/Users/Trav/Projects/resume-static-aws/src/index.pug
FNF:0
FNH:0
DA:1,1
LF:1
LH:1
BRF:0
BRH:0
end_of_record
TN:
SF:/Users/Trav/Projects/resume-static-aws/src/calculator/index.js
FN:14,(anonymous_0)
FN:30,(anonymous_1)
FN:33,(anonymous_2)
FNF:3
FNH:3
FNDA:2,(anonymous_0)
FNDA:58,(anonymous_1)
FNDA:6,(anonymous_2)
DA:11,1
DA:13,1
DA:14,1
DA:15,2
DA:16,2
DA:18,2
DA:19,2
DA:20,2
DA:22,2
DA:23,2
DA:24,2
DA:25,2
DA:28,2
DA:30,58
DA:33,2
DA:34,6
LF:16
LH:16
BRDA:13,0,0,1
BRDA:13,0,1,0
BRF:2
BRH:1
end_of_record
TN:
SF:/Users/Trav/Projects/resume-static-aws/src/calculator/index.pug
FNF:0
FNH:0
DA:1,1
LF:1
LH:1
BRF:0
BRH:0
end_of_record
TN:
SF:/Users/Trav/Projects/resume-static-aws/src/calculator/Handlers/ButtonHandlers.js
FN:4,(anonymous_0)
FN:4,(anonymous_1)
FN:8,(anonymous_2)
FN:8,(anonymous_3)
FN:11,(anonymous_4)
FN:11,(anonymous_5)
FN:18,(anonymous_6)
FN:22,(anonymous_7)
FNF:8
FNH:8
FNDA:2,(anonymous_0)
FNDA:2,(anonymous_1)
FNDA:1,(anonymous_2)
FNDA:1,(anonymous_3)
FNDA:1,(anonymous_4)
FNDA:1,(anonymous_5)
FNDA:11,(anonymous_6)
FNDA:14,(anonymous_7)
DA:4,2
DA:6,2
DA:8,1
DA:9,1
DA:11,1
DA:14,1
DA:15,1
DA:18,1
DA:22,11
DA:23,14
DA:25,14
DA:27,2
DA:28,2
DA:30,1
DA:31,1
DA:34,2
DA:37,1
DA:38,1
DA:40,1
DA:43,1
DA:44,1
DA:46,1
DA:49,10
DA:50,10
DA:52,10
LF:25
LH:25
BRDA:6,0,0,2
BRDA:6,0,1,1
BRDA:25,1,0,2
BRDA:25,1,1,1
BRDA:25,1,2,1
BRDA:25,1,3,10
BRF:6
BRH:6
end_of_record
TN:
SF:/Users/Trav/Projects/resume-static-aws/src/calculator/Handlers/index.js
FNF:0
FNH:0
LF:0
LH:0
BRF:0
BRH:0
end_of_record
TN:
SF:/Users/Trav/Projects/resume-static-aws/src/calculator/Models/Calculator.js
FN:12,(anonymous_0)
FN:16,(anonymous_1)
FN:20,(anonymous_2)
FN:38,(anonymous_3)
FN:42,(anonymous_4)
FN:49,(anonymous_5)
FNF:6
FNH:6
FNDA:24,(anonymous_0)
FNDA:17,(anonymous_1)
FNDA:5,(anonymous_2)
FNDA:1,(anonymous_3)
FNDA:10,(anonymous_4)
FNDA:64,(anonymous_5)
DA:6,2
DA:7,2
DA:13,24
DA:17,17
DA:21,5
DA:22,5
DA:25,5
DA:29,5
DA:30,3
DA:31,2
DA:34,1
DA:39,1
DA:43,10
DA:44,10
DA:45,10
DA:50,64
DA:54,64
DA:55,34
DA:56,7
DA:60,27
DA:63,30
DA:65,4
DA:66,3
DA:68,1
DA:71,4
DA:74,1
DA:75,1
DA:78,25
DA:79,3
DA:80,22
DA:81,6
DA:83,16
DA:86,25
LF:33
LH:33
BRDA:25,0,0,3
BRDA:25,0,1,2
BRDA:29,1,0,3
BRDA:29,1,1,2
BRDA:29,2,0,5
BRDA:29,2,1,5
BRDA:31,3,0,1
BRDA:31,3,1,1
BRDA:31,4,0,2
BRDA:31,4,1,2
BRDA:54,5,0,34
BRDA:54,5,1,30
BRDA:54,6,0,64
BRDA:54,6,1,32
BRDA:55,7,0,7
BRDA:55,7,1,27
BRDA:55,8,0,34
BRDA:55,8,1,21
BRDA:55,8,2,20
BRDA:63,9,0,4
BRDA:63,9,1,1
BRDA:63,9,2,25
BRDA:65,10,0,3
BRDA:65,10,1,1
BRDA:78,11,0,3
BRDA:78,11,1,22
BRDA:80,12,0,6
BRDA:80,12,1,16
BRDA:80,13,0,22
BRDA:80,13,1,21
BRDA:83,14,0,4
BRDA:83,14,1,12
BRF:32
BRH:32
end_of_record
TN:
SF:/Users/Trav/Projects/resume-static-aws/src/calculator/Models/constants.js
FNF:0
FNH:0
DA:1,2
LF:1
LH:1
BRF:0
BRH:0
end_of_record
TN:
SF:/Users/Trav/Projects/resume-static-aws/src/calculator/Models/index.js
FNF:0
FNH:0
LF:0
LH:0
BRF:0
BRH:0
end_of_record
TN:
SF:/Users/Trav/Projects/resume-static-aws/src/common/js/constants.js
FNF:0
FNH:0
DA:3,19
DA:13,19
LF:2
LH:2
BRF:0
BRH:0
end_of_record
TN:
SF:/Users/Trav/Projects/resume-static-aws/src/common/js/handlers.js
FN:3,(anonymous_0)
FN:7,(anonymous_1)
FNF:2
FNH:2
FNDA:1,(anonymous_0)
FNDA:1,(anonymous_1)
DA:3,2
DA:4,1
DA:5,1
DA:7,1
DA:8,1
LF:5
LH:5
BRF:0
BRH:0
end_of_record
TN:
SF:/Users/Trav/Projects/resume-static-aws/src/common/js/utils.js
FN:9,(anonymous_0)
FN:12,(anonymous_1)
FN:15,(anonymous_2)
FN:18,(anonymous_3)
FN:21,(anonymous_4)
FN:22,(anonymous_5)
FN:23,(anonymous_6)
FN:25,(anonymous_7)
FN:32,(anonymous_8)
FN:39,(anonymous_9)
FN:47,(anonymous_10)
FN:54,(anonymous_11)
FN:63,(anonymous_12)
FN:69,(anonymous_13)
FN:74,(anonymous_14)
FN:79,(anonymous_15)
FN:85,(anonymous_16)
FN:86,(anonymous_17)
FN:87,(anonymous_18)
FN:93,(anonymous_19)
FN:97,(anonymous_20)
FNF:21
FNH:21
FNDA:47,(anonymous_0)
FNDA:10,(anonymous_1)
FNDA:44,(anonymous_2)
FNDA:41,(anonymous_3)
FNDA:5,(anonymous_4)
FNDA:2,(anonymous_5)
FNDA:56,(anonymous_6)
FNDA:6,(anonymous_7)
FNDA:36103,(anonymous_8)
FNDA:12034,(anonymous_9)
FNDA:8,(anonymous_10)
FNDA:41,(anonymous_11)
FNDA:6,(anonymous_12)
FNDA:45,(anonymous_13)
FNDA:41,(anonymous_14)
FNDA:10,(anonymous_15)
FNDA:20,(anonymous_16)
FNDA:20,(anonymous_17)
FNDA:1,(anonymous_18)
FNDA:17,(anonymous_19)
FNDA:2,(anonymous_20)
DA:5,19
DA:6,19
DA:7,19
DA:9,19
DA:10,47
DA:12,19
DA:13,10
DA:15,19
DA:16,44
DA:18,19
DA:19,41
DA:21,19
DA:22,19
DA:23,56
DA:25,19
DA:26,6
DA:27,3
DA:32,19
DA:33,36103
DA:34,15391
DA:36,36103
DA:39,19
DA:40,12034
DA:41,12034
DA:42,12034
DA:43,12034
DA:44,12034
DA:47,19
DA:48,8
DA:50,8
DA:55,41
DA:64,6
DA:65,6
DA:69,19
DA:70,45
DA:74,19
DA:75,41
DA:79,19
DA:80,10
DA:81,5
DA:82,5
DA:85,19
DA:86,20
DA:87,20
DA:88,1
DA:89,1
DA:92,20
DA:94,17
DA:95,17
DA:98,2
DA:99,2
LF:51
LH:51
BRDA:16,0,0,3
BRDA:16,0,1,41
BRDA:16,1,0,2
BRDA:16,1,1,1
BRDA:16,2,0,3
BRDA:16,2,1,3
BRDA:23,3,0,1
BRDA:23,3,1,55
BRDA:48,4,0,8
BRDA:48,4,1,1
BRDA:50,5,0,1
BRDA:50,5,1,7
BRDA:70,6,0,1
BRDA:70,6,1,44
BRDA:72,7,0,1
BRDA:72,7,1,43
BRDA:72,8,0,1
BRDA:72,8,1,42
BRDA:80,9,0,5
BRDA:80,9,1,5
BRDA:85,10,0,0
BRF:21
BRH:20
end_of_record
TN:
SF:/Users/Trav/Projects/resume-static-aws/src/localweather/index.js
FN:6,(anonymous_0)
FN:16,(anonymous_1)
FNF:2
FNH:2
FNDA:3,(anonymous_0)
FNDA:6,(anonymous_1)
DA:5,2
DA:6,2
DA:7,3
DA:9,3
DA:10,3
DA:11,3
DA:12,3
DA:13,3
DA:16,3
DA:17,6
DA:21,3
DA:22,3
LF:12
LH:12
BRDA:5,0,0,2
BRDA:5,0,1,0
BRF:2
BRH:1
end_of_record
TN:
SF:/Users/Trav/Projects/resume-static-aws/src/localweather/index.pug
FNF:0
FNH:0
DA:1,3
LF:1
LH:1
BRF:0
BRH:0
end_of_record
TN:
SF:/Users/Trav/Projects/resume-static-aws/src/localweather/Api/Api.js
FN:27,(anonymous_0)
FN:35,(anonymous_1)
FN:49,(anonymous_2)
FN:61,(anonymous_3)
FN:67,(anonymous_4)
FN:78,(anonymous_5)
FNF:6
FNH:6
FNDA:40,(anonymous_0)
FNDA:40,(anonymous_1)
FNDA:40,(anonymous_2)
FNDA:1,(anonymous_3)
FNDA:3,(anonymous_4)
FNDA:2,(anonymous_5)
DA:18,2
DA:27,2
DA:28,40
DA:29,40
DA:30,40
DA:32,40
DA:35,40
DA:49,2
DA:54,40
DA:55,40
DA:57,40
DA:58,6
DA:61,2
DA:67,2
DA:68,3
DA:69,3
DA:75,3
DA:78,2
LF:18
LH:18
BRDA:37,0,0,40
BRDA:37,0,1,27
BRDA:38,1,0,40
BRDA:38,1,1,27
BRDA:39,2,0,40
BRDA:39,2,1,40
BRDA:39,2,2,1
BRDA:40,3,0,40
BRDA:40,3,1,40
BRDA:40,3,2,1
BRDA:41,4,0,40
BRDA:41,4,1,40
BRDA:41,4,2,7
BRDA:43,5,0,40
BRDA:43,5,1,1
BRDA:44,6,0,40
BRDA:44,6,1,40
BRDA:44,6,2,1
BRDA:55,7,0,40
BRDA:55,7,1,39
BRDA:57,8,0,34
BRDA:57,8,1,6
BRF:22
BRH:22
end_of_record
TN:
SF:/Users/Trav/Projects/resume-static-aws/src/localweather/Api/index.js
FNF:0
FNH:0
LF:0
LH:0
BRF:0
BRH:0
end_of_record
TN:
SF:/Users/Trav/Projects/resume-static-aws/src/localweather/Assets/tile.html
FNF:0
FNH:0
DA:2,1
LF:1
LH:1
BRF:0
BRH:0
end_of_record
TN:
SF:/Users/Trav/Projects/resume-static-aws/src/localweather/Handlers/Handlers.js
FN:9,(anonymous_0)
FN:18,(anonymous_1)
FN:49,(anonymous_2)
FN:53,(anonymous_3)
FN:65,(anonymous_4)
FN:65,(anonymous_5)
FN:68,(anonymous_6)
FN:76,(anonymous_7)
FN:81,(anonymous_8)
FN:87,(anonymous_9)
FN:91,(anonymous_10)
FN:125,(anonymous_11)
FN:125,(anonymous_12)
FNF:13
FNH:13
FNDA:3,(anonymous_0)
FNDA:2,(anonymous_1)
FNDA:2,(anonymous_2)
FNDA:1,(anonymous_3)
FNDA:1,(anonymous_4)
FNDA:1,(anonymous_5)
FNDA:1,(anonymous_6)
FNDA:1,(anonymous_7)
FNDA:2,(anonymous_8)
FNDA:4,(anonymous_9)
FNDA:4,(anonymous_10)
FNDA:1,(anonymous_11)
FNDA:1,(anonymous_12)
DA:7,1
DA:9,1
DA:15,3
DA:16,3
DA:18,3
DA:19,2
DA:20,2
DA:21,2
DA:23,2
DA:24,2
DA:25,2
DA:26,2
DA:27,2
DA:29,2
DA:30,2
DA:31,2
DA:32,2
DA:34,2
DA:35,2
DA:36,2
DA:38,2
DA:39,2
DA:41,2
DA:45,2
DA:46,2
DA:49,1
DA:53,2
DA:54,1
DA:55,1
DA:56,1
DA:57,1
DA:58,1
DA:60,1
DA:61,1
DA:65,1
DA:68,1
DA:69,1
DA:76,1
DA:77,1
DA:78,1
DA:81,1
DA:82,2
DA:87,1
DA:91,4
DA:94,4
DA:96,1
DA:97,1
DA:98,1
DA:99,1
DA:102,1
DA:103,1
DA:104,1
DA:105,1
DA:108,1
DA:109,1
DA:110,1
DA:111,1
DA:114,1
DA:115,1
DA:116,1
DA:117,1
DA:120,4
DA:121,4
DA:122,4
DA:125,1
DA:126,1
DA:128,1
LF:67
LH:67
BRDA:34,0,0,2
BRDA:34,0,1,0
BRDA:82,1,0,1
BRDA:82,1,1,1
BRDA:94,2,0,1
BRDA:94,2,1,1
BRDA:94,2,2,1
BRDA:94,2,3,1
BRF:8
BRH:7
end_of_record
TN:
SF:/Users/Trav/Projects/resume-static-aws/src/localweather/Handlers/index.js
FNF:0
FNH:0
LF:0
LH:0
BRF:0
BRH:0
end_of_record
TN:
SF:/Users/Trav/Projects/resume-static-aws/src/localweather/Models/constants.js
FN:7,(anonymous_0)
FNF:1
FNH:1
FNDA:3,(anonymous_0)
DA:6,2
DA:7,3
LF:2
LH:2
BRF:0
BRH:0
end_of_record
TN:
SF:/Users/Trav/Projects/resume-static-aws/src/localweather/Models/index.js
FNF:0
FNH:0
LF:0
LH:0
BRF:0
BRH:0
end_of_record
TN:
SF:/Users/Trav/Projects/resume-static-aws/src/pomodoro/index.js
FN:22,(anonymous_0)
FNF:1
FNH:1
FNDA:6,(anonymous_0)
DA:12,1
DA:13,1
DA:14,1
DA:15,1
DA:22,1
DA:23,6
DA:24,6
DA:27,6
DA:30,6
DA:33,6
DA:36,6
DA:39,6
DA:42,6
DA:45,6
DA:48,6
DA:52,6
DA:54,6
DA:65,6
DA:66,6
DA:67,6
DA:69,6
DA:73,6
DA:77,6
DA:81,6
LF:24
LH:24
BRDA:12,0,0,1
BRDA:12,0,1,0
BRF:2
BRH:1
end_of_record
TN:
SF:/Users/Trav/Projects/resume-static-aws/src/pomodoro/index.pug
FNF:0
FNH:0
DA:1,1
LF:1
LH:1
BRF:0
BRH:0
end_of_record
TN:
SF:/Users/Trav/Projects/resume-static-aws/src/pomodoro/Handlers/Handlers.js
FN:7,(anonymous_0)
FN:7,(anonymous_1)
FN:11,(anonymous_2)
FN:16,(anonymous_3)
FN:24,(anonymous_4)
FN:33,(anonymous_5)
FN:47,(anonymous_6)
FN:52,(anonymous_7)
FNF:8
FNH:8
FNDA:1,(anonymous_0)
FNDA:1,(anonymous_1)
FNDA:8,(anonymous_2)
FNDA:9,(anonymous_3)
FNDA:1,(anonymous_4)
FNDA:2,(anonymous_5)
FNDA:3,(anonymous_6)
FNDA:3,(anonymous_7)
DA:7,1
DA:8,1
DA:11,1
DA:16,8
DA:17,9
DA:18,9
DA:19,9
DA:20,9
DA:24,1
DA:33,1
DA:34,2
DA:36,2
DA:37,1
DA:38,1
DA:39,1
DA:41,1
DA:42,1
DA:47,1
DA:52,3
DA:53,3
DA:54,3
DA:55,3
DA:56,3
DA:58,3
DA:59,3
LF:25
LH:25
BRDA:17,0,0,4
BRDA:17,0,1,5
BRDA:34,1,0,1
BRDA:34,1,1,1
BRDA:36,2,0,1
BRDA:36,2,1,1
BRDA:53,3,0,1
BRDA:53,3,1,2
BRF:8
BRH:8
end_of_record
TN:
SF:/Users/Trav/Projects/resume-static-aws/src/pomodoro/Handlers/index.js
FNF:0
FNH:0
LF:0
LH:0
BRF:0
BRH:0
end_of_record
TN:
SF:/Users/Trav/Projects/resume-static-aws/src/pomodoro/Models/index.js
FN:11,(anonymous_0)
FN:15,(anonymous_1)
FN:23,(anonymous_2)
FNF:3
FNH:3
FNDA:10,(anonymous_0)
FNDA:6,(anonymous_1)
FNDA:12033,(anonymous_2)
DA:5,3
DA:7,3
DA:9,3
DA:11,3
DA:12,10
DA:15,3
DA:23,6
DA:24,12033
DA:25,12033
DA:26,12033
DA:27,12033
DA:28,12033
DA:30,12033
DA:31,12033
DA:33,12033
DA:35,12028
DA:36,12028
DA:39,5
DA:40,5
DA:41,5
DA:42,5
DA:43,5
DA:44,5
LF:23
LH:23
BRDA:12,0,0,7
BRDA:12,0,1,3
BRDA:33,1,0,12028
BRDA:33,1,1,5
BRDA:40,2,0,5
BRDA:40,2,1,0
BRF:6
BRH:5
end_of_record
TN:
SF:/Users/Trav/Projects/resume-static-aws/src/randomquote/index.js
FN:13,(anonymous_0)
FN:23,(anonymous_1)
FNF:2
FNH:2
FNDA:1,(anonymous_0)
FNDA:3,(anonymous_1)
DA:10,1
DA:12,1
DA:13,1
DA:14,1
DA:15,1
DA:16,1
DA:18,1
DA:23,1
DA:24,3
DA:27,1
LF:10
LH:10
BRDA:12,0,0,1
BRDA:12,0,1,0
BRF:2
BRH:1
end_of_record
TN:
SF:/Users/Trav/Projects/resume-static-aws/src/randomquote/index.pug
FNF:0
FNH:0
DA:1,2
LF:1
LH:1
BRF:0
BRH:0
end_of_record
TN:
SF:/Users/Trav/Projects/resume-static-aws/src/randomquote/Api/Api.js
FN:9,(anonymous_0)
FN:12,(anonymous_1)
FN:17,(anonymous_2)
FNF:3
FNH:3
FNDA:3,(anonymous_0)
FNDA:2,(anonymous_1)
FNDA:1,(anonymous_2)
DA:6,1
DA:9,1
DA:10,3
DA:12,2
DA:17,1
DA:18,1
LF:6
LH:6
BRDA:9,0,0,3
BRDA:14,1,0,2
BRDA:14,1,1,1
BRF:3
BRH:3
end_of_record
TN:
SF:/Users/Trav/Projects/resume-static-aws/src/randomquote/Api/index.js
FNF:0
FNH:0
LF:0
LH:0
BRF:0
BRH:0
end_of_record
TN:
SF:/Users/Trav/Projects/resume-static-aws/src/randomquote/Handlers/RandomQuote.js
FN:4,(anonymous_0)
FN:4,(anonymous_1)
FN:29,(anonymous_2)
FN:29,(anonymous_3)
FN:32,(anonymous_4)
FN:32,(anonymous_5)
FN:35,(anonymous_6)
FN:41,(anonymous_7)
FNF:8
FNH:8
FNDA:3,(anonymous_0)
FNDA:3,(anonymous_1)
FNDA:1,(anonymous_2)
FNDA:1,(anonymous_3)
FNDA:1,(anonymous_4)
FNDA:1,(anonymous_5)
FNDA:2,(anonymous_6)
FNDA:2,(anonymous_7)
DA:4,3
DA:10,3
DA:12,1
DA:13,1
DA:14,1
DA:16,1
DA:17,1
DA:18,1
DA:20,1
DA:21,1
DA:22,1
DA:25,3
DA:26,3
DA:29,1
DA:30,1
DA:32,1
DA:33,1
DA:35,1
DA:41,2
DA:42,2
DA:44,2
DA:45,2
DA:46,1
DA:47,1
DA:48,1
DA:50,1
DA:51,1
DA:54,2
LF:28
LH:28
BRDA:10,0,0,1
BRDA:10,0,1,1
BRDA:10,0,2,1
BRF:3
BRH:3
end_of_record
TN:
SF:/Users/Trav/Projects/resume-static-aws/src/randomquote/Handlers/index.js
FNF:0
FNH:0
LF:0
LH:0
BRF:0
BRH:0
end_of_record
TN:
SF:/Users/Trav/Projects/resume-static-aws/src/simon/index.js
FN:13,(anonymous_0)
FN:39,(anonymous_1)
FNF:2
FNH:2
FNDA:3,(anonymous_0)
FNDA:12,(anonymous_1)
DA:12,1
DA:13,1
DA:14,3
DA:15,3
DA:16,3
DA:17,3
DA:19,3
DA:26,3
DA:28,3
DA:29,3
DA:31,3
DA:35,3
DA:39,3
DA:40,12
DA:49,12
LF:15
LH:15
BRDA:12,0,0,1
BRDA:12,0,1,0
BRF:2
BRH:1
end_of_record
TN:
SF:/Users/Trav/Projects/resume-static-aws/src/simon/index.pug
FNF:0
FNH:0
DA:1,1
LF:1
LH:1
BRF:0
BRH:0
end_of_record
TN:
SF:/Users/Trav/Projects/resume-static-aws/src/simon/simon.types.js
FNF:0
FNH:0
DA:5,1
LF:1
LH:1
BRF:0
BRH:0
end_of_record
TN:
SF:/Users/Trav/Projects/resume-static-aws/src/simon/Handlers/ButtonHandlers.js
FN:24,(anonymous_0)
FN:30,(anonymous_1)
FN:37,(anonymous_2)
FN:40,(anonymous_3)
FN:44,(anonymous_4)
FN:57,(anonymous_5)
FN:57,(anonymous_6)
FN:59,(anonymous_7)
FN:59,(anonymous_8)
FN:62,(anonymous_9)
FN:70,(anonymous_10)
FN:83,(anonymous_11)
FNF:12
FNH:12
FNDA:2,(anonymous_0)
FNDA:2,(anonymous_1)
FNDA:2,(anonymous_2)
FNDA:2,(anonymous_3)
FNDA:2,(anonymous_4)
FNDA:1,(anonymous_5)
FNDA:1,(anonymous_6)
FNDA:1,(anonymous_7)
FNDA:1,(anonymous_8)
FNDA:3,(anonymous_9)
FNDA:3,(anonymous_10)
FNDA:2,(anonymous_11)
DA:22,6
DA:24,6
DA:25,2
DA:26,2
DA:27,2
DA:30,6
DA:37,2
DA:38,2
DA:40,6
DA:44,2
DA:45,2
DA:46,1
DA:47,1
DA:49,1
DA:50,1
DA:53,2
DA:54,2
DA:57,6
DA:59,6
DA:60,1
DA:62,6
DA:70,3
DA:71,3
DA:72,1
DA:73,1
DA:77,2
DA:78,2
DA:80,2
DA:83,2
DA:84,2
DA:85,2
DA:86,2
LF:32
LH:32
BRDA:38,0,0,2
BRDA:38,0,1,1
BRDA:45,1,0,1
BRDA:45,1,1,1
BRDA:71,2,0,1
BRDA:71,2,1,2
BRF:6
BRH:6
end_of_record
TN:
SF:/Users/Trav/Projects/resume-static-aws/src/simon/Handlers/ColorHandlers.js
FN:13,(anonymous_0)
FN:18,(anonymous_1)
FN:23,(anonymous_2)
FN:33,(anonymous_3)
FN:42,(anonymous_4)
FN:43,(anonymous_5)
FN:47,(anonymous_6)
FN:48,(anonymous_7)
FN:52,(anonymous_8)
FN:57,(anonymous_9)
FN:62,(anonymous_10)
FN:67,(anonymous_11)
FNF:12
FNH:12
FNDA:15,(anonymous_0)
FNDA:19,(anonymous_1)
FNDA:15,(anonymous_2)
FNDA:19,(anonymous_3)
FNDA:3,(anonymous_4)
FNDA:12,(anonymous_5)
FNDA:4,(anonymous_6)
FNDA:16,(anonymous_7)
FNDA:1,(anonymous_8)
FNDA:1,(anonymous_9)
FNDA:1,(anonymous_10)
FNDA:1,(anonymous_11)
DA:6,5
DA:13,5
DA:14,15
DA:15,15
DA:18,5
DA:19,19
DA:20,19
DA:23,5
DA:29,15
DA:30,15
DA:33,5
DA:38,19
DA:39,19
DA:42,5
DA:43,3
DA:44,12
DA:47,5
DA:48,4
DA:49,16
DA:52,5
DA:53,1
DA:54,1
DA:57,5
DA:58,1
DA:59,1
DA:62,5
DA:63,1
DA:64,1
DA:67,5
DA:68,1
DA:69,1
LF:31
LH:31
BRDA:27,0,0,3
BRDA:30,1,0,15
BRDA:30,1,1,3
BRF:3
BRH:3
end_of_record
TN:
SF:/Users/Trav/Projects/resume-static-aws/src/simon/Handlers/TimerHandler.js
FN:7,(anonymous_0)
FN:10,(anonymous_1)
FN:12,(anonymous_2)
FN:22,(anonymous_3)
FN:33,(anonymous_4)
FN:54,(anonymous_5)
FNF:6
FNH:6
FNDA:2,(anonymous_0)
FNDA:1,(anonymous_1)
FNDA:14,(anonymous_2)
FNDA:14,(anonymous_3)
FNDA:2,(anonymous_4)
FNDA:1,(anonymous_5)
DA:7,5
DA:8,2
DA:10,5
DA:12,5
DA:21,14
DA:22,14
DA:23,14
DA:29,14
DA:33,5
DA:44,2
DA:51,2
DA:54,5
DA:61,1
LF:13
LH:13
BRDA:8,0,0,2
BRDA:8,0,1,2
BRDA:29,1,0,11
BRDA:29,1,1,3
BRDA:51,2,0,2
BRDA:51,2,1,0
BRF:6
BRH:5
end_of_record
TN:
SF:/Users/Trav/Projects/resume-static-aws/src/simon/Handlers/index.js
FNF:0
FNH:0
LF:0
LH:0
BRF:0
BRH:0
end_of_record
TN:
SF:/Users/Trav/Projects/resume-static-aws/src/simon/Models/GameCycle.js
FNF:0
FNH:0
DA:3,6
DA:18,6
LF:2
LH:2
BRF:0
BRH:0
end_of_record
TN:
SF:/Users/Trav/Projects/resume-static-aws/src/simon/Models/Simon.js
FN:14,(anonymous_0)
FN:26,(anonymous_1)
FN:28,(anonymous_2)
FN:30,(anonymous_3)
FN:32,(anonymous_4)
FN:34,(anonymous_5)
FN:40,(anonymous_6)
FN:45,(anonymous_7)
FN:54,(anonymous_8)
FN:61,(anonymous_9)
FN:68,(anonymous_10)
FN:70,(anonymous_11)
FN:72,(anonymous_12)
FN:74,(anonymous_13)
FN:76,(anonymous_14)
FN:79,(anonymous_15)
FN:82,(anonymous_16)
FN:84,(anonymous_17)
FN:86,(anonymous_18)
FN:106,(anonymous_19)
FN:109,(anonymous_20)
FN:111,(anonymous_21)
FNF:22
FNH:21
FNDA:62,(anonymous_0)
FNDA:1,(anonymous_1)
FNDA:1,(anonymous_2)
FNDA:2,(anonymous_3)
FNDA:1,(anonymous_4)
FNDA:6,(anonymous_5)
FNDA:1,(anonymous_6)
FNDA:1,(anonymous_7)
FNDA:1,(anonymous_8)
FNDA:1,(anonymous_9)
FNDA:0,(anonymous_10)
FNDA:2,(anonymous_11)
FNDA:2,(anonymous_12)
FNDA:2,(anonymous_13)
FNDA:2,(anonymous_14)
FNDA:2,(anonymous_15)
FNDA:1,(anonymous_16)
FNDA:1,(anonymous_17)
FNDA:4,(anonymous_18)
FNDA:4,(anonymous_19)
FNDA:3,(anonymous_20)
FNDA:1,(anonymous_21)
DA:5,6
DA:7,6
DA:14,62
DA:26,6
DA:28,6
DA:30,6
DA:32,6
DA:34,6
DA:35,6
DA:36,6
DA:37,6
DA:40,6
DA:41,1
DA:45,6
DA:46,1
DA:54,6
DA:55,1
DA:61,6
DA:62,1
DA:68,6
DA:70,6
DA:72,6
DA:74,6
DA:76,6
DA:77,2
DA:79,6
DA:80,2
DA:82,6
DA:84,6
DA:86,6
DA:87,4
DA:88,4
DA:89,2
DA:90,2
DA:91,1
DA:92,1
DA:94,2
DA:95,1
DA:96,1
DA:97,1
DA:98,1
DA:100,1
DA:101,1
DA:102,1
DA:106,6
DA:107,4
DA:109,6
DA:111,6
DA:112,1
LF:49
LH:49
BRDA:88,0,0,2
BRDA:88,0,1,2
BRDA:90,1,0,1
BRDA:90,1,1,1
BRDA:94,2,0,1
BRDA:94,2,1,1
BRDA:112,3,0,1
BRDA:112,3,1,1
BRF:8
BRH:8
end_of_record
TN:
SF:/Users/Trav/Projects/resume-static-aws/src/simon/Models/SoundManager.js
FN:5,(anonymous_0)
FN:14,(anonymous_1)
FN:26,(anonymous_2)
FN:31,(anonymous_3)
FNF:4
FNH:4
FNDA:14,(anonymous_0)
FNDA:2,(anonymous_1)
FNDA:1,(anonymous_2)
FNDA:1,(anonymous_3)
DA:5,6
DA:7,14
DA:9,14
DA:15,2
DA:27,1
DA:28,1
DA:32,1
LF:7
LH:7
BRF:0
BRH:0
end_of_record
TN:
SF:/Users/Trav/Projects/resume-static-aws/src/simon/Models/Timer.js
FN:21,(anonymous_0)
FN:23,(anonymous_1)
FN:25,(anonymous_2)
FN:28,(anonymous_3)
FN:31,(anonymous_4)
FN:51,(anonymous_5)
FN:62,(anonymous_6)
FN:73,(anonymous_7)
FN:84,(anonymous_8)
FN:95,(anonymous_9)
FN:107,(anonymous_10)
FN:125,(anonymous_11)
FN:136,(anonymous_12)
FN:148,(anonymous_13)
FN:188,(anonymous_14)
FN:200,(anonymous_15)
FN:211,(anonymous_16)
FN:223,(anonymous_17)
FNF:18
FNH:18
FNDA:39,(anonymous_0)
FNDA:4,(anonymous_1)
FNDA:17,(anonymous_2)
FNDA:3,(anonymous_3)
FNDA:20,(anonymous_4)
FNDA:1,(anonymous_5)
FNDA:1,(anonymous_6)
FNDA:1,(anonymous_7)
FNDA:1,(anonymous_8)
FNDA:1,(anonymous_9)
FNDA:2,(anonymous_10)
FNDA:1,(anonymous_11)
FNDA:1,(anonymous_12)
FNDA:5,(anonymous_13)
FNDA:1,(anonymous_14)
FNDA:1,(anonymous_15)
FNDA:1,(anonymous_16)
FNDA:1,(anonymous_17)
DA:21,39
DA:23,6
DA:25,6
DA:26,17
DA:28,6
DA:29,3
DA:31,6
DA:37,20
DA:38,20
DA:39,2
DA:40,2
DA:43,20
DA:48,3
DA:52,1
DA:59,1
DA:63,1
DA:70,1
DA:74,1
DA:81,1
DA:85,1
DA:92,1
DA:96,1
DA:97,1
DA:104,2
DA:108,2
DA:109,1
DA:111,1
DA:114,2
DA:115,2
DA:122,1
DA:126,1
DA:133,1
DA:137,1
DA:138,1
DA:145,5
DA:149,5
DA:152,5
DA:153,2
DA:156,2
DA:157,1
DA:158,1
DA:161,1
DA:165,3
DA:167,2
DA:168,1
DA:169,1
DA:172,1
DA:177,1
DA:185,1
DA:190,1
DA:197,1
DA:201,1
DA:208,1
DA:212,1
DA:213,1
DA:219,1
DA:220,1
LF:57
LH:57
BRDA:25,0,0,15
BRDA:28,1,0,1
BRDA:38,2,0,2
BRDA:38,2,1,18
BRDA:38,3,0,20
BRDA:38,3,1,19
BRDA:43,4,0,3
BRDA:43,4,1,1
BRDA:43,4,2,1
BRDA:43,4,3,1
BRDA:43,4,4,1
BRDA:43,4,5,2
BRDA:43,4,6,1
BRDA:43,4,7,1
BRDA:43,4,8,5
BRDA:43,4,9,1
BRDA:43,4,10,1
BRDA:43,4,11,1
BRDA:43,4,12,1
BRDA:108,5,0,1
BRDA:108,5,1,1
BRDA:152,6,0,2
BRDA:152,6,1,3
BRDA:156,7,0,1
BRDA:156,7,1,1
BRDA:165,8,0,2
BRDA:165,8,1,1
BRDA:167,9,0,1
BRDA:167,9,1,1
BRF:29
BRH:29
end_of_record
TN:
SF:/Users/Trav/Projects/resume-static-aws/src/simon/Models/index.js
FNF:0
FNH:0
LF:0
LH:0
BRF:0
BRH:0
end_of_record
TN:
SF:/Users/Trav/Projects/resume-static-aws/src/tictactoe/index.js
FN:23,(anonymous_0)
FN:31,(anonymous_1)
FNF:2
FNH:2
FNDA:5,(anonymous_0)
FNDA:10,(anonymous_1)
DA:22,1
DA:23,1
DA:24,5
DA:27,5
DA:28,5
DA:31,5
DA:32,10
DA:33,10
DA:34,10
DA:38,5
DA:39,15
DA:40,45
DA:41,45
DA:43,45
DA:44,45
DA:46,45
DA:47,45
DA:51,5
DA:56,5
DA:59,5
DA:63,5
DA:67,5
DA:72,5
LF:23
LH:23
BRDA:22,0,0,1
BRDA:22,0,1,0
BRDA:32,1,0,10
BRDA:32,1,1,0
BRDA:33,2,0,5
BRDA:33,2,1,5
BRDA:41,3,0,45
BRDA:41,3,1,0
BRF:8
BRH:5
end_of_record
TN:
SF:/Users/Trav/Projects/resume-static-aws/src/tictactoe/index.pug
FNF:0
FNH:0
DA:1,2
LF:1
LH:1
BRF:0
BRH:0
end_of_record
TN:
SF:/Users/Trav/Projects/resume-static-aws/src/tictactoe/tictactoe.types.js
FNF:0
FNH:0
DA:2,4
DA:3,4
LF:2
LH:2
BRF:0
BRH:0
end_of_record
TN:
SF:/Users/Trav/Projects/resume-static-aws/src/tictactoe/Handlers/Events.js
FN:5,(anonymous_0)
FNF:1
FNH:1
FNDA:4,(anonymous_0)
DA:3,2
DA:5,2
DA:6,4
LF:3
LH:3
BRF:0
BRH:0
end_of_record
TN:
SF:/Users/Trav/Projects/resume-static-aws/src/tictactoe/Handlers/Manager.js
FN:25,(anonymous_0)
FN:35,(anonymous_1)
FN:39,(anonymous_2)
FN:59,(anonymous_3)
FN:75,(anonymous_4)
FN:75,(anonymous_5)
FN:87,(anonymous_6)
FN:91,(anonymous_7)
FN:101,(anonymous_8)
FN:101,(anonymous_9)
FN:108,(anonymous_10)
FN:112,(anonymous_11)
FN:121,(anonymous_12)
FN:129,(anonymous_13)
FNF:14
FNH:14
FNDA:6,(anonymous_0)
FNDA:5,(anonymous_1)
FNDA:5,(anonymous_2)
FNDA:2,(anonymous_3)
FNDA:1,(anonymous_4)
FNDA:1,(anonymous_5)
FNDA:2,(anonymous_6)
FNDA:2,(anonymous_7)
FNDA:1,(anonymous_8)
FNDA:1,(anonymous_9)
FNDA:2,(anonymous_10)
FNDA:2,(anonymous_11)
FNDA:1,(anonymous_12)
FNDA:1,(anonymous_13)
DA:21,2
DA:23,2
DA:25,2
DA:26,6
DA:28,6
DA:35,2
DA:39,5
DA:41,5
DA:42,5
DA:44,5
DA:47,3
DA:48,3
DA:49,3
DA:51,3
DA:52,1
DA:53,1
DA:54,1
DA:55,1
DA:59,2
DA:60,2
DA:61,2
DA:63,2
DA:64,1
DA:65,1
DA:66,1
DA:67,1
DA:69,1
DA:75,2
DA:76,1
DA:77,1
DA:78,1
DA:79,1
DA:80,1
DA:81,1
DA:87,2
DA:91,2
DA:92,2
DA:93,2
DA:94,2
DA:95,2
DA:96,1
DA:97,1
DA:101,2
DA:104,1
DA:105,1
DA:108,2
DA:112,2
DA:113,2
DA:114,2
DA:117,2
DA:119,2
DA:120,2
DA:121,1
DA:122,1
DA:123,1
DA:124,1
DA:129,2
DA:130,1
LF:58
LH:58
BRDA:44,0,0,2
BRDA:44,0,1,3
BRDA:44,1,0,5
BRDA:44,1,1,5
BRDA:51,2,0,1
BRDA:51,2,1,2
BRDA:63,3,0,1
BRDA:63,3,1,1
BRDA:64,4,0,1
BRDA:64,4,1,0
BRDA:95,5,0,1
BRDA:95,5,1,1
BRDA:120,6,0,1
BRDA:120,6,1,1
BRF:14
BRH:13
end_of_record
TN:
SF:/Users/Trav/Projects/resume-static-aws/src/tictactoe/Handlers/helpers.js
FN:6,(anonymous_0)
FN:6,(anonymous_1)
FN:8,(anonymous_2)
FN:12,(anonymous_3)
FN:16,(anonymous_4)
FNF:5
FNH:5
FNDA:1,(anonymous_0)
FNDA:1,(anonymous_1)
FNDA:3,(anonymous_2)
FNDA:2,(anonymous_3)
FNDA:4,(anonymous_4)
DA:6,2
DA:7,1
DA:8,3
DA:12,2
DA:13,2
DA:17,4
LF:6
LH:6
BRDA:17,0,0,2
BRDA:17,0,1,2
BRF:2
BRH:2
end_of_record
TN:
SF:/Users/Trav/Projects/resume-static-aws/src/tictactoe/Handlers/index.js
FNF:0
FNH:0
LF:0
LH:0
BRF:0
BRH:0
end_of_record
TN:
SF:/Users/Trav/Projects/resume-static-aws/src/tictactoe/Models/Board.js
FN:6,(anonymous_0)
FN:18,(anonymous_1)
FN:20,(anonymous_2)
FN:31,(anonymous_3)
FN:31,(anonymous_4)
FN:33,(anonymous_5)
FN:39,(anonymous_6)
FN:44,(anonymous_7)
FN:45,(anonymous_8)
FN:53,(anonymous_9)
FN:61,(anonymous_10)
FN:62,(anonymous_11)
FN:82,(anonymous_12)
FN:89,(anonymous_13)
FN:91,(anonymous_14)
FN:96,(anonymous_15)
FN:106,(anonymous_16)
FNF:17
FNH:17
FNDA:69,(anonymous_0)
FNDA:93,(anonymous_1)
FNDA:50,(anonymous_2)
FNDA:16,(anonymous_3)
FNDA:144,(anonymous_4)
FNDA:21,(anonymous_5)
FNDA:21,(anonymous_6)
FNDA:567,(anonymous_7)
FNDA:49,(anonymous_8)
FNDA:22,(anonymous_9)
FNDA:594,(anonymous_10)
FNDA:52,(anonymous_11)
FNDA:34,(anonymous_12)
FNDA:306,(anonymous_13)
FNDA:36,(anonymous_14)
FNDA:18,(anonymous_15)
FNDA:21,(anonymous_16)
DA:6,4
DA:7,69
DA:9,69
DA:10,207
DA:11,621
DA:15,69
DA:18,93
DA:20,4
DA:21,50
DA:22,50
DA:24,50
DA:25,49
DA:28,50
DA:31,144
DA:33,4
DA:34,21
DA:35,21
DA:36,21
DA:39,4
DA:40,21
DA:42,21
DA:43,63
DA:44,567
DA:45,49
DA:50,21
DA:53,4
DA:57,22
DA:59,22
DA:60,66
DA:61,594
DA:62,52
DA:67,22
DA:70,4
DA:76,4
DA:82,4
DA:87,34
DA:89,306
DA:91,36
DA:93,34
DA:96,4
DA:100,18
DA:106,4
DA:107,21
LF:43
LH:43
BRDA:24,0,0,49
BRDA:24,0,1,1
BRDA:31,1,0,144
BRDA:31,1,1,87
BRDA:43,2,0,5
BRDA:43,2,1,58
BRDA:44,3,0,567
BRDA:44,3,1,147
BRDA:60,4,0,2
BRDA:60,4,1,64
BRDA:61,5,0,594
BRDA:61,5,1,156
BRDA:89,6,0,306
BRDA:89,6,1,72
BRDA:101,7,0,18
BRDA:101,7,1,15
BRDA:108,8,0,21
BRDA:108,8,1,20
BRDA:108,8,2,16
BRF:19
BRH:19
end_of_record
TN:
SF:/Users/Trav/Projects/resume-static-aws/src/tictactoe/Models/Game.js
FN:13,(anonymous_0)
FN:21,(anonymous_1)
FN:34,(anonymous_2)
FN:35,(anonymous_3)
FN:36,(anonymous_4)
FN:37,(anonymous_5)
FN:38,(anonymous_6)
FN:40,(anonymous_7)
FN:43,(anonymous_8)
FN:46,(anonymous_9)
FN:49,(anonymous_10)
FN:52,(anonymous_11)
FN:63,(anonymous_12)
FN:80,(anonymous_13)
FN:88,(anonymous_14)
FN:94,(anonymous_15)
FN:96,(anonymous_16)
FN:102,(anonymous_17)
FN:107,(anonymous_18)
FN:129,(anonymous_19)
FNF:20
FNH:20
FNDA:6,(anonymous_0)
FNDA:47,(anonymous_1)
FNDA:14,(anonymous_2)
FNDA:3,(anonymous_3)
FNDA:4,(anonymous_4)
FNDA:7,(anonymous_5)
FNDA:2,(anonymous_6)
FNDA:8,(anonymous_7)
FNDA:7,(anonymous_8)
FNDA:1,(anonymous_9)
FNDA:4,(anonymous_10)
FNDA:2,(anonymous_11)
FNDA:11,(anonymous_12)
FNDA:16,(anonymous_13)
FNDA:99,(anonymous_14)
FNDA:7,(anonymous_15)
FNDA:63,(anonymous_16)
FNDA:8,(anonymous_17)
FNDA:72,(anonymous_18)
FNDA:3,(anonymous_19)
DA:13,4
DA:14,6
DA:15,6
DA:16,6
DA:17,6
DA:18,6
DA:21,47
DA:23,4
DA:33,4
DA:34,14
DA:35,4
DA:36,4
DA:37,7
DA:38,4
DA:40,4
DA:41,8
DA:43,4
DA:44,7
DA:46,4
DA:47,1
DA:49,4
DA:50,4
DA:52,4
DA:53,2
DA:54,2
DA:55,1
DA:56,1
DA:58,1
DA:59,1
DA:63,4
DA:64,11
DA:65,11
DA:66,11
DA:69,11
DA:70,11
DA:71,3
DA:72,3
DA:76,11
DA:77,11
DA:80,4
DA:82,16
DA:83,5
DA:84,5
DA:87,11
DA:88,99
DA:91,11
DA:94,4
DA:95,7
DA:96,63
DA:97,7
DA:99,7
DA:102,4
DA:103,8
DA:105,8
DA:106,8
DA:107,72
DA:110,8
DA:111,1
DA:112,1
DA:115,7
DA:118,7
DA:119,7
DA:120,1
DA:121,1
DA:125,7
DA:126,7
DA:129,4
DA:130,3
DA:131,3
DA:133,3
LF:70
LH:70
BRDA:44,0,0,4
BRDA:44,0,1,3
BRDA:54,1,0,1
BRDA:54,1,1,1
BRDA:70,2,0,3
BRDA:70,2,1,8
BRDA:76,3,0,10
BRDA:76,3,1,1
BRDA:77,4,0,11
BRDA:77,4,1,10
BRDA:82,5,0,5
BRDA:82,5,1,11
BRDA:91,6,0,10
BRDA:91,6,1,1
BRDA:110,7,0,1
BRDA:110,7,1,7
BRDA:110,8,0,8
BRDA:110,8,1,7
BRDA:119,9,0,1
BRDA:119,9,1,6
BRDA:125,10,0,4
BRDA:125,10,1,3
BRDA:126,11,0,7
BRDA:126,11,1,6
BRDA:129,12,0,2
BRF:25
BRH:25
end_of_record
TN:
SF:/Users/Trav/Projects/resume-static-aws/src/tictactoe/Models/index.js
FNF:0
FNH:0
LF:0
LH:0
BRF:0
BRH:0
end_of_record
TN:
SF:/Users/Trav/Projects/resume-static-aws/src/twitchtv/index.js
FN:5,(anonymous_0)
FNF:1
FNH:1
FNDA:4,(anonymous_0)
DA:4,1
DA:5,1
DA:7,4
DA:10,4
DA:25,4
DA:30,4
DA:35,4
LF:7
LH:7
BRDA:4,0,0,1
BRDA:4,0,1,0
BRF:2
BRH:1
end_of_record
TN:
SF:/Users/Trav/Projects/resume-static-aws/src/twitchtv/index.pug
FNF:0
FNH:0
DA:1,1
LF:1
LH:1
BRF:0
BRH:0
end_of_record
TN:
SF:/Users/Trav/Projects/resume-static-aws/src/twitchtv/Api/Api.js
FN:24,(anonymous_0)
FN:27,(anonymous_1)
FN:33,(anonymous_2)
FN:44,(anonymous_3)
FN:53,(anonymous_4)
FN:63,(anonymous_5)
FN:66,(anonymous_6)
FN:71,(anonymous_7)
FN:72,(anonymous_8)
FN:76,(anonymous_9)
FN:89,(anonymous_10)
FNF:11
FNH:11
FNDA:8,(anonymous_0)
FNDA:8,(anonymous_1)
FNDA:5,(anonymous_2)
FNDA:11,(anonymous_3)
FNDA:25,(anonymous_4)
FNDA:7,(anonymous_5)
FNDA:1,(anonymous_6)
FNDA:3,(anonymous_7)
FNDA:10,(anonymous_8)
FNDA:3,(anonymous_9)
FNDA:1,(anonymous_10)
DA:15,1
DA:17,1
DA:22,1
DA:24,1
DA:25,8
DA:28,8
DA:29,8
DA:30,3
DA:33,1
DA:37,5
DA:39,5
DA:44,1
DA:45,11
DA:46,2
DA:47,2
DA:49,9
DA:51,9
DA:52,1
DA:53,25
DA:54,8
DA:55,5
DA:56,5
DA:58,3
DA:59,3
DA:63,1
DA:64,7
DA:67,1
DA:68,1
DA:71,1
DA:72,3
DA:73,10
DA:75,3
DA:76,3
DA:77,1
DA:79,2
DA:81,7
DA:82,1
DA:84,6
DA:85,6
DA:89,1
DA:90,1
LF:41
LH:41
BRDA:29,0,0,5
BRDA:29,0,1,3
BRDA:29,1,0,8
BRDA:29,1,1,5
BRDA:39,2,0,2
BRDA:39,2,1,3
BRDA:45,3,0,2
BRDA:45,3,1,9
BRDA:51,4,0,1
BRDA:51,4,1,8
BRDA:54,5,0,5
BRDA:54,5,1,3
BRDA:73,6,0,3
BRDA:73,6,1,7
BRDA:76,7,0,1
BRDA:76,7,1,2
BRDA:76,8,0,3
BRDA:76,8,1,2
BRDA:81,9,0,1
BRDA:81,9,1,6
BRF:20
BRH:20
end_of_record
TN:
SF:/Users/Trav/Projects/resume-static-aws/src/twitchtv/Api/index.js
FNF:0
FNH:0
LF:0
LH:0
BRF:0
BRH:0
end_of_record
TN:
SF:/Users/Trav/Projects/resume-static-aws/src/twitchtv/Assets/tile.html
FNF:0
FNH:0
DA:2,1
LF:1
LH:1
BRF:0
BRH:0
end_of_record
TN:
SF:/Users/Trav/Projects/resume-static-aws/src/twitchtv/Handlers/Handlers.js
FN:8,(anonymous_0)
FN:8,(anonymous_1)
FN:9,(anonymous_2)
FN:20,(anonymous_3)
FN:28,(anonymous_4)
FN:32,(anonymous_5)
FN:68,(anonymous_6)
FN:81,(anonymous_7)
FN:99,(anonymous_8)
FN:107,(anonymous_9)
FN:121,(anonymous_10)
FN:127,(anonymous_11)
FN:132,(anonymous_12)
FN:136,(anonymous_13)
FN:160,(anonymous_14)
FN:160,(anonymous_15)
FNF:16
FNH:16
FNDA:1,(anonymous_0)
FNDA:1,(anonymous_1)
FNDA:2,(anonymous_2)
FNDA:4,(anonymous_3)
FNDA:4,(anonymous_4)
FNDA:4,(anonymous_5)
FNDA:17,(anonymous_6)
FNDA:11,(anonymous_7)
FNDA:11,(anonymous_8)
FNDA:11,(anonymous_9)
FNDA:6,(anonymous_10)
FNDA:1,(anonymous_11)
FNDA:6,(anonymous_12)
FNDA:9,(anonymous_13)
FNDA:5,(anonymous_14)
FNDA:5,(anonymous_15)
DA:5,1
DA:8,1
DA:9,1
DA:10,2
DA:20,1
DA:21,4
DA:23,4
DA:28,1
DA:32,4
DA:37,4
DA:39,1
DA:40,1
DA:41,1
DA:42,1
DA:45,1
DA:46,1
DA:47,1
DA:48,1
DA:51,1
DA:52,1
DA:53,1
DA:54,1
DA:57,1
DA:58,1
DA:59,1
DA:60,1
DA:63,4
DA:64,4
DA:65,4
DA:68,1
DA:69,17
DA:70,17
DA:72,17
DA:81,1
DA:86,11
DA:87,11
DA:88,11
DA:90,11
DA:91,6
DA:95,5
DA:99,1
DA:100,11
DA:101,6
DA:103,5
DA:107,1
DA:113,11
DA:114,6
DA:115,6
DA:117,5
DA:121,1
DA:126,6
DA:127,6
DA:128,1
DA:132,1
DA:136,6
DA:137,9
DA:139,9
DA:141,5
DA:142,5
DA:144,5
DA:145,5
DA:146,5
DA:147,5
DA:148,5
DA:151,4
DA:152,4
DA:153,4
DA:154,4
DA:157,9
DA:160,5
DA:163,5
DA:164,5
DA:167,5
DA:168,5
DA:169,5
DA:170,5
DA:172,5
DA:173,5
DA:174,4
DA:175,4
DA:176,4
DA:178,1
DA:180,1
LF:83
LH:83
BRDA:23,0,0,2
BRDA:23,0,1,2
BRDA:23,1,0,4
BRDA:23,1,1,3
BRDA:37,2,0,1
BRDA:37,2,1,1
BRDA:37,2,2,1
BRDA:37,2,3,1
BRDA:86,3,0,11
BRDA:86,3,1,0
BRDA:88,4,0,6
BRDA:88,4,1,5
BRDA:90,5,0,6
BRDA:90,5,1,5
BRDA:100,6,0,6
BRDA:100,6,1,5
BRDA:113,7,0,6
BRDA:113,7,1,5
BRDA:113,8,0,11
BRDA:113,8,1,7
BRDA:113,8,2,6
BRDA:126,9,0,6
BRDA:126,9,1,6
BRDA:126,9,2,6
BRDA:126,9,3,6
BRDA:139,10,0,5
BRDA:139,10,1,4
BRDA:164,11,0,1
BRDA:164,11,1,4
BRF:29
BRH:28
end_of_record
TN:
SF:/Users/Trav/Projects/resume-static-aws/src/twitchtv/Handlers/index.js
FNF:0
FNH:0
LF:0
LH:0
BRF:0
BRH:0
end_of_record
TN:
SF:/Users/Trav/Projects/resume-static-aws/src/twitchtv/Models/index.js
FN:4,(anonymous_0)
FNF:1
FNH:1
FNDA:6,(anonymous_0)
DA:4,2
DA:5,6
DA:8,2
DA:9,2
DA:10,2
LF:5
LH:5
BRF:0
BRH:0
end_of_record
TN:
SF:/Users/Trav/Projects/resume-static-aws/src/wikiviewer/index.js
FN:12,(anonymous_0)
FNF:1
FNH:1
FNDA:3,(anonymous_0)
DA:11,1
DA:12,1
DA:13,3
DA:16,3
DA:19,3
DA:20,3
DA:21,3
DA:22,3
DA:24,3
DA:26,3
DA:28,3
DA:29,3
DA:30,3
LF:13
LH:13
BRDA:11,0,0,1
BRDA:11,0,1,0
BRF:2
BRH:1
end_of_record
TN:
SF:/Users/Trav/Projects/resume-static-aws/src/wikiviewer/index.pug
FNF:0
FNH:0
DA:1,2
LF:1
LH:1
BRF:0
BRH:0
end_of_record
TN:
SF:/Users/Trav/Projects/resume-static-aws/src/wikiviewer/Api/Api.js
FN:11,(anonymous_0)
FN:16,(anonymous_1)
FN:28,(anonymous_2)
FNF:3
FNH:3
FNDA:2,(anonymous_0)
FNDA:2,(anonymous_1)
FNDA:1,(anonymous_2)
DA:8,1
DA:9,1
DA:11,1
DA:12,2
DA:13,2
DA:16,1
DA:17,2
DA:19,2
DA:25,2
DA:29,1
DA:30,1
LF:11
LH:11
BRF:0
BRH:0
end_of_record
TN:
SF:/Users/Trav/Projects/resume-static-aws/src/wikiviewer/Api/index.js
FNF:0
FNH:0
LF:0
LH:0
BRF:0
BRH:0
end_of_record
TN:
SF:/Users/Trav/Projects/resume-static-aws/src/wikiviewer/Assets/tile.html
FNF:0
FNH:0
DA:2,1
LF:1
LH:1
BRF:0
BRH:0
end_of_record
TN:
SF:/Users/Trav/Projects/resume-static-aws/src/wikiviewer/Handlers/WikiViewer.js
FN:7,(anonymous_0)
FN:7,(anonymous_1)
FN:37,(anonymous_2)
FN:45,(anonymous_3)
FN:72,(anonymous_4)
FN:72,(anonymous_5)
FN:75,(anonymous_6)
FN:91,(anonymous_7)
FN:91,(anonymous_8)
FN:94,(anonymous_9)
FN:96,(anonymous_10)
FN:96,(anonymous_11)
FNF:12
FNH:12
FNDA:4,(anonymous_0)
FNDA:4,(anonymous_1)
FNDA:4,(anonymous_2)
FNDA:22,(anonymous_3)
FNDA:1,(anonymous_4)
FNDA:1,(anonymous_5)
FNDA:5,(anonymous_6)
FNDA:2,(anonymous_7)
FNDA:2,(anonymous_8)
FNDA:3,(anonymous_9)
FNDA:2,(anonymous_10)
FNDA:2,(anonymous_11)
DA:7,4
DA:9,4
DA:11,1
DA:12,1
DA:13,1
DA:14,1
DA:16,1
DA:17,1
DA:18,1
DA:19,1
DA:21,1
DA:22,1
DA:23,1
DA:24,1
DA:26,1
DA:27,1
DA:28,1
DA:29,1
DA:32,4
DA:33,4
DA:34,4
DA:37,1
DA:42,4
DA:43,4
DA:45,4
DA:46,22
DA:47,22
DA:54,22
DA:56,22
DA:57,22
DA:58,22
DA:60,22
DA:65,22
DA:68,4
DA:69,4
DA:72,1
DA:73,1
DA:75,1
DA:80,5
DA:81,3
DA:82,3
DA:84,3
DA:85,2
DA:87,1
DA:91,2
DA:92,2
DA:94,3
DA:96,2
DA:99,2
LF:49
LH:49
BRDA:9,0,0,1
BRDA:9,0,1,1
BRDA:9,0,2,1
BRDA:9,0,3,1
BRDA:42,1,0,1
BRDA:42,1,1,3
BRDA:80,2,0,2
BRDA:80,2,1,3
BRDA:84,3,0,2
BRDA:84,3,1,1
BRDA:99,4,0,1
BRDA:99,4,1,1
BRF:12
BRH:12
end_of_record
TN:
SF:/Users/Trav/Projects/resume-static-aws/src/wikiviewer/Handlers/index.js
FNF:0
FNH:0
LF:0
LH:0
BRF:0
BRH:0
end_of_record
TN:
SF:/Users/Trav/Projects/resume-static-aws/src/wikiviewer/Models/constants.js
FNF:0
FNH:0
DA:3,1
DA:5,1
LF:2
LH:2
BRF:0
BRH:0
end_of_record
TN:
SF:/Users/Trav/Projects/resume-static-aws/src/wikiviewer/Models/index.js
FNF:0
FNH:0
LF:0
LH:0
BRF:0
BRH:0
end_of_record
