TN:
SF:/Users/Trav/Projects/resume-static-aws/src/calculator/index.js
FN:14,(anonymous_0)
FN:30,(anonymous_1)
FN:33,(anonymous_2)
FNF:3
FNH:3
FNDA:2,(anonymous_0)
FNDA:58,(anonymous_1)
FNDA:6,(anonymous_2)
DA:11,1
DA:13,1
DA:14,1
DA:15,2
DA:16,2
DA:18,2
DA:19,2
DA:20,2
DA:22,2
DA:23,2
DA:24,2
DA:25,2
DA:28,2
DA:30,58
DA:33,2
DA:34,6
LF:16
LH:16
BRDA:13,0,0,1
BRDA:13,0,1,0
BRF:2
BRH:1
end_of_record
TN:
SF:/Users/Trav/Projects/resume-static-aws/src/calculator/index.pug
FNF:0
FNH:0
DA:1,1
LF:1
LH:1
BRF:0
BRH:0
end_of_record
TN:
SF:/Users/Trav/Projects/resume-static-aws/src/calculator/Handlers/ButtonHandlers.js
FN:4,(anonymous_0)
FN:4,(anonymous_1)
FN:8,(anonymous_2)
FN:8,(anonymous_3)
FN:11,(anonymous_4)
FN:11,(anonymous_5)
FN:18,(anonymous_6)
FN:22,(anonymous_7)
FNF:8
FNH:8
FNDA:2,(anonymous_0)
FNDA:2,(anonymous_1)
FNDA:1,(anonymous_2)
FNDA:1,(anonymous_3)
FNDA:1,(anonymous_4)
FNDA:1,(anonymous_5)
FNDA:11,(anonymous_6)
FNDA:14,(anonymous_7)
DA:4,2
DA:6,2
DA:8,1
DA:9,1
DA:11,1
DA:14,1
DA:15,1
DA:18,1
DA:22,11
DA:23,14
DA:25,14
DA:27,2
DA:28,2
DA:30,1
DA:31,1
DA:34,2
DA:37,1
DA:38,1
DA:40,1
DA:43,1
DA:44,1
DA:46,1
DA:49,10
DA:50,10
DA:52,10
LF:25
LH:25
BRDA:6,0,0,2
BRDA:6,0,1,1
BRDA:25,1,0,2
BRDA:25,1,1,1
BRDA:25,1,2,1
BRDA:25,1,3,10
BRF:6
BRH:6
end_of_record
TN:
SF:/Users/Trav/Projects/resume-static-aws/src/calculator/Handlers/index.js
FNF:0
FNH:0
LF:0
LH:0
BRF:0
BRH:0
end_of_record
TN:
SF:/Users/Trav/Projects/resume-static-aws/src/calculator/Models/Calculator.js
FN:12,(anonymous_0)
FN:16,(anonymous_1)
FN:20,(anonymous_2)
FN:38,(anonymous_3)
FN:42,(anonymous_4)
FN:49,(anonymous_5)
FNF:6
FNH:6
FNDA:24,(anonymous_0)
FNDA:17,(anonymous_1)
FNDA:5,(anonymous_2)
FNDA:1,(anonymous_3)
FNDA:10,(anonymous_4)
FNDA:64,(anonymous_5)
DA:6,2
DA:7,2
DA:13,24
DA:17,17
DA:21,5
DA:22,5
DA:25,5
DA:29,5
DA:30,3
DA:31,2
DA:34,1
DA:39,1
DA:43,10
DA:44,10
DA:45,10
DA:50,64
DA:54,64
DA:55,34
DA:56,7
DA:60,27
DA:63,30
DA:65,4
DA:66,3
DA:68,1
DA:71,4
DA:74,1
DA:75,1
DA:78,25
DA:79,3
DA:80,22
DA:81,6
DA:83,16
DA:86,25
LF:33
LH:33
BRDA:25,0,0,3
BRDA:25,0,1,2
BRDA:29,1,0,3
BRDA:29,1,1,2
BRDA:29,2,0,5
BRDA:29,2,1,5
BRDA:31,3,0,1
BRDA:31,3,1,1
BRDA:31,4,0,2
BRDA:31,4,1,2
BRDA:54,5,0,34
BRDA:54,5,1,30
BRDA:54,6,0,64
BRDA:54,6,1,32
BRDA:55,7,0,7
BRDA:55,7,1,27
BRDA:55,8,0,34
BRDA:55,8,1,21
BRDA:55,8,2,20
BRDA:63,9,0,4
BRDA:63,9,1,1
BRDA:63,9,2,25
BRDA:65,10,0,3
BRDA:65,10,1,1
BRDA:78,11,0,3
BRDA:78,11,1,22
BRDA:80,12,0,6
BRDA:80,12,1,16
BRDA:80,13,0,22
BRDA:80,13,1,21
BRDA:83,14,0,4
BRDA:83,14,1,12
BRF:32
BRH:32
end_of_record
TN:
SF:/Users/Trav/Projects/resume-static-aws/src/calculator/Models/constants.js
FNF:0
FNH:0
DA:1,2
LF:1
LH:1
BRF:0
BRH:0
end_of_record
TN:
SF:/Users/Trav/Projects/resume-static-aws/src/calculator/Models/index.js
FNF:0
FNH:0
LF:0
LH:0
BRF:0
BRH:0
end_of_record
TN:
SF:/Users/Trav/Projects/resume-static-aws/src/common/js/constants.js
FNF:0
FNH:0
DA:3,19
DA:13,19
LF:2
LH:2
BRF:0
BRH:0
end_of_record
TN:
SF:/Users/Trav/Projects/resume-static-aws/src/common/js/handlers.js
FN:3,(anonymous_0)
FN:7,(anonymous_1)
FNF:2
FNH:2
FNDA:1,(anonymous_0)
FNDA:1,(anonymous_1)
DA:3,2
DA:4,1
DA:5,1
DA:7,1
DA:8,1
LF:5
LH:5
BRF:0
BRH:0
end_of_record
TN:
SF:/Users/Trav/Projects/resume-static-aws/src/common/js/utils.js
FN:9,(anonymous_0)
FN:12,(anonymous_1)
FN:15,(anonymous_2)
FN:18,(anonymous_3)
FN:21,(anonymous_4)
FN:22,(anonymous_5)
FN:23,(anonymous_6)
FN:25,(anonymous_7)
FN:32,(anonymous_8)
FN:39,(anonymous_9)
FN:47,(anonymous_10)
FN:49,(anonymous_11)
FN:50,(anonymous_12)
FN:54,(anonymous_13)
FN:60,(anonymous_14)
FN:66,(anonymous_15)
FN:71,(anonymous_16)
FN:76,(anonymous_17)
FN:82,(anonymous_18)
FN:83,(anonymous_19)
FN:84,(anonymous_20)
FN:90,(anonymous_21)
FN:94,(anonymous_22)
FNF:23
FNH:23
FNDA:47,(anonymous_0)
FNDA:10,(anonymous_1)
FNDA:44,(anonymous_2)
FNDA:41,(anonymous_3)
FNDA:5,(anonymous_4)
FNDA:2,(anonymous_5)
FNDA:56,(anonymous_6)
FNDA:6,(anonymous_7)
FNDA:36103,(anonymous_8)
FNDA:12034,(anonymous_9)
FNDA:8,(anonymous_10)
FNDA:41,(anonymous_11)
FNDA:41,(anonymous_12)
FNDA:41,(anonymous_13)
FNDA:6,(anonymous_14)
FNDA:45,(anonymous_15)
FNDA:41,(anonymous_16)
FNDA:10,(anonymous_17)
FNDA:20,(anonymous_18)
FNDA:20,(anonymous_19)
FNDA:1,(anonymous_20)
FNDA:17,(anonymous_21)
FNDA:2,(anonymous_22)
DA:5,19
DA:6,19
DA:7,19
DA:9,19
DA:10,47
DA:12,19
DA:13,10
DA:15,19
DA:16,44
DA:18,19
DA:19,41
DA:21,19
DA:22,19
DA:23,56
DA:25,19
DA:26,6
DA:27,3
DA:32,19
DA:33,36103
DA:34,15391
DA:36,36103
DA:39,19
DA:40,12034
DA:41,12034
DA:42,12034
DA:43,12034
DA:44,12034
DA:47,19
DA:48,8
DA:49,41
DA:50,41
DA:52,8
DA:54,41
DA:61,6
DA:62,6
DA:66,19
DA:67,45
DA:71,19
DA:72,41
DA:76,19
DA:77,10
DA:78,5
DA:79,5
DA:82,19
DA:83,20
DA:84,20
DA:85,1
DA:86,1
DA:89,20
DA:91,17
DA:92,17
DA:95,2
DA:96,2
LF:53
LH:53
BRDA:16,0,0,3
BRDA:16,0,1,41
BRDA:16,1,0,2
BRDA:16,1,1,1
BRDA:16,2,0,3
BRDA:16,2,1,3
BRDA:23,3,0,1
BRDA:23,3,1,55
BRDA:48,4,0,8
BRDA:48,4,1,1
BRDA:52,5,0,1
BRDA:52,5,1,7
BRDA:67,6,0,1
BRDA:67,6,1,44
BRDA:69,7,0,1
BRDA:69,7,1,43
BRDA:69,8,0,1
BRDA:69,8,1,42
BRDA:77,9,0,5
BRDA:77,9,1,5
BRDA:82,10,0,0
BRF:21
BRH:20
end_of_record
TN:
SF:/Users/Trav/Projects/resume-static-aws/src/localweather/index.js
FN:6,(anonymous_0)
FN:16,(anonymous_1)
FNF:2
FNH:2
FNDA:3,(anonymous_0)
FNDA:6,(anonymous_1)
DA:5,2
DA:6,2
DA:7,3
DA:9,3
DA:10,3
DA:11,3
DA:12,3
DA:13,3
DA:16,3
DA:17,6
DA:21,3
DA:22,3
LF:12
LH:12
BRDA:5,0,0,2
BRDA:5,0,1,0
BRF:2
BRH:1
end_of_record
TN:
SF:/Users/Trav/Projects/resume-static-aws/src/localweather/index.pug
FNF:0
FNH:0
DA:1,3
LF:1
LH:1
BRF:0
BRH:0
end_of_record
TN:
SF:/Users/Trav/Projects/resume-static-aws/src/localweather/Api/Api.js
FN:27,(anonymous_0)
FN:35,(anonymous_1)
FN:49,(anonymous_2)
FN:61,(anonymous_3)
FN:67,(anonymous_4)
FN:78,(anonymous_5)
FNF:6
FNH:6
FNDA:40,(anonymous_0)
FNDA:40,(anonymous_1)
FNDA:40,(anonymous_2)
FNDA:1,(anonymous_3)
FNDA:3,(anonymous_4)
FNDA:2,(anonymous_5)
DA:18,2
DA:27,2
DA:28,40
DA:29,40
DA:30,40
DA:32,40
DA:35,40
DA:49,2
DA:54,40
DA:55,40
DA:57,40
DA:58,6
DA:61,2
DA:67,2
DA:68,3
DA:69,3
DA:75,3
DA:78,2
LF:18
LH:18
BRDA:37,0,0,40
BRDA:37,0,1,27
BRDA:38,1,0,40
BRDA:38,1,1,27
BRDA:39,2,0,40
BRDA:39,2,1,40
BRDA:39,2,2,1
BRDA:40,3,0,40
BRDA:40,3,1,40
BRDA:40,3,2,1
BRDA:41,4,0,40
BRDA:41,4,1,40
BRDA:41,4,2,7
BRDA:43,5,0,40
BRDA:43,5,1,1
BRDA:44,6,0,40
BRDA:44,6,1,40
BRDA:44,6,2,1
BRDA:55,7,0,40
BRDA:55,7,1,39
BRDA:57,8,0,34
BRDA:57,8,1,6
BRF:22
BRH:22
end_of_record
TN:
SF:/Users/Trav/Projects/resume-static-aws/src/localweather/Api/index.js
FNF:0
FNH:0
LF:0
LH:0
BRF:0
BRH:0
end_of_record
TN:
SF:/Users/Trav/Projects/resume-static-aws/src/localweather/Assets/tile.html
FNF:0
FNH:0
DA:2,1
LF:1
LH:1
BRF:0
BRH:0
end_of_record
TN:
SF:/Users/Trav/Projects/resume-static-aws/src/localweather/Handlers/Handlers.js
FN:9,(anonymous_0)
FN:18,(anonymous_1)
FN:49,(anonymous_2)
FN:53,(anonymous_3)
FN:65,(anonymous_4)
FN:65,(anonymous_5)
FN:68,(anonymous_6)
FN:76,(anonymous_7)
FN:81,(anonymous_8)
FN:87,(anonymous_9)
FN:91,(anonymous_10)
FN:125,(anonymous_11)
FN:125,(anonymous_12)
FNF:13
FNH:13
FNDA:3,(anonymous_0)
FNDA:2,(anonymous_1)
FNDA:2,(anonymous_2)
FNDA:1,(anonymous_3)
FNDA:1,(anonymous_4)
FNDA:1,(anonymous_5)
FNDA:1,(anonymous_6)
FNDA:1,(anonymous_7)
FNDA:2,(anonymous_8)
FNDA:4,(anonymous_9)
FNDA:4,(anonymous_10)
FNDA:1,(anonymous_11)
FNDA:1,(anonymous_12)
DA:7,1
DA:9,1
DA:15,3
DA:16,3
DA:18,3
DA:19,2
DA:20,2
DA:21,2
DA:23,2
DA:24,2
DA:25,2
DA:26,2
DA:27,2
DA:29,2
DA:30,2
DA:31,2
DA:32,2
DA:34,2
DA:35,2
DA:36,2
DA:38,2
DA:39,2
DA:41,2
DA:45,2
DA:46,2
DA:49,1
DA:53,2
DA:54,1
DA:55,1
DA:56,1
DA:57,1
DA:58,1
DA:60,1
DA:61,1
DA:65,1
DA:68,1
DA:69,1
DA:76,1
DA:77,1
DA:78,1
DA:81,1
DA:82,2
DA:87,1
DA:91,4
DA:94,4
DA:96,1
DA:97,1
DA:98,1
DA:99,1
DA:102,1
DA:103,1
DA:104,1
DA:105,1
DA:108,1
DA:109,1
DA:110,1
DA:111,1
DA:114,1
DA:115,1
DA:116,1
DA:117,1
DA:120,4
DA:121,4
DA:122,4
DA:125,1
DA:126,1
DA:128,1
LF:67
LH:67
BRDA:34,0,0,2
BRDA:34,0,1,0
BRDA:82,1,0,1
BRDA:82,1,1,1
BRDA:94,2,0,1
BRDA:94,2,1,1
BRDA:94,2,2,1
BRDA:94,2,3,1
BRF:8
BRH:7
end_of_record
TN:
SF:/Users/Trav/Projects/resume-static-aws/src/localweather/Handlers/index.js
FNF:0
FNH:0
LF:0
LH:0
BRF:0
BRH:0
end_of_record
TN:
SF:/Users/Trav/Projects/resume-static-aws/src/localweather/Models/constants.js
FN:7,(anonymous_0)
FNF:1
FNH:1
FNDA:3,(anonymous_0)
DA:6,2
DA:7,3
LF:2
LH:2
BRF:0
BRH:0
end_of_record
TN:
SF:/Users/Trav/Projects/resume-static-aws/src/localweather/Models/index.js
FNF:0
FNH:0
LF:0
LH:0
BRF:0
BRH:0
end_of_record
TN:
SF:/Users/Trav/Projects/resume-static-aws/src/pomodoro/index.js
FN:22,(anonymous_0)
FNF:1
FNH:1
FNDA:6,(anonymous_0)
DA:12,1
DA:13,1
DA:14,1
DA:15,1
DA:22,1
DA:23,6
DA:24,6
DA:27,6
DA:30,6
DA:33,6
DA:36,6
DA:39,6
DA:42,6
DA:45,6
DA:48,6
DA:52,6
DA:54,6
DA:65,6
DA:66,6
DA:67,6
DA:69,6
DA:73,6
DA:77,6
DA:81,6
LF:24
LH:24
BRDA:12,0,0,1
BRDA:12,0,1,0
BRF:2
BRH:1
end_of_record
TN:
SF:/Users/Trav/Projects/resume-static-aws/src/pomodoro/index.pug
FNF:0
FNH:0
DA:1,1
LF:1
LH:1
BRF:0
BRH:0
end_of_record
TN:
SF:/Users/Trav/Projects/resume-static-aws/src/pomodoro/Handlers/Handlers.js
FN:7,(anonymous_0)
FN:7,(anonymous_1)
FN:11,(anonymous_2)
FN:16,(anonymous_3)
FN:24,(anonymous_4)
FN:33,(anonymous_5)
FN:47,(anonymous_6)
FN:52,(anonymous_7)
FNF:8
FNH:8
FNDA:1,(anonymous_0)
FNDA:1,(anonymous_1)
FNDA:8,(anonymous_2)
FNDA:9,(anonymous_3)
FNDA:1,(anonymous_4)
FNDA:2,(anonymous_5)
FNDA:3,(anonymous_6)
FNDA:3,(anonymous_7)
DA:7,1
DA:8,1
DA:11,1
DA:16,8
DA:17,9
DA:18,9
DA:19,9
DA:20,9
DA:24,1
DA:33,1
DA:34,2
DA:36,2
DA:37,1
DA:38,1
DA:39,1
DA:41,1
DA:42,1
DA:47,1
DA:52,3
DA:53,3
DA:54,3
DA:55,3
DA:56,3
DA:58,3
DA:59,3
LF:25
LH:25
BRDA:17,0,0,4
BRDA:17,0,1,5
BRDA:34,1,0,1
BRDA:34,1,1,1
BRDA:36,2,0,1
BRDA:36,2,1,1
BRDA:53,3,0,1
BRDA:53,3,1,2
BRF:8
BRH:8
end_of_record
TN:
SF:/Users/Trav/Projects/resume-static-aws/src/pomodoro/Handlers/index.js
FNF:0
FNH:0
LF:0
LH:0
BRF:0
BRH:0
end_of_record
TN:
SF:/Users/Trav/Projects/resume-static-aws/src/pomodoro/Models/index.js
FN:11,(anonymous_0)
FN:15,(anonymous_1)
FN:23,(anonymous_2)
FNF:3
FNH:3
FNDA:10,(anonymous_0)
FNDA:6,(anonymous_1)
FNDA:12033,(anonymous_2)
DA:5,3
DA:7,3
DA:9,3
DA:11,3
DA:12,10
DA:15,3
DA:23,6
DA:24,12033
DA:25,12033
DA:26,12033
DA:27,12033
DA:28,12033
DA:30,12033
DA:31,12033
DA:33,12033
DA:35,12028
DA:36,12028
DA:39,5
DA:40,5
DA:41,5
DA:42,5
DA:43,5
DA:44,5
LF:23
LH:23
BRDA:12,0,0,7
BRDA:12,0,1,3
BRDA:33,1,0,12028
BRDA:33,1,1,5
BRDA:40,2,0,5
BRDA:40,2,1,0
BRF:6
BRH:5
end_of_record
TN:
SF:/Users/Trav/Projects/resume-static-aws/src/randomquote/index.js
FN:13,(anonymous_0)
FN:23,(anonymous_1)
FNF:2
FNH:2
FNDA:1,(anonymous_0)
FNDA:3,(anonymous_1)
DA:10,1
DA:12,1
DA:13,1
DA:14,1
DA:15,1
DA:16,1
DA:18,1
DA:23,1
DA:24,3
DA:27,1
LF:10
LH:10
BRDA:12,0,0,1
BRDA:12,0,1,0
BRF:2
BRH:1
end_of_record
TN:
SF:/Users/Trav/Projects/resume-static-aws/src/randomquote/index.pug
FNF:0
FNH:0
DA:1,2
LF:1
LH:1
BRF:0
BRH:0
end_of_record
TN:
SF:/Users/Trav/Projects/resume-static-aws/src/randomquote/Api/Api.js
FN:9,(anonymous_0)
FN:12,(anonymous_1)
FN:17,(anonymous_2)
FNF:3
FNH:3
FNDA:3,(anonymous_0)
FNDA:2,(anonymous_1)
FNDA:1,(anonymous_2)
DA:6,1
DA:9,1
DA:10,3
DA:12,2
DA:17,1
DA:18,1
LF:6
LH:6
BRDA:9,0,0,3
BRDA:14,1,0,2
BRDA:14,1,1,1
BRF:3
BRH:3
end_of_record
TN:
SF:/Users/Trav/Projects/resume-static-aws/src/randomquote/Api/index.js
FNF:0
FNH:0
LF:0
LH:0
BRF:0
BRH:0
end_of_record
TN:
SF:/Users/Trav/Projects/resume-static-aws/src/randomquote/Handlers/RandomQuote.js
FN:4,(anonymous_0)
FN:4,(anonymous_1)
FN:29,(anonymous_2)
FN:29,(anonymous_3)
FN:32,(anonymous_4)
FN:32,(anonymous_5)
FN:35,(anonymous_6)
FN:41,(anonymous_7)
FNF:8
FNH:8
FNDA:3,(anonymous_0)
FNDA:3,(anonymous_1)
FNDA:1,(anonymous_2)
FNDA:1,(anonymous_3)
FNDA:1,(anonymous_4)
FNDA:1,(anonymous_5)
FNDA:2,(anonymous_6)
FNDA:2,(anonymous_7)
DA:4,3
DA:10,3
DA:12,1
DA:13,1
DA:14,1
DA:16,1
DA:17,1
DA:18,1
DA:20,1
DA:21,1
DA:22,1
DA:25,3
DA:26,3
DA:29,1
DA:30,1
DA:32,1
DA:33,1
DA:35,1
DA:41,2
DA:42,2
DA:44,2
DA:45,2
DA:46,1
DA:47,1
DA:48,1
DA:50,1
DA:51,1
DA:54,2
LF:28
LH:28
BRDA:10,0,0,1
BRDA:10,0,1,1
BRDA:10,0,2,1
BRF:3
BRH:3
end_of_record
TN:
SF:/Users/Trav/Projects/resume-static-aws/src/randomquote/Handlers/index.js
FNF:0
FNH:0
LF:0
LH:0
BRF:0
BRH:0
end_of_record
TN:
SF:/Users/Trav/Projects/resume-static-aws/src/simon/index.js
FN:13,(anonymous_0)
FN:39,(anonymous_1)
FNF:2
FNH:2
FNDA:3,(anonymous_0)
FNDA:12,(anonymous_1)
DA:12,1
DA:13,1
DA:14,3
DA:15,3
DA:16,3
DA:17,3
DA:19,3
DA:26,3
DA:28,3
DA:29,3
DA:31,3
DA:35,3
DA:39,3
DA:40,12
DA:49,12
LF:15
LH:15
BRDA:12,0,0,1
BRDA:12,0,1,0
BRF:2
BRH:1
end_of_record
TN:
SF:/Users/Trav/Projects/resume-static-aws/src/simon/index.pug
FNF:0
FNH:0
DA:1,1
LF:1
LH:1
BRF:0
BRH:0
end_of_record
TN:
SF:/Users/Trav/Projects/resume-static-aws/src/simon/simon.types.js
FNF:0
FNH:0
DA:5,1
LF:1
LH:1
BRF:0
BRH:0
end_of_record
TN:
SF:/Users/Trav/Projects/resume-static-aws/src/simon/Handlers/ButtonHandlers.js
FN:22,(anonymous_0)
FN:28,(anonymous_1)
FN:35,(anonymous_2)
FN:38,(anonymous_3)
FN:42,(anonymous_4)
FN:55,(anonymous_5)
FN:55,(anonymous_6)
FN:57,(anonymous_7)
FN:57,(anonymous_8)
FN:60,(anonymous_9)
FN:68,(anonymous_10)
FN:81,(anonymous_11)
FNF:12
FNH:12
FNDA:2,(anonymous_0)
FNDA:2,(anonymous_1)
FNDA:2,(anonymous_2)
FNDA:2,(anonymous_3)
FNDA:2,(anonymous_4)
FNDA:1,(anonymous_5)
FNDA:1,(anonymous_6)
FNDA:1,(anonymous_7)
FNDA:1,(anonymous_8)
FNDA:3,(anonymous_9)
FNDA:3,(anonymous_10)
FNDA:2,(anonymous_11)
DA:20,6
DA:22,6
DA:23,2
DA:24,2
DA:25,2
DA:28,6
DA:35,2
DA:36,2
DA:38,6
DA:42,2
DA:43,2
DA:44,1
DA:45,1
DA:47,1
DA:48,1
DA:51,2
DA:52,2
DA:55,6
DA:57,6
DA:58,1
DA:60,6
DA:68,3
DA:69,3
DA:70,1
DA:71,1
DA:75,2
DA:76,2
DA:78,2
DA:81,2
DA:82,2
DA:83,2
DA:84,2
LF:32
LH:32
BRDA:36,0,0,2
BRDA:36,0,1,1
BRDA:43,1,0,1
BRDA:43,1,1,1
BRDA:69,2,0,1
BRDA:69,2,1,2
BRF:6
BRH:6
end_of_record
TN:
SF:/Users/Trav/Projects/resume-static-aws/src/simon/Handlers/ColorHandlers.js
FN:13,(anonymous_0)
FN:18,(anonymous_1)
FN:23,(anonymous_2)
FN:33,(anonymous_3)
FN:42,(anonymous_4)
FN:43,(anonymous_5)
FN:47,(anonymous_6)
FN:48,(anonymous_7)
FN:52,(anonymous_8)
FN:57,(anonymous_9)
FN:62,(anonymous_10)
FN:67,(anonymous_11)
FNF:12
FNH:12
FNDA:15,(anonymous_0)
FNDA:19,(anonymous_1)
FNDA:15,(anonymous_2)
FNDA:19,(anonymous_3)
FNDA:3,(anonymous_4)
FNDA:12,(anonymous_5)
FNDA:4,(anonymous_6)
FNDA:16,(anonymous_7)
FNDA:1,(anonymous_8)
FNDA:1,(anonymous_9)
FNDA:1,(anonymous_10)
FNDA:1,(anonymous_11)
DA:6,5
DA:13,5
DA:14,15
DA:15,15
DA:18,5
DA:19,19
DA:20,19
DA:23,5
DA:29,15
DA:30,15
DA:33,5
DA:38,19
DA:39,19
DA:42,5
DA:43,3
DA:44,12
DA:47,5
DA:48,4
DA:49,16
DA:52,5
DA:53,1
DA:54,1
DA:57,5
DA:58,1
DA:59,1
DA:62,5
DA:63,1
DA:64,1
DA:67,5
DA:68,1
DA:69,1
LF:31
LH:31
BRDA:27,0,0,3
BRDA:30,1,0,15
BRDA:30,1,1,3
BRF:3
BRH:3
end_of_record
TN:
SF:/Users/Trav/Projects/resume-static-aws/src/simon/Handlers/TimerHandler.js
FN:7,(anonymous_0)
FN:10,(anonymous_1)
FN:12,(anonymous_2)
FN:22,(anonymous_3)
FN:33,(anonymous_4)
FN:54,(anonymous_5)
FNF:6
FNH:6
FNDA:2,(anonymous_0)
FNDA:1,(anonymous_1)
FNDA:14,(anonymous_2)
FNDA:14,(anonymous_3)
FNDA:2,(anonymous_4)
FNDA:1,(anonymous_5)
DA:7,5
DA:8,2
DA:10,5
DA:12,5
DA:21,14
DA:22,14
DA:23,14
DA:29,14
DA:33,5
DA:44,2
DA:51,2
DA:54,5
DA:61,1
LF:13
LH:13
BRDA:8,0,0,2
BRDA:8,0,1,2
BRDA:29,1,0,11
BRDA:29,1,1,3
BRDA:51,2,0,2
BRDA:51,2,1,0
BRF:6
BRH:5
end_of_record
TN:
SF:/Users/Trav/Projects/resume-static-aws/src/simon/Handlers/index.js
FNF:0
FNH:0
LF:0
LH:0
BRF:0
BRH:0
end_of_record
TN:
SF:/Users/Trav/Projects/resume-static-aws/src/simon/Models/GameCycle.js
FNF:0
FNH:0
DA:3,6
DA:18,6
LF:2
LH:2
BRF:0
BRH:0
end_of_record
TN:
SF:/Users/Trav/Projects/resume-static-aws/src/simon/Models/Simon.js
FN:14,(anonymous_0)
FN:31,(anonymous_1)
FN:33,(anonymous_2)
FN:35,(anonymous_3)
FN:37,(anonymous_4)
FN:40,(anonymous_5)
FN:41,(anonymous_6)
FN:42,(anonymous_7)
FN:43,(anonymous_8)
FN:44,(anonymous_9)
FN:45,(anonymous_10)
FN:46,(anonymous_11)
FN:48,(anonymous_12)
FN:54,(anonymous_13)
FN:59,(anonymous_14)
FN:68,(anonymous_15)
FN:75,(anonymous_16)
FN:82,(anonymous_17)
FNF:18
FNH:17
FNDA:58,(anonymous_0)
FNDA:2,(anonymous_1)
FNDA:2,(anonymous_2)
FNDA:4,(anonymous_3)
FNDA:1,(anonymous_4)
FNDA:3,(anonymous_5)
FNDA:0,(anonymous_6)
FNDA:2,(anonymous_7)
FNDA:2,(anonymous_8)
FNDA:1,(anonymous_9)
FNDA:1,(anonymous_10)
FNDA:1,(anonymous_11)
FNDA:6,(anonymous_12)
FNDA:1,(anonymous_13)
FNDA:1,(anonymous_14)
FNDA:1,(anonymous_15)
FNDA:1,(anonymous_16)
FNDA:4,(anonymous_17)
DA:5,6
DA:7,6
DA:14,58
DA:31,6
DA:32,2
DA:33,6
DA:34,2
DA:35,6
DA:36,4
DA:37,6
DA:38,1
DA:40,6
DA:41,6
DA:42,6
DA:43,6
DA:44,6
DA:45,6
DA:46,6
DA:48,6
DA:49,6
DA:50,6
DA:51,6
DA:54,6
DA:55,1
DA:59,6
DA:60,1
DA:68,6
DA:69,1
DA:75,6
DA:76,1
DA:82,6
DA:83,4
DA:84,4
DA:85,2
DA:86,2
DA:87,1
DA:88,1
DA:90,2
DA:91,1
DA:92,1
DA:93,1
DA:94,1
DA:96,1
DA:97,1
DA:98,1
LF:45
LH:45
BRDA:38,0,0,1
BRDA:38,0,1,1
BRDA:84,1,0,2
BRDA:84,1,1,2
BRDA:86,2,0,1
BRDA:86,2,1,1
BRDA:90,3,0,1
BRDA:90,3,1,1
BRF:8
BRH:8
end_of_record
TN:
SF:/Users/Trav/Projects/resume-static-aws/src/simon/Models/SoundManager.js
FN:5,(anonymous_0)
FN:14,(anonymous_1)
FN:26,(anonymous_2)
FN:31,(anonymous_3)
FNF:4
FNH:4
FNDA:14,(anonymous_0)
FNDA:2,(anonymous_1)
FNDA:1,(anonymous_2)
FNDA:1,(anonymous_3)
DA:5,6
DA:7,14
DA:9,14
DA:15,2
DA:27,1
DA:28,1
DA:32,1
LF:7
LH:7
BRF:0
BRH:0
end_of_record
TN:
SF:/Users/Trav/Projects/resume-static-aws/src/simon/Models/Timer.js
FN:20,(anonymous_0)
FN:22,(anonymous_1)
FN:24,(anonymous_2)
FN:27,(anonymous_3)
FN:30,(anonymous_4)
FN:50,(anonymous_5)
FN:61,(anonymous_6)
FN:72,(anonymous_7)
FN:83,(anonymous_8)
FN:94,(anonymous_9)
FN:106,(anonymous_10)
FN:124,(anonymous_11)
FN:135,(anonymous_12)
FN:147,(anonymous_13)
FN:187,(anonymous_14)
FN:199,(anonymous_15)
FN:210,(anonymous_16)
FN:222,(anonymous_17)
FNF:18
FNH:18
FNDA:39,(anonymous_0)
FNDA:4,(anonymous_1)
FNDA:17,(anonymous_2)
FNDA:3,(anonymous_3)
FNDA:20,(anonymous_4)
FNDA:1,(anonymous_5)
FNDA:1,(anonymous_6)
FNDA:1,(anonymous_7)
FNDA:1,(anonymous_8)
FNDA:1,(anonymous_9)
FNDA:2,(anonymous_10)
FNDA:1,(anonymous_11)
FNDA:1,(anonymous_12)
FNDA:5,(anonymous_13)
FNDA:1,(anonymous_14)
FNDA:1,(anonymous_15)
FNDA:1,(anonymous_16)
FNDA:1,(anonymous_17)
DA:20,39
DA:22,6
DA:24,6
DA:25,17
DA:27,6
DA:28,3
DA:30,6
DA:36,20
DA:37,20
DA:38,2
DA:39,2
DA:42,20
DA:47,3
DA:51,1
DA:58,1
DA:62,1
DA:69,1
DA:73,1
DA:80,1
DA:84,1
DA:91,1
DA:95,1
DA:96,1
DA:103,2
DA:107,2
DA:108,1
DA:110,1
DA:113,2
DA:114,2
DA:121,1
DA:125,1
DA:132,1
DA:136,1
DA:137,1
DA:144,5
DA:148,5
DA:151,5
DA:152,2
DA:155,2
DA:156,1
DA:157,1
DA:160,1
DA:164,3
DA:166,2
DA:167,1
DA:168,1
DA:171,1
DA:176,1
DA:184,1
DA:189,1
DA:196,1
DA:200,1
DA:207,1
DA:211,1
DA:212,1
DA:218,1
DA:219,1
LF:57
LH:57
BRDA:24,0,0,15
BRDA:27,1,0,1
BRDA:37,2,0,2
BRDA:37,2,1,18
BRDA:37,3,0,20
BRDA:37,3,1,19
BRDA:42,4,0,3
BRDA:42,4,1,1
BRDA:42,4,2,1
BRDA:42,4,3,1
BRDA:42,4,4,1
BRDA:42,4,5,2
BRDA:42,4,6,1
BRDA:42,4,7,1
BRDA:42,4,8,5
BRDA:42,4,9,1
BRDA:42,4,10,1
BRDA:42,4,11,1
BRDA:42,4,12,1
BRDA:107,5,0,1
BRDA:107,5,1,1
BRDA:151,6,0,2
BRDA:151,6,1,3
BRDA:155,7,0,1
BRDA:155,7,1,1
BRDA:164,8,0,2
BRDA:164,8,1,1
BRDA:166,9,0,1
BRDA:166,9,1,1
BRF:29
BRH:29
end_of_record
TN:
SF:/Users/Trav/Projects/resume-static-aws/src/simon/Models/index.js
FNF:0
FNH:0
LF:0
LH:0
BRF:0
BRH:0
end_of_record
TN:
SF:/Users/Trav/Projects/resume-static-aws/src/tictactoe/index.js
FN:23,(anonymous_0)
FN:31,(anonymous_1)
FNF:2
FNH:2
FNDA:5,(anonymous_0)
FNDA:10,(anonymous_1)
DA:22,1
DA:23,1
DA:24,5
DA:27,5
DA:28,5
DA:31,5
DA:32,10
DA:33,10
DA:34,10
DA:38,5
DA:39,15
DA:40,45
DA:41,45
DA:43,45
DA:44,45
DA:46,45
DA:47,45
DA:51,5
DA:56,5
DA:59,5
DA:63,5
DA:67,5
DA:72,5
LF:23
LH:23
BRDA:22,0,0,1
BRDA:22,0,1,0
BRDA:32,1,0,10
BRDA:32,1,1,0
BRDA:33,2,0,5
BRDA:33,2,1,5
BRDA:41,3,0,45
BRDA:41,3,1,0
BRF:8
BRH:5
end_of_record
TN:
SF:/Users/Trav/Projects/resume-static-aws/src/tictactoe/index.pug
FNF:0
FNH:0
DA:1,2
LF:1
LH:1
BRF:0
BRH:0
end_of_record
TN:
SF:/Users/Trav/Projects/resume-static-aws/src/tictactoe/tictactoe.types.js
FNF:0
FNH:0
DA:2,4
DA:3,4
LF:2
LH:2
BRF:0
BRH:0
end_of_record
TN:
SF:/Users/Trav/Projects/resume-static-aws/src/tictactoe/Handlers/Events.js
FN:5,(anonymous_0)
FNF:1
FNH:1
FNDA:4,(anonymous_0)
DA:3,2
DA:5,2
DA:6,4
LF:3
LH:3
BRF:0
BRH:0
end_of_record
TN:
SF:/Users/Trav/Projects/resume-static-aws/src/tictactoe/Handlers/Manager.js
FN:25,(anonymous_0)
FN:35,(anonymous_1)
FN:39,(anonymous_2)
FN:59,(anonymous_3)
FN:75,(anonymous_4)
FN:75,(anonymous_5)
FN:87,(anonymous_6)
FN:91,(anonymous_7)
FN:101,(anonymous_8)
FN:101,(anonymous_9)
FN:108,(anonymous_10)
FN:112,(anonymous_11)
FN:121,(anonymous_12)
FN:129,(anonymous_13)
FNF:14
FNH:14
FNDA:6,(anonymous_0)
FNDA:5,(anonymous_1)
FNDA:5,(anonymous_2)
FNDA:2,(anonymous_3)
FNDA:1,(anonymous_4)
FNDA:1,(anonymous_5)
FNDA:2,(anonymous_6)
FNDA:2,(anonymous_7)
FNDA:1,(anonymous_8)
FNDA:1,(anonymous_9)
FNDA:2,(anonymous_10)
FNDA:2,(anonymous_11)
FNDA:1,(anonymous_12)
FNDA:1,(anonymous_13)
DA:21,2
DA:23,2
DA:25,2
DA:26,6
DA:28,6
DA:35,2
DA:39,5
DA:41,5
DA:42,5
DA:44,5
DA:47,3
DA:48,3
DA:49,3
DA:51,3
DA:52,1
DA:53,1
DA:54,1
DA:55,1
DA:59,2
DA:60,2
DA:61,2
DA:63,2
DA:64,1
DA:65,1
DA:66,1
DA:67,1
DA:69,1
DA:75,2
DA:76,1
DA:77,1
DA:78,1
DA:79,1
DA:80,1
DA:81,1
DA:87,2
DA:91,2
DA:92,2
DA:93,2
DA:94,2
DA:95,2
DA:96,1
DA:97,1
DA:101,2
DA:104,1
DA:105,1
DA:108,2
DA:112,2
DA:113,2
DA:114,2
DA:117,2
DA:119,2
DA:120,2
DA:121,1
DA:122,1
DA:123,1
DA:124,1
DA:129,2
DA:130,1
LF:58
LH:58
BRDA:44,0,0,2
BRDA:44,0,1,3
BRDA:44,1,0,5
BRDA:44,1,1,5
BRDA:51,2,0,1
BRDA:51,2,1,2
BRDA:63,3,0,1
BRDA:63,3,1,1
BRDA:64,4,0,1
BRDA:64,4,1,0
BRDA:95,5,0,1
BRDA:95,5,1,1
BRDA:120,6,0,1
BRDA:120,6,1,1
BRF:14
BRH:13
end_of_record
TN:
SF:/Users/Trav/Projects/resume-static-aws/src/tictactoe/Handlers/helpers.js
FN:6,(anonymous_0)
FN:6,(anonymous_1)
FN:8,(anonymous_2)
FN:12,(anonymous_3)
FN:16,(anonymous_4)
FNF:5
FNH:5
FNDA:1,(anonymous_0)
FNDA:1,(anonymous_1)
FNDA:3,(anonymous_2)
FNDA:2,(anonymous_3)
FNDA:4,(anonymous_4)
DA:6,2
DA:7,1
DA:8,3
DA:12,2
DA:13,2
DA:17,4
LF:6
LH:6
BRDA:17,0,0,2
BRDA:17,0,1,2
BRF:2
BRH:2
end_of_record
TN:
SF:/Users/Trav/Projects/resume-static-aws/src/tictactoe/Handlers/index.js
FNF:0
FNH:0
LF:0
LH:0
BRF:0
BRH:0
end_of_record
TN:
SF:/Users/Trav/Projects/resume-static-aws/src/tictactoe/Models/Board.js
FN:6,(anonymous_0)
FN:18,(anonymous_1)
FN:20,(anonymous_2)
FN:31,(anonymous_3)
FN:31,(anonymous_4)
FN:33,(anonymous_5)
FN:39,(anonymous_6)
FN:44,(anonymous_7)
FN:45,(anonymous_8)
FN:53,(anonymous_9)
FN:61,(anonymous_10)
FN:62,(anonymous_11)
FN:82,(anonymous_12)
FN:102,(anonymous_13)
FN:103,(anonymous_14)
FN:104,(anonymous_15)
FN:112,(anonymous_16)
FN:119,(anonymous_17)
FN:121,(anonymous_18)
FN:126,(anonymous_19)
FN:136,(anonymous_20)
FN:144,(anonymous_21)
FN:146,(anonymous_22)
FN:147,(anonymous_23)
FNF:24
FNH:24
FNDA:80,(anonymous_0)
FNDA:110,(anonymous_1)
FNDA:67,(anonymous_2)
FNDA:16,(anonymous_3)
FNDA:144,(anonymous_4)
FNDA:21,(anonymous_5)
FNDA:82,(anonymous_6)
FNDA:2214,(anonymous_7)
FNDA:277,(anonymous_8)
FNDA:85,(anonymous_9)
FNDA:2295,(anonymous_10)
FNDA:288,(anonymous_11)
FNDA:19,(anonymous_12)
FNDA:128,(anonymous_13)
FNDA:237,(anonymous_14)
FNDA:245,(anonymous_15)
FNDA:151,(anonymous_16)
FNDA:1359,(anonymous_17)
FNDA:188,(anonymous_18)
FNDA:77,(anonymous_19)
FNDA:84,(anonymous_20)
FNDA:58,(anonymous_21)
FNDA:22,(anonymous_22)
FNDA:198,(anonymous_23)
DA:6,4
DA:7,80
DA:9,80
DA:10,240
DA:11,720
DA:15,80
DA:18,110
DA:20,4
DA:21,67
DA:22,67
DA:24,67
DA:25,66
DA:28,67
DA:31,144
DA:33,4
DA:34,21
DA:35,21
DA:36,21
DA:39,4
DA:40,82
DA:42,82
DA:43,246
DA:44,2214
DA:45,277
DA:50,82
DA:53,4
DA:57,85
DA:59,85
DA:60,255
DA:61,2295
DA:62,288
DA:67,85
DA:70,4
DA:76,4
DA:82,4
DA:83,19
DA:85,3
DA:88,16
DA:89,16
DA:91,16
DA:103,237
DA:104,245
DA:106,128
DA:109,16
DA:112,4
DA:117,151
DA:119,1359
DA:121,188
DA:123,151
DA:126,4
DA:130,77
DA:136,4
DA:137,84
DA:144,58
DA:146,4
DA:147,198
DA:148,22
DA:149,22
DA:150,22
LF:59
LH:59
BRDA:24,0,0,66
BRDA:24,0,1,1
BRDA:31,1,0,144
BRDA:31,1,1,87
BRDA:43,2,0,7
BRDA:43,2,1,239
BRDA:44,3,0,2214
BRDA:44,3,1,831
BRDA:60,4,0,4
BRDA:60,4,1,251
BRDA:61,5,0,2295
BRDA:61,5,1,864
BRDA:83,6,0,3
BRDA:83,6,1,16
BRDA:106,7,0,12
BRDA:106,7,1,116
BRDA:106,8,0,128
BRDA:106,8,1,107
BRDA:119,9,0,1359
BRDA:119,9,1,510
BRDA:131,10,0,77
BRDA:131,10,1,73
BRDA:138,11,0,84
BRDA:138,11,1,81
BRDA:138,11,2,75
BRDA:144,12,0,30
BRDA:144,12,1,28
BRDA:150,13,0,22
BRDA:150,13,1,21
BRDA:150,13,2,18
BRF:30
BRH:30
end_of_record
TN:
SF:/Users/Trav/Projects/resume-static-aws/src/tictactoe/Models/Game.js
FN:16,(anonymous_0)
FN:24,(anonymous_1)
FN:38,(anonymous_2)
FN:39,(anonymous_3)
FN:40,(anonymous_4)
FN:41,(anonymous_5)
FN:42,(anonymous_6)
FN:45,(anonymous_7)
FN:46,(anonymous_8)
FN:49,(anonymous_9)
FN:55,(anonymous_10)
FN:72,(anonymous_11)
FN:89,(anonymous_12)
FN:108,(anonymous_13)
FN:111,(anonymous_14)
FN:114,(anonymous_15)
FN:117,(anonymous_16)
FN:120,(anonymous_17)
FN:131,(anonymous_18)
FN:152,(anonymous_19)
FN:159,(anonymous_20)
FN:165,(anonymous_21)
FN:172,(anonymous_22)
FN:177,(anonymous_23)
FN:199,(anonymous_24)
FNF:25
FNH:25
FNDA:6,(anonymous_0)
FNDA:49,(anonymous_1)
FNDA:14,(anonymous_2)
FNDA:3,(anonymous_3)
FNDA:4,(anonymous_4)
FNDA:7,(anonymous_5)
FNDA:2,(anonymous_6)
FNDA:7,(anonymous_7)
FNDA:63,(anonymous_8)
FNDA:7,(anonymous_9)
FNDA:19,(anonymous_10)
FNDA:45,(anonymous_11)
FNDA:63,(anonymous_12)
FNDA:8,(anonymous_13)
FNDA:7,(anonymous_14)
FNDA:1,(anonymous_15)
FNDA:4,(anonymous_16)
FNDA:2,(anonymous_17)
FNDA:11,(anonymous_18)
FNDA:16,(anonymous_19)
FNDA:99,(anonymous_20)
FNDA:7,(anonymous_21)
FNDA:8,(anonymous_22)
FNDA:72,(anonymous_23)
FNDA:3,(anonymous_24)
DA:16,4
DA:17,6
DA:18,6
DA:19,6
DA:20,6
DA:21,6
DA:24,49
DA:26,4
DA:37,4
DA:38,14
DA:39,4
DA:40,4
DA:41,7
DA:42,4
DA:45,4
DA:46,63
DA:49,4
DA:50,7
DA:51,7
DA:52,7
DA:55,4
DA:62,19
DA:63,7
DA:66,12
DA:67,12
DA:68,12
DA:70,12
DA:71,5
DA:72,45
DA:73,6
DA:74,6
DA:75,6
DA:77,6
DA:78,5
DA:79,5
DA:82,6
DA:83,6
DA:86,1
DA:88,7
DA:89,63
DA:90,11
DA:91,11
DA:92,11
DA:93,11
DA:94,9
DA:95,9
DA:98,11
DA:99,11
DA:102,7
DA:105,0
DA:108,4
DA:109,8
DA:111,4
DA:112,7
DA:114,4
DA:115,1
DA:117,4
DA:118,4
DA:120,4
DA:121,2
DA:122,2
DA:123,1
DA:124,1
DA:126,1
DA:127,1
DA:131,4
DA:136,11
DA:137,11
DA:138,11
DA:141,11
DA:142,11
DA:143,3
DA:144,3
DA:148,11
DA:149,11
DA:152,4
DA:154,16
DA:155,5
DA:156,5
DA:159,99
DA:162,11
DA:165,4
DA:166,7
DA:167,7
DA:169,7
DA:172,4
DA:173,8
DA:175,8
DA:176,8
DA:177,72
DA:180,8
DA:181,1
DA:182,1
DA:185,7
DA:188,7
DA:189,7
DA:190,1
DA:191,1
DA:195,7
DA:196,7
DA:199,4
DA:200,3
DA:201,3
DA:203,3
LF:104
LH:103
BRDA:57,0,0,0
BRDA:59,1,0,2
BRDA:60,2,0,2
BRDA:62,3,0,7
BRDA:62,3,1,12
BRDA:62,4,0,19
BRDA:62,4,1,19
BRDA:70,5,0,5
BRDA:70,5,1,7
BRDA:77,6,0,5
BRDA:77,6,1,1
BRDA:83,7,0,4
BRDA:83,7,1,2
BRDA:93,8,0,9
BRDA:93,8,1,2
BRDA:99,9,0,0
BRDA:99,9,1,11
BRDA:112,10,0,4
BRDA:112,10,1,3
BRDA:122,11,0,1
BRDA:122,11,1,1
BRDA:142,12,0,3
BRDA:142,12,1,8
BRDA:148,13,0,10
BRDA:148,13,1,1
BRDA:149,14,0,11
BRDA:149,14,1,10
BRDA:154,15,0,5
BRDA:154,15,1,11
BRDA:162,16,0,10
BRDA:162,16,1,1
BRDA:180,17,0,1
BRDA:180,17,1,7
BRDA:180,18,0,8
BRDA:180,18,1,7
BRDA:189,19,0,1
BRDA:189,19,1,6
BRDA:195,20,0,4
BRDA:195,20,1,3
BRDA:196,21,0,7
BRDA:196,21,1,6
BRDA:199,22,0,2
BRF:42
BRH:40
end_of_record
TN:
SF:/Users/Trav/Projects/resume-static-aws/src/tictactoe/Models/index.js
FNF:0
FNH:0
LF:0
LH:0
BRF:0
BRH:0
end_of_record
TN:
SF:/Users/Trav/Projects/resume-static-aws/src/twitchtv/index.js
FN:5,(anonymous_0)
FNF:1
FNH:1
FNDA:4,(anonymous_0)
DA:4,1
DA:5,1
DA:7,4
DA:10,4
DA:25,4
DA:30,4
DA:35,4
LF:7
LH:7
BRDA:4,0,0,1
BRDA:4,0,1,0
BRF:2
BRH:1
end_of_record
TN:
SF:/Users/Trav/Projects/resume-static-aws/src/twitchtv/index.pug
FNF:0
FNH:0
DA:1,1
LF:1
LH:1
BRF:0
BRH:0
end_of_record
TN:
SF:/Users/Trav/Projects/resume-static-aws/src/twitchtv/Api/Api.js
FN:24,(anonymous_0)
FN:27,(anonymous_1)
FN:33,(anonymous_2)
FN:44,(anonymous_3)
FN:53,(anonymous_4)
FN:63,(anonymous_5)
FN:66,(anonymous_6)
FN:71,(anonymous_7)
FN:72,(anonymous_8)
FN:76,(anonymous_9)
FN:89,(anonymous_10)
FNF:11
FNH:11
FNDA:8,(anonymous_0)
FNDA:8,(anonymous_1)
FNDA:5,(anonymous_2)
FNDA:11,(anonymous_3)
FNDA:25,(anonymous_4)
FNDA:7,(anonymous_5)
FNDA:1,(anonymous_6)
FNDA:3,(anonymous_7)
FNDA:10,(anonymous_8)
FNDA:3,(anonymous_9)
FNDA:1,(anonymous_10)
DA:15,1
DA:17,1
DA:22,1
DA:24,1
DA:25,8
DA:28,8
DA:29,8
DA:30,3
DA:33,1
DA:37,5
DA:39,5
DA:44,1
DA:45,11
DA:46,2
DA:47,2
DA:49,9
DA:51,9
DA:52,1
DA:53,25
DA:54,8
DA:55,5
DA:56,5
DA:58,3
DA:59,3
DA:63,1
DA:64,7
DA:67,1
DA:68,1
DA:71,1
DA:72,3
DA:73,10
DA:75,3
DA:76,3
DA:77,1
DA:79,2
DA:81,7
DA:82,1
DA:84,6
DA:85,6
DA:89,1
DA:90,1
LF:41
LH:41
BRDA:29,0,0,5
BRDA:29,0,1,3
BRDA:29,1,0,8
BRDA:29,1,1,5
BRDA:39,2,0,2
BRDA:39,2,1,3
BRDA:45,3,0,2
BRDA:45,3,1,9
BRDA:51,4,0,1
BRDA:51,4,1,8
BRDA:54,5,0,5
BRDA:54,5,1,3
BRDA:73,6,0,3
BRDA:73,6,1,7
BRDA:76,7,0,1
BRDA:76,7,1,2
BRDA:76,8,0,3
BRDA:76,8,1,2
BRDA:81,9,0,1
BRDA:81,9,1,6
BRF:20
BRH:20
end_of_record
TN:
SF:/Users/Trav/Projects/resume-static-aws/src/twitchtv/Api/index.js
FNF:0
FNH:0
LF:0
LH:0
BRF:0
BRH:0
end_of_record
TN:
SF:/Users/Trav/Projects/resume-static-aws/src/twitchtv/Assets/tile.html
FNF:0
FNH:0
DA:2,1
LF:1
LH:1
BRF:0
BRH:0
end_of_record
TN:
SF:/Users/Trav/Projects/resume-static-aws/src/twitchtv/Handlers/Handlers.js
FN:8,(anonymous_0)
FN:8,(anonymous_1)
FN:9,(anonymous_2)
FN:20,(anonymous_3)
FN:28,(anonymous_4)
FN:32,(anonymous_5)
FN:68,(anonymous_6)
FN:81,(anonymous_7)
FN:99,(anonymous_8)
FN:107,(anonymous_9)
FN:121,(anonymous_10)
FN:127,(anonymous_11)
FN:132,(anonymous_12)
FN:136,(anonymous_13)
FN:160,(anonymous_14)
FN:160,(anonymous_15)
FNF:16
FNH:16
FNDA:1,(anonymous_0)
FNDA:1,(anonymous_1)
FNDA:2,(anonymous_2)
FNDA:4,(anonymous_3)
FNDA:4,(anonymous_4)
FNDA:4,(anonymous_5)
FNDA:17,(anonymous_6)
FNDA:11,(anonymous_7)
FNDA:11,(anonymous_8)
FNDA:11,(anonymous_9)
FNDA:6,(anonymous_10)
FNDA:1,(anonymous_11)
FNDA:6,(anonymous_12)
FNDA:9,(anonymous_13)
FNDA:5,(anonymous_14)
FNDA:5,(anonymous_15)
DA:5,1
DA:8,1
DA:9,1
DA:10,2
DA:20,1
DA:21,4
DA:23,4
DA:28,1
DA:32,4
DA:37,4
DA:39,1
DA:40,1
DA:41,1
DA:42,1
DA:45,1
DA:46,1
DA:47,1
DA:48,1
DA:51,1
DA:52,1
DA:53,1
DA:54,1
DA:57,1
DA:58,1
DA:59,1
DA:60,1
DA:63,4
DA:64,4
DA:65,4
DA:68,1
DA:69,17
DA:70,17
DA:72,17
DA:81,1
DA:86,11
DA:87,11
DA:88,11
DA:90,11
DA:91,6
DA:95,5
DA:99,1
DA:100,11
DA:101,6
DA:103,5
DA:107,1
DA:113,11
DA:114,6
DA:115,6
DA:117,5
DA:121,1
DA:126,6
DA:127,6
DA:128,1
DA:132,1
DA:136,6
DA:137,9
DA:139,9
DA:141,5
DA:142,5
DA:144,5
DA:145,5
DA:146,5
DA:147,5
DA:148,5
DA:151,4
DA:152,4
DA:153,4
DA:154,4
DA:157,9
DA:160,5
DA:163,5
DA:164,5
DA:167,5
DA:168,5
DA:169,5
DA:170,5
DA:172,5
DA:173,5
DA:174,4
DA:175,4
DA:176,4
DA:178,1
DA:180,1
LF:83
LH:83
BRDA:23,0,0,2
BRDA:23,0,1,2
BRDA:23,1,0,4
BRDA:23,1,1,3
BRDA:37,2,0,1
BRDA:37,2,1,1
BRDA:37,2,2,1
BRDA:37,2,3,1
BRDA:86,3,0,11
BRDA:86,3,1,0
BRDA:88,4,0,6
BRDA:88,4,1,5
BRDA:90,5,0,6
BRDA:90,5,1,5
BRDA:100,6,0,6
BRDA:100,6,1,5
BRDA:113,7,0,6
BRDA:113,7,1,5
BRDA:113,8,0,11
BRDA:113,8,1,7
BRDA:113,8,2,6
BRDA:126,9,0,6
BRDA:126,9,1,6
BRDA:126,9,2,6
BRDA:126,9,3,6
BRDA:139,10,0,5
BRDA:139,10,1,4
BRDA:164,11,0,1
BRDA:164,11,1,4
BRF:29
BRH:28
end_of_record
TN:
SF:/Users/Trav/Projects/resume-static-aws/src/twitchtv/Handlers/index.js
FNF:0
FNH:0
LF:0
LH:0
BRF:0
BRH:0
end_of_record
TN:
SF:/Users/Trav/Projects/resume-static-aws/src/twitchtv/Models/index.js
FN:4,(anonymous_0)
FNF:1
FNH:1
FNDA:5,(anonymous_0)
DA:4,1
DA:5,5
DA:8,1
DA:9,1
DA:10,1
LF:5
LH:5
BRF:0
BRH:0
end_of_record
TN:
SF:/Users/Trav/Projects/resume-static-aws/src/wikiviewer/index.js
FN:12,(anonymous_0)
FNF:1
FNH:1
FNDA:3,(anonymous_0)
DA:11,1
DA:12,1
DA:13,3
DA:16,3
DA:19,3
DA:20,3
DA:21,3
DA:22,3
DA:24,3
DA:26,3
DA:28,3
DA:29,3
DA:30,3
LF:13
LH:13
BRDA:11,0,0,1
BRDA:11,0,1,0
BRF:2
BRH:1
end_of_record
TN:
SF:/Users/Trav/Projects/resume-static-aws/src/wikiviewer/index.pug
FNF:0
FNH:0
DA:1,2
LF:1
LH:1
BRF:0
BRH:0
end_of_record
TN:
SF:/Users/Trav/Projects/resume-static-aws/src/wikiviewer/Api/Api.js
FN:11,(anonymous_0)
FN:16,(anonymous_1)
FN:28,(anonymous_2)
FNF:3
FNH:3
FNDA:2,(anonymous_0)
FNDA:2,(anonymous_1)
FNDA:1,(anonymous_2)
DA:8,1
DA:9,1
DA:11,1
DA:12,2
DA:13,2
DA:16,1
DA:17,2
DA:19,2
DA:25,2
DA:29,1
DA:30,1
LF:11
LH:11
BRF:0
BRH:0
end_of_record
TN:
SF:/Users/Trav/Projects/resume-static-aws/src/wikiviewer/Api/index.js
FNF:0
FNH:0
LF:0
LH:0
BRF:0
BRH:0
end_of_record
TN:
SF:/Users/Trav/Projects/resume-static-aws/src/wikiviewer/Assets/tile.html
FNF:0
FNH:0
DA:2,1
LF:1
LH:1
BRF:0
BRH:0
end_of_record
TN:
SF:/Users/Trav/Projects/resume-static-aws/src/wikiviewer/Handlers/WikiViewer.js
FN:7,(anonymous_0)
FN:7,(anonymous_1)
FN:9,(anonymous_2)
FN:11,(anonymous_3)
FN:11,(anonymous_4)
FN:41,(anonymous_5)
FN:49,(anonymous_6)
FN:76,(anonymous_7)
FN:92,(anonymous_8)
FN:92,(anonymous_9)
FN:95,(anonymous_10)
FN:95,(anonymous_11)
FNF:12
FNH:12
FNDA:1,(anonymous_0)
FNDA:1,(anonymous_1)
FNDA:3,(anonymous_2)
FNDA:4,(anonymous_3)
FNDA:4,(anonymous_4)
FNDA:4,(anonymous_5)
FNDA:22,(anonymous_6)
FNDA:5,(anonymous_7)
FNDA:2,(anonymous_8)
FNDA:2,(anonymous_9)
FNDA:2,(anonymous_10)
FNDA:2,(anonymous_11)
DA:7,1
DA:8,1
DA:9,3
DA:11,4
DA:13,4
DA:15,1
DA:16,1
DA:17,1
DA:18,1
DA:20,1
DA:21,1
DA:22,1
DA:23,1
DA:25,1
DA:26,1
DA:27,1
DA:28,1
DA:30,1
DA:31,1
DA:32,1
DA:33,1
DA:36,4
DA:37,4
DA:38,4
DA:41,1
DA:46,4
DA:47,4
DA:49,4
DA:50,22
DA:51,22
DA:58,22
DA:60,22
DA:61,22
DA:62,22
DA:64,22
DA:69,22
DA:72,4
DA:73,4
DA:76,1
DA:81,5
DA:82,3
DA:83,3
DA:85,3
DA:86,2
DA:88,1
DA:92,2
DA:93,2
DA:95,2
DA:98,2
LF:49
LH:49
BRDA:13,0,0,1
BRDA:13,0,1,1
BRDA:13,0,2,1
BRDA:13,0,3,1
BRDA:46,1,0,1
BRDA:46,1,1,3
BRDA:81,2,0,2
BRDA:81,2,1,3
BRDA:85,3,0,2
BRDA:85,3,1,1
BRDA:98,4,0,1
BRDA:98,4,1,1
BRF:12
BRH:12
end_of_record
TN:
SF:/Users/Trav/Projects/resume-static-aws/src/wikiviewer/Handlers/index.js
FNF:0
FNH:0
LF:0
LH:0
BRF:0
BRH:0
end_of_record
TN:
SF:/Users/Trav/Projects/resume-static-aws/src/wikiviewer/Models/constants.js
FNF:0
FNH:0
DA:3,1
DA:5,1
LF:2
LH:2
BRF:0
BRH:0
end_of_record
TN:
SF:/Users/Trav/Projects/resume-static-aws/src/wikiviewer/Models/index.js
FNF:0
FNH:0
LF:0
LH:0
BRF:0
BRH:0
end_of_record
